#
# There is insufficient memory for the Java Runtime Environment to continue.
# Native memory allocation (malloc) failed to allocate 32784 bytes for Chunk::new
# Possible reasons:
#   The system is out of physical RAM or swap space
#   The process is running with CompressedOops enabled, and the Java Heap may be blocking the growth of the native heap
# Possible solutions:
#   Reduce memory load on the system
#   Increase physical memory or swap space
#   Check if swap backing store is full
#   Decrease Java heap size (-Xmx/-Xms)
#   Decrease number of Java threads
#   Decrease Java thread stack sizes (-Xss)
#   Set larger code cache with -XX:ReservedCodeCacheSize=
#   JVM is running with Unscaled Compressed Oops mode in which the Java heap is
#     placed in the first 4GB address space. The Java Heap base address is the
#     maximum limit for the native heap growth. Please use -XX:HeapBaseMinAddress
#     to set the Java Heap base and to place the Java Heap above 4GB virtual address.
# This output file may be truncated or incomplete.
#
#  Out of Memory Error (./src/hotspot/share/memory/arena.cpp:197), pid=217472, tid=221220
#
# JRE version: OpenJDK Runtime Environment (11.0.13) (build 11.0.13+0-b1751.21-8125866)
# Java VM: OpenJDK 64-Bit Server VM (11.0.13+0-b1751.21-8125866, mixed mode, tiered, compressed oops, g1 gc, windows-amd64)
# No core dump will be written. Minidumps are not enabled by default on client versions of Windows
#

---------------  S U M M A R Y ------------

Command Line: --add-opens=java.base/java.util=ALL-UNNAMED --add-opens=java.base/java.lang=ALL-UNNAMED --add-opens=java.base/java.lang.invoke=ALL-UNNAMED --add-opens=java.prefs/java.util.prefs=ALL-UNNAMED -Xmx2048m -Dfile.encoding=UTF-8 -Duser.country=IN -Duser.language=en -Duser.variant org.gradle.launcher.daemon.bootstrap.GradleDaemon 6.7

Host: 11th Gen Intel(R) Core(TM) i3-1115G4 @ 3.00GHz, 4 cores, 7G,  Windows 11 , 64 bit Build 22000 (10.0.22000.1335)
Time: Wed Jan 25 17:52:26 2023 India Standard Time elapsed time: 482.030815 seconds (0d 0h 8m 2s)

---------------  T H R E A D  ---------------

Current thread (0x000001f27e7a4000):  JavaThread "C2 CompilerThread0" daemon [_thread_in_native, id=221220, stack(0x000000cb50c00000,0x000000cb50d00000)]


Current CompileTask:
C2: 482031 28594 %     4       com.android.tools.r8.ir.regalloc.a::a @ 2154 (3992 bytes)

Stack: [0x000000cb50c00000,0x000000cb50d00000]
Native frames: (J=compiled Java code, j=interpreted, Vv=VM code, C=native code)
V  [jvm.dll+0x6100fa]
V  [jvm.dll+0x747090]
V  [jvm.dll+0x7486ad]
V  [jvm.dll+0x748d83]
V  [jvm.dll+0x24ab48]
V  [jvm.dll+0xc04dc]
V  [jvm.dll+0xc0a0c]
V  [jvm.dll+0xc060c]
V  [jvm.dll+0x5eed90]
V  [jvm.dll+0x19c788]
V  [jvm.dll+0x5b56d6]
V  [jvm.dll+0x1984bb]
V  [jvm.dll+0x63dff5]
V  [jvm.dll+0x63ddf4]
V  [jvm.dll+0x1988af]
V  [jvm.dll+0x63dff5]
V  [jvm.dll+0x63ce1d]
V  [jvm.dll+0x2046f2]
V  [jvm.dll+0x2023c2]
V  [jvm.dll+0x188e01]
V  [jvm.dll+0x21106b]
V  [jvm.dll+0x20f8c1]
V  [jvm.dll+0x70de0f]
V  [jvm.dll+0x706a75]
V  [jvm.dll+0x60ed66]
C  [ucrtbase.dll+0x26c0c]
C  [KERNEL32.DLL+0x155a0]
C  [ntdll.dll+0x485b]


---------------  P R O C E S S  ---------------

Threads class SMR info:
_java_thread_list=0x000001f21603d430, length=51, elements={
0x000001f273b7d800, 0x000001f27e77d800, 0x000001f27e789000, 0x000001f27f112800,
0x000001f27e79e000, 0x000001f27e79f000, 0x000001f27e7a4000, 0x000001f27e7a9000,
0x000001f27e7aa800, 0x000001f27f24b800, 0x000001f20fe50800, 0x000001f21013c800,
0x000001f210008800, 0x000001f20fe71800, 0x000001f20f9dd800, 0x000001f20fd93000,
0x000001f20fd94800, 0x000001f20fd92000, 0x000001f20fd8f800, 0x000001f27fb83800,
0x000001f211ddf800, 0x000001f211dde000, 0x000001f211dde800, 0x000001f211de2000,
0x000001f211de6000, 0x000001f211de3800, 0x000001f211de2800, 0x000001f211de7800,
0x000001f211de8800, 0x000001f211de4800, 0x000001f211de9000, 0x000001f211de7000,
0x000001f211dea000, 0x000001f211deb000, 0x000001f211dec800, 0x000001f211ded800,
0x000001f211def000, 0x000001f211df0000, 0x000001f211deb800, 0x000001f211df4000,
0x000001f20fd8e800, 0x000001f27fb85800, 0x000001f27fb7f800, 0x000001f27fb89800,
0x000001f27fb88800, 0x000001f27fb8a000, 0x000001f27fb86000, 0x000001f27fb8c800,
0x000001f27fb87800, 0x000001f27fb8b000, 0x000001f211dd8000
}

Java Threads: ( => current thread )
  0x000001f273b7d800 JavaThread "main" [_thread_blocked, id=209544, stack(0x000000cb50000000,0x000000cb50100000)]
  0x000001f27e77d800 JavaThread "Reference Handler" daemon [_thread_blocked, id=213144, stack(0x000000cb50700000,0x000000cb50800000)]
  0x000001f27e789000 JavaThread "Finalizer" daemon [_thread_blocked, id=221264, stack(0x000000cb50800000,0x000000cb50900000)]
  0x000001f27f112800 JavaThread "Signal Dispatcher" daemon [_thread_blocked, id=221584, stack(0x000000cb50900000,0x000000cb50a00000)]
  0x000001f27e79e000 JavaThread "Attach Listener" daemon [_thread_blocked, id=221680, stack(0x000000cb50a00000,0x000000cb50b00000)]
  0x000001f27e79f000 JavaThread "Service Thread" daemon [_thread_blocked, id=221064, stack(0x000000cb50b00000,0x000000cb50c00000)]
=>0x000001f27e7a4000 JavaThread "C2 CompilerThread0" daemon [_thread_in_native, id=221220, stack(0x000000cb50c00000,0x000000cb50d00000)]
  0x000001f27e7a9000 JavaThread "C1 CompilerThread0" daemon [_thread_blocked, id=221384, stack(0x000000cb50d00000,0x000000cb50e00000)]
  0x000001f27e7aa800 JavaThread "Sweeper thread" daemon [_thread_blocked, id=221752, stack(0x000000cb50e00000,0x000000cb50f00000)]
  0x000001f27f24b800 JavaThread "Common-Cleaner" daemon [_thread_blocked, id=221460, stack(0x000000cb50f00000,0x000000cb51000000)]
  0x000001f20fe50800 JavaThread "Daemon health stats" [_thread_blocked, id=221196, stack(0x000000cb51300000,0x000000cb51400000)]
  0x000001f21013c800 JavaThread "Incoming local TCP Connector on port 50168" [_thread_in_native, id=219180, stack(0x000000cb51600000,0x000000cb51700000)]
  0x000001f210008800 JavaThread "Daemon periodic checks" [_thread_blocked, id=220640, stack(0x000000cb51700000,0x000000cb51800000)]
  0x000001f20fe71800 JavaThread "Daemon" [_thread_blocked, id=201872, stack(0x000000cb51800000,0x000000cb51900000)]
  0x000001f20f9dd800 JavaThread "Daemon worker" [_thread_blocked, id=219488, stack(0x000000cb51b00000,0x000000cb51c00000)]
  0x000001f20fd93000 JavaThread "Cache worker for file hash cache (C:\Users\pc\.gradle\caches\6.7\fileHashes)" [_thread_blocked, id=203148, stack(0x000000cb52000000,0x000000cb52100000)]
  0x000001f20fd94800 JavaThread "File lock request listener" [_thread_in_native, id=215436, stack(0x000000cb52100000,0x000000cb52200000)]
  0x000001f20fd92000 JavaThread "Cache worker for journal cache (C:\Users\pc\.gradle\caches\journal-1)" [_thread_blocked, id=221508, stack(0x000000cb52200000,0x000000cb52300000)]
  0x000001f20fd8f800 JavaThread "Cache worker for execution history cache (C:\Users\pc\.gradle\caches\6.7\executionHistory)" [_thread_in_Java, id=221956, stack(0x000000cb52700000,0x000000cb52800000)]
  0x000001f27fb83800 JavaThread "Cache worker for file content cache (C:\Users\pc\.gradle\caches\6.7\fileContent)" [_thread_blocked, id=218684, stack(0x000000cb52900000,0x000000cb52a00000)]
  0x000001f211ddf800 JavaThread "Memory manager" [_thread_blocked, id=219384, stack(0x000000cb5c800000,0x000000cb5c900000)]
  0x000001f211dde000 JavaThread "Handler for socket connection from /127.0.0.1:50168 to /127.0.0.1:50190" [_thread_in_native, id=220252, stack(0x000000cb4fd00000,0x000000cb4fe00000)]
  0x000001f211dde800 JavaThread "Cancel handler" [_thread_blocked, id=199032, stack(0x000000cb4fe00000,0x000000cb4ff00000)]
  0x000001f211de2000 JavaThread "Asynchronous log dispatcher for DefaultDaemonConnection: socket connection from /127.0.0.1:50168 to /127.0.0.1:50190" [_thread_blocked, id=206312, stack(0x000000cb4ff00000,0x000000cb50000000)]
  0x000001f211de6000 JavaThread "Thread-185" [_thread_blocked, id=221304, stack(0x000000cb51a00000,0x000000cb51b00000)]
  0x000001f211de3800 JavaThread "Cache worker for file hash cache (D:\workspace\ApolloPharmacyVishwam\.gradle\6.7\fileHashes)" [_thread_blocked, id=222152, stack(0x000000cb51c00000,0x000000cb51d00000)]
  0x000001f211de2800 JavaThread "Cache worker for checksums cache (D:\workspace\ApolloPharmacyVishwam\.gradle\checksums)" [_thread_blocked, id=218016, stack(0x000000cb51d00000,0x000000cb51e00000)]
  0x000001f211de7800 JavaThread "Cache worker for cache directory md-supplier (C:\Users\pc\.gradle\caches\6.7\md-supplier)" [_thread_blocked, id=219788, stack(0x000000cb51e00000,0x000000cb51f00000)]
  0x000001f211de8800 JavaThread "Cache worker for cache directory md-rule (C:\Users\pc\.gradle\caches\6.7\md-rule)" [_thread_blocked, id=221968, stack(0x000000cb52300000,0x000000cb52400000)]
  0x000001f211de4800 JavaThread "Cache worker for Build Output Cleanup Cache (D:\workspace\ApolloPharmacyVishwam\.gradle\buildOutputCleanup)" [_thread_blocked, id=221476, stack(0x000000cb52400000,0x000000cb52500000)]
  0x000001f211de9000 JavaThread "Build operations" [_thread_in_Java, id=219608, stack(0x000000cb52500000,0x000000cb52600000)]
  0x000001f211de7000 JavaThread "Build operations Thread 2" [_thread_blocked, id=222032, stack(0x000000cb52600000,0x000000cb52700000)]
  0x000001f211dea000 JavaThread "Build operations Thread 3" [_thread_in_Java, id=220304, stack(0x000000cb52a00000,0x000000cb52b00000)]
  0x000001f211deb000 JavaThread "Build operations Thread 4" [_thread_blocked, id=220036, stack(0x000000cb52b00000,0x000000cb52c00000)]
  0x000001f211dec800 JavaThread "Execution worker for ':'" [_thread_blocked, id=220784, stack(0x000000cb52c00000,0x000000cb52d00000)]
  0x000001f211ded800 JavaThread "Execution worker for ':' Thread 2" [_thread_blocked, id=221244, stack(0x000000cb52d00000,0x000000cb52e00000)]
  0x000001f211def000 JavaThread "Execution worker for ':' Thread 3" [_thread_in_vm, id=206764, stack(0x000000cb52e00000,0x000000cb52f00000)]
  0x000001f211df0000 JavaThread "Cache worker for execution history cache (D:\workspace\ApolloPharmacyVishwam\.gradle\6.7\executionHistory)" [_thread_blocked, id=220244, stack(0x000000cb5c900000,0x000000cb5ca00000)]
  0x000001f211deb800 JavaThread "WorkerExecutor Queue" [_thread_in_native, id=220352, stack(0x000000cb5ca00000,0x000000cb5cb00000)]
  0x000001f211df4000 JavaThread "Java2D Disposer" daemon [_thread_blocked, id=219688, stack(0x000000cb5d200000,0x000000cb5d300000)]
  0x000001f20fd8e800 JavaThread "ForkJoinPool-1-worker-3" daemon [_thread_blocked, id=218360, stack(0x000000cb5db00000,0x000000cb5dc00000)]
  0x000001f27fb85800 JavaThread "Cache worker for Java compile cache (C:\Users\pc\.gradle\caches\6.7\javaCompile)" [_thread_blocked, id=211984, stack(0x000000cb51500000,0x000000cb51600000)]
  0x000001f27fb7f800 JavaThread "Cache worker for Java compile cache (D:\workspace\ApolloPharmacyVishwam\.gradle\6.7\javaCompile)" [_thread_blocked, id=186744, stack(0x000000cb51900000,0x000000cb51a00000)]
  0x000001f27fb89800 JavaThread "WorkerExecutor Queue Thread 8" [_thread_blocked, id=213680, stack(0x000000cb52f00000,0x000000cb53000000)]
  0x000001f27fb88800 JavaThread "WorkerExecutor Queue Thread 11" [_thread_blocked, id=220692, stack(0x000000cb53200000,0x000000cb53300000)]
  0x000001f27fb8a000 JavaThread "WorkerExecutor Queue Thread 12" [_thread_blocked, id=219244, stack(0x000000cb53000000,0x000000cb53100000)]
  0x000001f27fb86000 JavaThread "RMI Scheduler(0)" daemon [_thread_blocked, id=221516, stack(0x000000cb53100000,0x000000cb53200000)]
  0x000001f27fb8c800 JavaThread "RMI GC Daemon" daemon [_thread_blocked, id=219052, stack(0x000000cb53400000,0x000000cb53500000)]
  0x000001f27fb87800 JavaThread "RMI TCP Accept-0" daemon [_thread_in_native, id=221924, stack(0x000000cb53500000,0x000000cb53600000)]
  0x000001f27fb8b000 JavaThread "RMI Reaper" [_thread_blocked, id=205064, stack(0x000000cb53600000,0x000000cb53700000)]
  0x000001f211dd8000 JavaThread "RMI TCP Connection(idle)" daemon [_thread_blocked, id=221444, stack(0x000000cb53800000,0x000000cb53900000)]

Other Threads:
  0x000001f27e779800 VMThread "VM Thread" [stack: 0x000000cb50600000,0x000000cb50700000] [id=221452]
  0x000001f27f279800 WatcherThread [stack: 0x000000cb51000000,0x000000cb51100000] [id=221868]
  0x000001f273b95800 GCTaskThread "GC Thread#0" [stack: 0x000000cb50100000,0x000000cb50200000] [id=217448]
  0x000001f27f524800 GCTaskThread "GC Thread#1" [stack: 0x000000cb51100000,0x000000cb51200000] [id=79996]
  0x000001f27fb24800 GCTaskThread "GC Thread#2" [stack: 0x000000cb51200000,0x000000cb51300000] [id=221660]
  0x000001f20faec800 GCTaskThread "GC Thread#3" [stack: 0x000000cb51f00000,0x000000cb52000000] [id=220096]
  0x000001f273bc8800 ConcurrentGCThread "G1 Main Marker" [stack: 0x000000cb50200000,0x000000cb50300000] [id=204160]
  0x000001f273bca800 ConcurrentGCThread "G1 Conc#0" [stack: 0x000000cb50300000,0x000000cb50400000] [id=220592]
  0x000001f273c59800 ConcurrentGCThread "G1 Refine#0" [stack: 0x000000cb50400000,0x000000cb50500000] [id=221524]
  0x000001f273c5c800 ConcurrentGCThread "G1 Young RemSet Sampling" [stack: 0x000000cb50500000,0x000000cb50600000] [id=196460]

Threads with active compile tasks:
C2 CompilerThread0 482069 28594 %     4       com.android.tools.r8.ir.regalloc.a::a @ 2154 (3992 bytes)
C1 CompilerThread0 482069 28618       2       com.android.tools.r8.q.a.a.b.J::a (176 bytes)

VM state:not at safepoint (normal execution)

VM Mutex/Monitor currently owned by a thread: None

OutOfMemory and StackOverflow Exception counts:
OutOfMemoryError java_heap_errors=1
LinkageErrors=214

Heap address: 0x0000000080000000, size: 2048 MB, Compressed Oops mode: 32-bit
Narrow klass base: 0x0000000000000000, Narrow klass shift: 3
Compressed class space size: 1073741824 Address: 0x0000000100000000

Heap:
 garbage-first heap   total 359424K, used 189982K [0x0000000080000000, 0x0000000100000000)
  region size 1024K, 22 young (22528K), 6 survivors (6144K)
 Metaspace       used 143012K, capacity 146928K, committed 147408K, reserved 1177600K
  class space    used 17147K, capacity 18576K, committed 18816K, reserved 1048576K
Heap Regions: E=young(eden), S=young(survivor), O=old, HS=humongous(starts), HC=humongous(continues), CS=collection set, F=free, A=archive, TAMS=top-at-mark-start (previous, next)
|   0|0x0000000080000000, 0x0000000080100000, 0x0000000080100000|100%| O|  |TAMS 0x0000000080100000, 0x0000000080000000| Untracked 
|   1|0x0000000080100000, 0x0000000080200000, 0x0000000080200000|100%| O|  |TAMS 0x0000000080200000, 0x0000000080100000| Untracked 
|   2|0x0000000080200000, 0x0000000080300000, 0x0000000080300000|100%| O|  |TAMS 0x0000000080300000, 0x0000000080200000| Untracked 
|   3|0x0000000080300000, 0x0000000080400000, 0x0000000080400000|100%|HS|  |TAMS 0x0000000080400000, 0x0000000080300000| Complete 
|   4|0x0000000080400000, 0x0000000080500000, 0x0000000080500000|100%|HC|  |TAMS 0x0000000080500000, 0x0000000080400000| Complete 
|   5|0x0000000080500000, 0x0000000080600000, 0x0000000080600000|100%|HC|  |TAMS 0x0000000080600000, 0x0000000080500000| Complete 
|   6|0x0000000080600000, 0x0000000080700000, 0x0000000080700000|100%| O|  |TAMS 0x0000000080700000, 0x0000000080600000| Untracked 
|   7|0x0000000080700000, 0x0000000080800000, 0x0000000080800000|100%| O|  |TAMS 0x0000000080800000, 0x0000000080700000| Untracked 
|   8|0x0000000080800000, 0x0000000080900000, 0x0000000080900000|100%| O|  |TAMS 0x0000000080900000, 0x0000000080800000| Untracked 
|   9|0x0000000080900000, 0x0000000080a00000, 0x0000000080a00000|100%| O|  |TAMS 0x0000000080a00000, 0x0000000080900000| Untracked 
|  10|0x0000000080a00000, 0x0000000080b00000, 0x0000000080b00000|100%| O|  |TAMS 0x0000000080b00000, 0x0000000080a00000| Untracked 
|  11|0x0000000080b00000, 0x0000000080c00000, 0x0000000080c00000|100%| O|  |TAMS 0x0000000080c00000, 0x0000000080b00000| Untracked 
|  12|0x0000000080c00000, 0x0000000080d00000, 0x0000000080d00000|100%| O|  |TAMS 0x0000000080d00000, 0x0000000080c00000| Untracked 
|  13|0x0000000080d00000, 0x0000000080e00000, 0x0000000080e00000|100%| O|  |TAMS 0x0000000080e00000, 0x0000000080d00000| Untracked 
|  14|0x0000000080e00000, 0x0000000080f00000, 0x0000000080f00000|100%| O|  |TAMS 0x0000000080f00000, 0x0000000080e00000| Untracked 
|  15|0x0000000080f00000, 0x0000000081000000, 0x0000000081000000|100%| O|  |TAMS 0x0000000081000000, 0x0000000080f00000| Untracked 
|  16|0x0000000081000000, 0x0000000081100000, 0x0000000081100000|100%| O|  |TAMS 0x0000000081100000, 0x0000000081000000| Untracked 
|  17|0x0000000081100000, 0x0000000081200000, 0x0000000081200000|100%| O|  |TAMS 0x0000000081200000, 0x0000000081100000| Untracked 
|  18|0x0000000081200000, 0x0000000081300000, 0x0000000081300000|100%| O|  |TAMS 0x0000000081300000, 0x0000000081200000| Untracked 
|  19|0x0000000081300000, 0x0000000081400000, 0x0000000081400000|100%| O|  |TAMS 0x0000000081400000, 0x0000000081300000| Untracked 
|  20|0x0000000081400000, 0x0000000081500000, 0x0000000081500000|100%| O|  |TAMS 0x0000000081500000, 0x0000000081400000| Untracked 
|  21|0x0000000081500000, 0x0000000081600000, 0x0000000081600000|100%| O|  |TAMS 0x0000000081600000, 0x0000000081500000| Untracked 
|  22|0x0000000081600000, 0x0000000081700000, 0x0000000081700000|100%|HS|  |TAMS 0x0000000081700000, 0x0000000081600000| Complete 
|  23|0x0000000081700000, 0x0000000081800000, 0x0000000081800000|100%|HS|  |TAMS 0x0000000081800000, 0x0000000081700000| Complete 
|  24|0x0000000081800000, 0x0000000081900000, 0x0000000081900000|100%|HC|  |TAMS 0x0000000081900000, 0x0000000081800000| Complete 
|  25|0x0000000081900000, 0x0000000081a00000, 0x0000000081a00000|100%|HC|  |TAMS 0x0000000081a00000, 0x0000000081900000| Complete 
|  26|0x0000000081a00000, 0x0000000081b00000, 0x0000000081b00000|100%|HS|  |TAMS 0x0000000081b00000, 0x0000000081a00000| Complete 
|  27|0x0000000081b00000, 0x0000000081c00000, 0x0000000081c00000|100%|HC|  |TAMS 0x0000000081c00000, 0x0000000081b00000| Complete 
|  28|0x0000000081c00000, 0x0000000081d00000, 0x0000000081d00000|100%| O|  |TAMS 0x0000000081d00000, 0x0000000081c00000| Untracked 
|  29|0x0000000081d00000, 0x0000000081e00000, 0x0000000081e00000|100%| O|  |TAMS 0x0000000081e00000, 0x0000000081d00000| Untracked 
|  30|0x0000000081e00000, 0x0000000081f00000, 0x0000000081f00000|100%| O|  |TAMS 0x0000000081f00000, 0x0000000081e00000| Untracked 
|  31|0x0000000081f00000, 0x0000000082000000, 0x0000000082000000|100%| O|  |TAMS 0x0000000082000000, 0x0000000081f00000| Untracked 
|  32|0x0000000082000000, 0x0000000082100000, 0x0000000082100000|100%| O|  |TAMS 0x0000000082100000, 0x0000000082000000| Untracked 
|  33|0x0000000082100000, 0x0000000082200000, 0x0000000082200000|100%| O|  |TAMS 0x0000000082200000, 0x0000000082100000| Untracked 
|  34|0x0000000082200000, 0x0000000082300000, 0x0000000082300000|100%| O|  |TAMS 0x0000000082300000, 0x0000000082200000| Untracked 
|  35|0x0000000082300000, 0x0000000082400000, 0x0000000082400000|100%| O|  |TAMS 0x0000000082400000, 0x0000000082300000| Untracked 
|  36|0x0000000082400000, 0x0000000082500000, 0x0000000082500000|100%| O|  |TAMS 0x0000000082500000, 0x0000000082400000| Untracked 
|  37|0x0000000082500000, 0x0000000082600000, 0x0000000082600000|100%| O|  |TAMS 0x0000000082600000, 0x0000000082500000| Untracked 
|  38|0x0000000082600000, 0x0000000082700000, 0x0000000082700000|100%| O|  |TAMS 0x0000000082700000, 0x0000000082600000| Untracked 
|  39|0x0000000082700000, 0x0000000082800000, 0x0000000082800000|100%| O|  |TAMS 0x0000000082800000, 0x0000000082700000| Untracked 
|  40|0x0000000082800000, 0x0000000082900000, 0x0000000082900000|100%| O|  |TAMS 0x0000000082900000, 0x0000000082800000| Untracked 
|  41|0x0000000082900000, 0x0000000082a00000, 0x0000000082a00000|100%| O|  |TAMS 0x0000000082a00000, 0x0000000082900000| Untracked 
|  42|0x0000000082a00000, 0x0000000082b00000, 0x0000000082b00000|100%| O|  |TAMS 0x0000000082b00000, 0x0000000082a00000| Untracked 
|  43|0x0000000082b00000, 0x0000000082c00000, 0x0000000082c00000|100%| O|  |TAMS 0x0000000082c00000, 0x0000000082b00000| Untracked 
|  44|0x0000000082c00000, 0x0000000082d00000, 0x0000000082d00000|100%| O|  |TAMS 0x0000000082d00000, 0x0000000082c00000| Untracked 
|  45|0x0000000082d00000, 0x0000000082e00000, 0x0000000082e00000|100%| O|  |TAMS 0x0000000082e00000, 0x0000000082d00000| Untracked 
|  46|0x0000000082e00000, 0x0000000082f00000, 0x0000000082f00000|100%| O|  |TAMS 0x0000000082f00000, 0x0000000082e00000| Untracked 
|  47|0x0000000082f00000, 0x0000000083000000, 0x0000000083000000|100%| O|  |TAMS 0x0000000083000000, 0x0000000082f00000| Untracked 
|  48|0x0000000083000000, 0x0000000083100000, 0x0000000083100000|100%| O|  |TAMS 0x0000000083100000, 0x0000000083000000| Untracked 
|  49|0x0000000083100000, 0x0000000083200000, 0x0000000083200000|100%| O|  |TAMS 0x0000000083200000, 0x0000000083100000| Untracked 
|  50|0x0000000083200000, 0x0000000083300000, 0x0000000083300000|100%| O|  |TAMS 0x0000000083300000, 0x0000000083200000| Untracked 
|  51|0x0000000083300000, 0x0000000083400000, 0x0000000083400000|100%| O|  |TAMS 0x0000000083400000, 0x0000000083300000| Untracked 
|  52|0x0000000083400000, 0x0000000083500000, 0x0000000083500000|100%| O|  |TAMS 0x0000000083500000, 0x0000000083400000| Untracked 
|  53|0x0000000083500000, 0x0000000083600000, 0x0000000083600000|100%| O|  |TAMS 0x0000000083600000, 0x0000000083500000| Untracked 
|  54|0x0000000083600000, 0x0000000083700000, 0x0000000083700000|100%| O|  |TAMS 0x0000000083700000, 0x0000000083600000| Untracked 
|  55|0x0000000083700000, 0x0000000083800000, 0x0000000083800000|100%| O|  |TAMS 0x0000000083800000, 0x0000000083700000| Untracked 
|  56|0x0000000083800000, 0x0000000083900000, 0x0000000083900000|100%| O|  |TAMS 0x0000000083900000, 0x0000000083800000| Untracked 
|  57|0x0000000083900000, 0x0000000083a00000, 0x0000000083a00000|100%| O|  |TAMS 0x0000000083a00000, 0x0000000083900000| Untracked 
|  58|0x0000000083a00000, 0x0000000083b00000, 0x0000000083b00000|100%| O|  |TAMS 0x0000000083b00000, 0x0000000083a00000| Untracked 
|  59|0x0000000083b00000, 0x0000000083c00000, 0x0000000083c00000|100%| O|  |TAMS 0x0000000083c00000, 0x0000000083b00000| Untracked 
|  60|0x0000000083c00000, 0x0000000083d00000, 0x0000000083d00000|100%| O|  |TAMS 0x0000000083d00000, 0x0000000083c00000| Untracked 
|  61|0x0000000083d00000, 0x0000000083e00000, 0x0000000083e00000|100%| O|  |TAMS 0x0000000083e00000, 0x0000000083d00000| Untracked 
|  62|0x0000000083e00000, 0x0000000083f00000, 0x0000000083f00000|100%| O|  |TAMS 0x0000000083f00000, 0x0000000083e00000| Untracked 
|  63|0x0000000083f00000, 0x0000000084000000, 0x0000000084000000|100%| O|  |TAMS 0x0000000084000000, 0x0000000083f00000| Untracked 
|  64|0x0000000084000000, 0x0000000084100000, 0x0000000084100000|100%| O|  |TAMS 0x0000000084100000, 0x0000000084000000| Untracked 
|  65|0x0000000084100000, 0x0000000084200000, 0x0000000084200000|100%| O|  |TAMS 0x0000000084200000, 0x0000000084100000| Untracked 
|  66|0x0000000084200000, 0x0000000084300000, 0x0000000084300000|100%| O|  |TAMS 0x0000000084300000, 0x0000000084200000| Untracked 
|  67|0x0000000084300000, 0x0000000084400000, 0x0000000084400000|100%| O|  |TAMS 0x0000000084400000, 0x0000000084300000| Untracked 
|  68|0x0000000084400000, 0x0000000084500000, 0x0000000084500000|100%| O|  |TAMS 0x0000000084500000, 0x0000000084400000| Untracked 
|  69|0x0000000084500000, 0x0000000084600000, 0x0000000084600000|100%| O|  |TAMS 0x0000000084600000, 0x0000000084500000| Untracked 
|  70|0x0000000084600000, 0x0000000084700000, 0x0000000084700000|100%| O|  |TAMS 0x0000000084700000, 0x0000000084600000| Untracked 
|  71|0x0000000084700000, 0x0000000084800000, 0x0000000084800000|100%| O|  |TAMS 0x0000000084800000, 0x0000000084700000| Untracked 
|  72|0x0000000084800000, 0x0000000084900000, 0x0000000084900000|100%| O|  |TAMS 0x0000000084900000, 0x0000000084800000| Untracked 
|  73|0x0000000084900000, 0x0000000084a00000, 0x0000000084a00000|100%| O|  |TAMS 0x0000000084a00000, 0x0000000084900000| Untracked 
|  74|0x0000000084a00000, 0x0000000084b00000, 0x0000000084b00000|100%| O|  |TAMS 0x0000000084b00000, 0x0000000084a00000| Untracked 
|  75|0x0000000084b00000, 0x0000000084c00000, 0x0000000084c00000|100%| O|  |TAMS 0x0000000084c00000, 0x0000000084b00000| Untracked 
|  76|0x0000000084c00000, 0x0000000084d00000, 0x0000000084d00000|100%| O|  |TAMS 0x0000000084d00000, 0x0000000084c00000| Untracked 
|  77|0x0000000084d00000, 0x0000000084e00000, 0x0000000084e00000|100%| O|  |TAMS 0x0000000084e00000, 0x0000000084d00000| Untracked 
|  78|0x0000000084e00000, 0x0000000084f00000, 0x0000000084f00000|100%| O|  |TAMS 0x0000000084f00000, 0x0000000084e00000| Untracked 
|  79|0x0000000084f00000, 0x0000000085000000, 0x0000000085000000|100%| O|  |TAMS 0x0000000085000000, 0x0000000084f00000| Untracked 
|  80|0x0000000085000000, 0x0000000085100000, 0x0000000085100000|100%| O|  |TAMS 0x0000000085100000, 0x0000000085000000| Untracked 
|  81|0x0000000085100000, 0x0000000085200000, 0x0000000085200000|100%| O|  |TAMS 0x0000000085200000, 0x0000000085100000| Untracked 
|  82|0x0000000085200000, 0x0000000085300000, 0x0000000085300000|100%| O|  |TAMS 0x0000000085300000, 0x0000000085200000| Untracked 
|  83|0x0000000085300000, 0x0000000085400000, 0x0000000085400000|100%| O|  |TAMS 0x0000000085400000, 0x0000000085300000| Untracked 
|  84|0x0000000085400000, 0x0000000085500000, 0x0000000085500000|100%| O|  |TAMS 0x0000000085500000, 0x0000000085400000| Untracked 
|  85|0x0000000085500000, 0x0000000085600000, 0x0000000085600000|100%| O|  |TAMS 0x0000000085600000, 0x0000000085500000| Untracked 
|  86|0x0000000085600000, 0x0000000085700000, 0x0000000085700000|100%| O|  |TAMS 0x0000000085700000, 0x0000000085600000| Untracked 
|  87|0x0000000085700000, 0x0000000085800000, 0x0000000085800000|100%| O|  |TAMS 0x0000000085800000, 0x0000000085700000| Untracked 
|  88|0x0000000085800000, 0x0000000085900000, 0x0000000085900000|100%| O|  |TAMS 0x0000000085900000, 0x0000000085800000| Untracked 
|  89|0x0000000085900000, 0x0000000085a00000, 0x0000000085a00000|100%| O|  |TAMS 0x0000000085a00000, 0x0000000085900000| Untracked 
|  90|0x0000000085a00000, 0x0000000085b00000, 0x0000000085b00000|100%| O|  |TAMS 0x0000000085b00000, 0x0000000085a00000| Untracked 
|  91|0x0000000085b00000, 0x0000000085c00000, 0x0000000085c00000|100%| O|  |TAMS 0x0000000085c00000, 0x0000000085b00000| Untracked 
|  92|0x0000000085c00000, 0x0000000085d00000, 0x0000000085d00000|100%| O|  |TAMS 0x0000000085d00000, 0x0000000085c00000| Untracked 
|  93|0x0000000085d00000, 0x0000000085e00000, 0x0000000085e00000|100%| O|  |TAMS 0x0000000085e00000, 0x0000000085d00000| Untracked 
|  94|0x0000000085e00000, 0x0000000085f00000, 0x0000000085f00000|100%| O|  |TAMS 0x0000000085f00000, 0x0000000085e00000| Untracked 
|  95|0x0000000085f00000, 0x0000000086000000, 0x0000000086000000|100%| O|  |TAMS 0x0000000086000000, 0x0000000085f00000| Untracked 
|  96|0x0000000086000000, 0x0000000086100000, 0x0000000086100000|100%| O|  |TAMS 0x0000000086100000, 0x0000000086000000| Untracked 
|  97|0x0000000086100000, 0x0000000086200000, 0x0000000086200000|100%| O|  |TAMS 0x0000000086200000, 0x0000000086100000| Untracked 
|  98|0x0000000086200000, 0x0000000086300000, 0x0000000086300000|100%| O|  |TAMS 0x0000000086300000, 0x0000000086200000| Untracked 
|  99|0x0000000086300000, 0x0000000086400000, 0x0000000086400000|100%| O|  |TAMS 0x0000000086400000, 0x0000000086300000| Untracked 
| 100|0x0000000086400000, 0x0000000086500000, 0x0000000086500000|100%| O|  |TAMS 0x0000000086500000, 0x0000000086400000| Untracked 
| 101|0x0000000086500000, 0x0000000086600000, 0x0000000086600000|100%| O|  |TAMS 0x0000000086600000, 0x0000000086500000| Untracked 
| 102|0x0000000086600000, 0x0000000086700000, 0x0000000086700000|100%| O|  |TAMS 0x0000000086700000, 0x0000000086600000| Untracked 
| 103|0x0000000086700000, 0x0000000086800000, 0x0000000086800000|100%| O|  |TAMS 0x0000000086800000, 0x0000000086700000| Untracked 
| 104|0x0000000086800000, 0x0000000086900000, 0x0000000086900000|100%| O|  |TAMS 0x0000000086900000, 0x0000000086800000| Untracked 
| 105|0x0000000086900000, 0x0000000086a00000, 0x0000000086a00000|100%| O|  |TAMS 0x0000000086a00000, 0x0000000086900000| Untracked 
| 106|0x0000000086a00000, 0x0000000086b00000, 0x0000000086b00000|100%| O|  |TAMS 0x0000000086b00000, 0x0000000086a00000| Untracked 
| 107|0x0000000086b00000, 0x0000000086c00000, 0x0000000086c00000|100%| O|  |TAMS 0x0000000086c00000, 0x0000000086b00000| Untracked 
| 108|0x0000000086c00000, 0x0000000086d00000, 0x0000000086d00000|100%| O|  |TAMS 0x0000000086d00000, 0x0000000086c00000| Untracked 
| 109|0x0000000086d00000, 0x0000000086e00000, 0x0000000086e00000|100%| O|  |TAMS 0x0000000086e00000, 0x0000000086d00000| Untracked 
| 110|0x0000000086e00000, 0x0000000086f00000, 0x0000000086f00000|100%| O|  |TAMS 0x0000000086f00000, 0x0000000086e00000| Untracked 
| 111|0x0000000086f00000, 0x0000000087000000, 0x0000000087000000|100%| O|  |TAMS 0x0000000087000000, 0x0000000086f00000| Untracked 
| 112|0x0000000087000000, 0x0000000087100000, 0x0000000087100000|100%| O|  |TAMS 0x0000000087100000, 0x0000000087000000| Untracked 
| 113|0x0000000087100000, 0x0000000087200000, 0x0000000087200000|100%| O|  |TAMS 0x0000000087200000, 0x0000000087100000| Untracked 
| 114|0x0000000087200000, 0x0000000087300000, 0x0000000087300000|100%| O|  |TAMS 0x0000000087300000, 0x0000000087200000| Untracked 
| 115|0x0000000087300000, 0x0000000087400000, 0x0000000087400000|100%| O|  |TAMS 0x0000000087400000, 0x0000000087300000| Untracked 
| 116|0x0000000087400000, 0x0000000087500000, 0x0000000087500000|100%| O|  |TAMS 0x0000000087500000, 0x0000000087400000| Untracked 
| 117|0x0000000087500000, 0x0000000087600000, 0x0000000087600000|100%| O|  |TAMS 0x0000000087600000, 0x0000000087500000| Untracked 
| 118|0x0000000087600000, 0x0000000087700000, 0x0000000087700000|100%| O|  |TAMS 0x0000000087700000, 0x0000000087600000| Untracked 
| 119|0x0000000087700000, 0x0000000087800000, 0x0000000087800000|100%| O|  |TAMS 0x0000000087800000, 0x0000000087700000| Untracked 
| 120|0x0000000087800000, 0x0000000087900000, 0x0000000087900000|100%| O|  |TAMS 0x0000000087900000, 0x0000000087800000| Untracked 
| 121|0x0000000087900000, 0x0000000087900000, 0x0000000087a00000|  0%| F|  |TAMS 0x0000000087900000, 0x0000000087900000| Untracked 
| 122|0x0000000087a00000, 0x0000000087b00000, 0x0000000087b00000|100%| O|  |TAMS 0x0000000087a00000, 0x0000000087a00000| Untracked 
| 123|0x0000000087b00000, 0x0000000087c00000, 0x0000000087c00000|100%| O|  |TAMS 0x0000000087c00000, 0x0000000087b00000| Untracked 
| 124|0x0000000087c00000, 0x0000000087d00000, 0x0000000087d00000|100%| O|  |TAMS 0x0000000087d00000, 0x0000000087c00000| Untracked 
| 125|0x0000000087d00000, 0x0000000087e00000, 0x0000000087e00000|100%| O|  |TAMS 0x0000000087e00000, 0x0000000087d00000| Untracked 
| 126|0x0000000087e00000, 0x0000000087f00000, 0x0000000087f00000|100%| O|  |TAMS 0x0000000087f00000, 0x0000000087e00000| Untracked 
| 127|0x0000000087f00000, 0x0000000088000000, 0x0000000088000000|100%| O|  |TAMS 0x0000000088000000, 0x0000000087f00000| Untracked 
| 128|0x0000000088000000, 0x0000000088100000, 0x0000000088100000|100%| O|  |TAMS 0x0000000088100000, 0x0000000088000000| Untracked 
| 129|0x0000000088100000, 0x0000000088200000, 0x0000000088200000|100%| O|  |TAMS 0x0000000088200000, 0x0000000088100000| Untracked 
| 130|0x0000000088200000, 0x0000000088300000, 0x0000000088300000|100%| O|  |TAMS 0x0000000088300000, 0x0000000088200000| Untracked 
| 131|0x0000000088300000, 0x0000000088400000, 0x0000000088400000|100%| O|  |TAMS 0x0000000088400000, 0x0000000088300000| Untracked 
| 132|0x0000000088400000, 0x0000000088500000, 0x0000000088500000|100%| O|  |TAMS 0x0000000088400000, 0x0000000088400000| Untracked 
| 133|0x0000000088500000, 0x0000000088600000, 0x0000000088600000|100%| O|  |TAMS 0x0000000088500000, 0x0000000088500000| Untracked 
| 134|0x0000000088600000, 0x0000000088700000, 0x0000000088700000|100%| O|  |TAMS 0x0000000088700000, 0x0000000088600000| Untracked 
| 135|0x0000000088700000, 0x0000000088800000, 0x0000000088800000|100%| O|  |TAMS 0x0000000088800000, 0x0000000088700000| Untracked 
| 136|0x0000000088800000, 0x0000000088900000, 0x0000000088900000|100%| O|  |TAMS 0x0000000088900000, 0x0000000088800000| Untracked 
| 137|0x0000000088900000, 0x0000000088a00000, 0x0000000088a00000|100%| O|  |TAMS 0x0000000088a00000, 0x0000000088900000| Untracked 
| 138|0x0000000088a00000, 0x0000000088b00000, 0x0000000088b00000|100%| O|  |TAMS 0x0000000088b00000, 0x0000000088a00000| Untracked 
| 139|0x0000000088b00000, 0x0000000088c00000, 0x0000000088c00000|100%| O|  |TAMS 0x0000000088c00000, 0x0000000088b00000| Untracked 
| 140|0x0000000088c00000, 0x0000000088d00000, 0x0000000088d00000|100%| O|  |TAMS 0x0000000088d00000, 0x0000000088c00000| Untracked 
| 141|0x0000000088d00000, 0x0000000088e00000, 0x0000000088e00000|100%| O|  |TAMS 0x0000000088e00000, 0x0000000088d00000| Untracked 
| 142|0x0000000088e00000, 0x0000000088f00000, 0x0000000088f00000|100%| O|  |TAMS 0x0000000088f00000, 0x0000000088e00000| Untracked 
| 143|0x0000000088f00000, 0x0000000089000000, 0x0000000089000000|100%| O|  |TAMS 0x0000000089000000, 0x0000000088f00000| Untracked 
| 144|0x0000000089000000, 0x0000000089100000, 0x0000000089100000|100%| O|  |TAMS 0x0000000089100000, 0x0000000089000000| Untracked 
| 145|0x0000000089100000, 0x0000000089200000, 0x0000000089200000|100%| O|  |TAMS 0x0000000089200000, 0x0000000089100000| Untracked 
| 146|0x0000000089200000, 0x0000000089300000, 0x0000000089300000|100%| O|  |TAMS 0x00000000892d2600, 0x0000000089200000| Untracked 
| 147|0x0000000089300000, 0x0000000089400000, 0x0000000089400000|100%| O|  |TAMS 0x0000000089300000, 0x0000000089300000| Untracked 
| 148|0x0000000089400000, 0x0000000089463000, 0x0000000089500000| 38%| O|  |TAMS 0x0000000089400000, 0x0000000089400000| Untracked 
| 149|0x0000000089500000, 0x0000000089500000, 0x0000000089600000|  0%| F|  |TAMS 0x0000000089500000, 0x0000000089500000| Untracked 
| 150|0x0000000089600000, 0x0000000089600000, 0x0000000089700000|  0%| F|  |TAMS 0x0000000089600000, 0x0000000089600000| Untracked 
| 151|0x0000000089700000, 0x0000000089700000, 0x0000000089800000|  0%| F|  |TAMS 0x0000000089700000, 0x0000000089700000| Untracked 
| 152|0x0000000089800000, 0x0000000089800000, 0x0000000089900000|  0%| F|  |TAMS 0x0000000089800000, 0x0000000089800000| Untracked 
| 153|0x0000000089900000, 0x0000000089a00000, 0x0000000089a00000|100%| O|  |TAMS 0x0000000089a00000, 0x0000000089900000| Untracked 
| 154|0x0000000089a00000, 0x0000000089b00000, 0x0000000089b00000|100%| O|  |TAMS 0x0000000089b00000, 0x0000000089a00000| Untracked 
| 155|0x0000000089b00000, 0x0000000089c00000, 0x0000000089c00000|100%| O|  |TAMS 0x0000000089c00000, 0x0000000089b00000| Untracked 
| 156|0x0000000089c00000, 0x0000000089d00000, 0x0000000089d00000|100%| O|  |TAMS 0x0000000089d00000, 0x0000000089c00000| Untracked 
| 157|0x0000000089d00000, 0x0000000089d00000, 0x0000000089e00000|  0%| F|  |TAMS 0x0000000089d00000, 0x0000000089d00000| Untracked 
| 158|0x0000000089e00000, 0x0000000089f00000, 0x0000000089f00000|100%| O|  |TAMS 0x0000000089f00000, 0x0000000089e00000| Untracked 
| 159|0x0000000089f00000, 0x000000008a000000, 0x000000008a000000|100%| O|  |TAMS 0x000000008a000000, 0x0000000089f00000| Untracked 
| 160|0x000000008a000000, 0x000000008a100000, 0x000000008a100000|100%| O|  |TAMS 0x000000008a100000, 0x000000008a000000| Untracked 
| 161|0x000000008a100000, 0x000000008a200000, 0x000000008a200000|100%| O|  |TAMS 0x000000008a200000, 0x000000008a100000| Untracked 
| 162|0x000000008a200000, 0x000000008a300000, 0x000000008a300000|100%| O|  |TAMS 0x000000008a300000, 0x000000008a200000| Untracked 
| 163|0x000000008a300000, 0x000000008a400000, 0x000000008a400000|100%| O|  |TAMS 0x000000008a400000, 0x000000008a300000| Untracked 
| 164|0x000000008a400000, 0x000000008a400000, 0x000000008a500000|  0%| F|  |TAMS 0x000000008a400000, 0x000000008a400000| Untracked 
| 165|0x000000008a500000, 0x000000008a500000, 0x000000008a600000|  0%| F|  |TAMS 0x000000008a500000, 0x000000008a500000| Untracked 
| 166|0x000000008a600000, 0x000000008a600000, 0x000000008a700000|  0%| F|  |TAMS 0x000000008a600000, 0x000000008a600000| Untracked 
| 167|0x000000008a700000, 0x000000008a800000, 0x000000008a800000|100%| O|  |TAMS 0x000000008a800000, 0x000000008a700000| Untracked 
| 168|0x000000008a800000, 0x000000008a900000, 0x000000008a900000|100%| O|  |TAMS 0x000000008a900000, 0x000000008a800000| Untracked 
| 169|0x000000008a900000, 0x000000008aa00000, 0x000000008aa00000|100%| O|  |TAMS 0x000000008aa00000, 0x000000008a900000| Untracked 
| 170|0x000000008aa00000, 0x000000008ab00000, 0x000000008ab00000|100%| O|  |TAMS 0x000000008ab00000, 0x000000008aa00000| Untracked 
| 171|0x000000008ab00000, 0x000000008ac00000, 0x000000008ac00000|100%| O|  |TAMS 0x000000008ac00000, 0x000000008ab00000| Untracked 
| 172|0x000000008ac00000, 0x000000008ad00000, 0x000000008ad00000|100%| O|  |TAMS 0x000000008ad00000, 0x000000008ac00000| Untracked 
| 173|0x000000008ad00000, 0x000000008ad00000, 0x000000008ae00000|  0%| F|  |TAMS 0x000000008ad00000, 0x000000008ad00000| Untracked 
| 174|0x000000008ae00000, 0x000000008ae00000, 0x000000008af00000|  0%| F|  |TAMS 0x000000008ae00000, 0x000000008ae00000| Untracked 
| 175|0x000000008af00000, 0x000000008af00000, 0x000000008b000000|  0%| F|  |TAMS 0x000000008af00000, 0x000000008af00000| Untracked 
| 176|0x000000008b000000, 0x000000008b000000, 0x000000008b100000|  0%| F|  |TAMS 0x000000008b000000, 0x000000008b000000| Untracked 
| 177|0x000000008b100000, 0x000000008b100000, 0x000000008b200000|  0%| F|  |TAMS 0x000000008b100000, 0x000000008b100000| Untracked 
| 178|0x000000008b200000, 0x000000008b200000, 0x000000008b300000|  0%| F|  |TAMS 0x000000008b200000, 0x000000008b200000| Untracked 
| 179|0x000000008b300000, 0x000000008b300000, 0x000000008b400000|  0%| F|  |TAMS 0x000000008b300000, 0x000000008b300000| Untracked 
| 180|0x000000008b400000, 0x000000008b400000, 0x000000008b500000|  0%| F|  |TAMS 0x000000008b400000, 0x000000008b400000| Untracked 
| 181|0x000000008b500000, 0x000000008b500000, 0x000000008b600000|  0%| F|  |TAMS 0x000000008b500000, 0x000000008b500000| Untracked 
| 182|0x000000008b600000, 0x000000008b700000, 0x000000008b700000|100%| O|  |TAMS 0x000000008b700000, 0x000000008b600000| Untracked 
| 183|0x000000008b700000, 0x000000008b700000, 0x000000008b800000|  0%| F|  |TAMS 0x000000008b700000, 0x000000008b700000| Untracked 
| 184|0x000000008b800000, 0x000000008b900000, 0x000000008b900000|100%| O|  |TAMS 0x000000008b900000, 0x000000008b800000| Untracked 
| 185|0x000000008b900000, 0x000000008b900000, 0x000000008ba00000|  0%| F|  |TAMS 0x000000008b900000, 0x000000008b900000| Untracked 
| 186|0x000000008ba00000, 0x000000008ba00000, 0x000000008bb00000|  0%| F|  |TAMS 0x000000008ba00000, 0x000000008ba00000| Untracked 
| 187|0x000000008bb00000, 0x000000008bb00000, 0x000000008bc00000|  0%| F|  |TAMS 0x000000008bb00000, 0x000000008bb00000| Untracked 
| 188|0x000000008bc00000, 0x000000008bc00000, 0x000000008bd00000|  0%| F|  |TAMS 0x000000008bc00000, 0x000000008bc00000| Untracked 
| 189|0x000000008bd00000, 0x000000008bd00000, 0x000000008be00000|  0%| F|  |TAMS 0x000000008bd00000, 0x000000008bd00000| Untracked 
| 190|0x000000008be00000, 0x000000008be00000, 0x000000008bf00000|  0%| F|  |TAMS 0x000000008be00000, 0x000000008be00000| Untracked 
| 191|0x000000008bf00000, 0x000000008bf00000, 0x000000008c000000|  0%| F|  |TAMS 0x000000008bf00000, 0x000000008bf00000| Untracked 
| 192|0x000000008c000000, 0x000000008c000000, 0x000000008c100000|  0%| F|  |TAMS 0x000000008c000000, 0x000000008c000000| Untracked 
| 193|0x000000008c100000, 0x000000008c100000, 0x000000008c200000|  0%| F|  |TAMS 0x000000008c100000, 0x000000008c100000| Untracked 
| 194|0x000000008c200000, 0x000000008c200000, 0x000000008c300000|  0%| F|  |TAMS 0x000000008c200000, 0x000000008c200000| Untracked 
| 195|0x000000008c300000, 0x000000008c300000, 0x000000008c400000|  0%| F|  |TAMS 0x000000008c300000, 0x000000008c300000| Untracked 
| 196|0x000000008c400000, 0x000000008c400000, 0x000000008c500000|  0%| F|  |TAMS 0x000000008c400000, 0x000000008c400000| Untracked 
| 197|0x000000008c500000, 0x000000008c500000, 0x000000008c600000|  0%| F|  |TAMS 0x000000008c500000, 0x000000008c500000| Untracked 
| 198|0x000000008c600000, 0x000000008c600000, 0x000000008c700000|  0%| F|  |TAMS 0x000000008c600000, 0x000000008c600000| Untracked 
| 199|0x000000008c700000, 0x000000008c700000, 0x000000008c800000|  0%| F|  |TAMS 0x000000008c700000, 0x000000008c700000| Untracked 
| 200|0x000000008c800000, 0x000000008c800000, 0x000000008c900000|  0%| F|  |TAMS 0x000000008c800000, 0x000000008c800000| Untracked 
| 201|0x000000008c900000, 0x000000008c900000, 0x000000008ca00000|  0%| F|  |TAMS 0x000000008c900000, 0x000000008c900000| Untracked 
| 202|0x000000008ca00000, 0x000000008ca00000, 0x000000008cb00000|  0%| F|  |TAMS 0x000000008ca00000, 0x000000008ca00000| Untracked 
| 203|0x000000008cb00000, 0x000000008cb00000, 0x000000008cc00000|  0%| F|  |TAMS 0x000000008cb00000, 0x000000008cb00000| Untracked 
| 204|0x000000008cc00000, 0x000000008cc00000, 0x000000008cd00000|  0%| F|  |TAMS 0x000000008cc00000, 0x000000008cc00000| Untracked 
| 205|0x000000008cd00000, 0x000000008cd00000, 0x000000008ce00000|  0%| F|  |TAMS 0x000000008cd00000, 0x000000008cd00000| Untracked 
| 206|0x000000008ce00000, 0x000000008ce00000, 0x000000008cf00000|  0%| F|  |TAMS 0x000000008ce00000, 0x000000008ce00000| Untracked 
| 207|0x000000008cf00000, 0x000000008cf00000, 0x000000008d000000|  0%| F|  |TAMS 0x000000008cf00000, 0x000000008cf00000| Untracked 
| 208|0x000000008d000000, 0x000000008d000000, 0x000000008d100000|  0%| F|  |TAMS 0x000000008d000000, 0x000000008d000000| Untracked 
| 209|0x000000008d100000, 0x000000008d100000, 0x000000008d200000|  0%| F|  |TAMS 0x000000008d100000, 0x000000008d100000| Untracked 
| 210|0x000000008d200000, 0x000000008d200000, 0x000000008d300000|  0%| F|  |TAMS 0x000000008d200000, 0x000000008d200000| Untracked 
| 211|0x000000008d300000, 0x000000008d300000, 0x000000008d400000|  0%| F|  |TAMS 0x000000008d300000, 0x000000008d300000| Untracked 
| 212|0x000000008d400000, 0x000000008d400000, 0x000000008d500000|  0%| F|  |TAMS 0x000000008d400000, 0x000000008d400000| Untracked 
| 213|0x000000008d500000, 0x000000008d500000, 0x000000008d600000|  0%| F|  |TAMS 0x000000008d500000, 0x000000008d500000| Untracked 
| 214|0x000000008d600000, 0x000000008d600000, 0x000000008d700000|  0%| F|  |TAMS 0x000000008d600000, 0x000000008d600000| Untracked 
| 215|0x000000008d700000, 0x000000008d700000, 0x000000008d800000|  0%| F|  |TAMS 0x000000008d700000, 0x000000008d700000| Untracked 
| 216|0x000000008d800000, 0x000000008d800000, 0x000000008d900000|  0%| F|  |TAMS 0x000000008d800000, 0x000000008d800000| Untracked 
| 217|0x000000008d900000, 0x000000008d9249f0, 0x000000008da00000| 14%| S|CS|TAMS 0x000000008d900000, 0x000000008d900000| Complete 
| 218|0x000000008da00000, 0x000000008db00000, 0x000000008db00000|100%| S|CS|TAMS 0x000000008da00000, 0x000000008da00000| Complete 
| 219|0x000000008db00000, 0x000000008dc00000, 0x000000008dc00000|100%| S|CS|TAMS 0x000000008db00000, 0x000000008db00000| Complete 
| 220|0x000000008dc00000, 0x000000008dd00000, 0x000000008dd00000|100%| S|CS|TAMS 0x000000008dc00000, 0x000000008dc00000| Complete 
| 221|0x000000008dd00000, 0x000000008de00000, 0x000000008de00000|100%| S|CS|TAMS 0x000000008dd00000, 0x000000008dd00000| Complete 
| 222|0x000000008de00000, 0x000000008df00000, 0x000000008df00000|100%| S|CS|TAMS 0x000000008de00000, 0x000000008de00000| Complete 
| 223|0x000000008df00000, 0x000000008df00000, 0x000000008e000000|  0%| F|  |TAMS 0x000000008df00000, 0x000000008df00000| Untracked 
| 224|0x000000008e000000, 0x000000008e000000, 0x000000008e100000|  0%| F|  |TAMS 0x000000008e000000, 0x000000008e000000| Untracked 
| 225|0x000000008e100000, 0x000000008e100000, 0x000000008e200000|  0%| F|  |TAMS 0x000000008e100000, 0x000000008e100000| Untracked 
| 226|0x000000008e200000, 0x000000008e200000, 0x000000008e300000|  0%| F|  |TAMS 0x000000008e200000, 0x000000008e200000| Untracked 
| 227|0x000000008e300000, 0x000000008e300000, 0x000000008e400000|  0%| F|  |TAMS 0x000000008e300000, 0x000000008e300000| Untracked 
| 228|0x000000008e400000, 0x000000008e400000, 0x000000008e500000|  0%| F|  |TAMS 0x000000008e400000, 0x000000008e400000| Untracked 
| 229|0x000000008e500000, 0x000000008e500000, 0x000000008e600000|  0%| F|  |TAMS 0x000000008e500000, 0x000000008e500000| Untracked 
| 230|0x000000008e600000, 0x000000008e600000, 0x000000008e700000|  0%| F|  |TAMS 0x000000008e600000, 0x000000008e600000| Untracked 
| 231|0x000000008e700000, 0x000000008e700000, 0x000000008e800000|  0%| F|  |TAMS 0x000000008e700000, 0x000000008e700000| Untracked 
| 232|0x000000008e800000, 0x000000008e800000, 0x000000008e900000|  0%| F|  |TAMS 0x000000008e800000, 0x000000008e800000| Untracked 
| 233|0x000000008e900000, 0x000000008e900000, 0x000000008ea00000|  0%| F|  |TAMS 0x000000008e900000, 0x000000008e900000| Untracked 
| 234|0x000000008ea00000, 0x000000008ea00000, 0x000000008eb00000|  0%| F|  |TAMS 0x000000008ea00000, 0x000000008ea00000| Untracked 
| 235|0x000000008eb00000, 0x000000008eb00000, 0x000000008ec00000|  0%| F|  |TAMS 0x000000008eb00000, 0x000000008eb00000| Untracked 
| 236|0x000000008ec00000, 0x000000008ec00000, 0x000000008ed00000|  0%| F|  |TAMS 0x000000008ec00000, 0x000000008ec00000| Untracked 
| 237|0x000000008ed00000, 0x000000008ed00000, 0x000000008ee00000|  0%| F|  |TAMS 0x000000008ed00000, 0x000000008ed00000| Untracked 
| 238|0x000000008ee00000, 0x000000008ee00000, 0x000000008ef00000|  0%| F|  |TAMS 0x000000008ee00000, 0x000000008ee00000| Untracked 
| 239|0x000000008ef00000, 0x000000008ef00000, 0x000000008f000000|  0%| F|  |TAMS 0x000000008ef00000, 0x000000008ef00000| Untracked 
| 240|0x000000008f000000, 0x000000008f000000, 0x000000008f100000|  0%| F|  |TAMS 0x000000008f000000, 0x000000008f000000| Untracked 
| 241|0x000000008f100000, 0x000000008f100000, 0x000000008f200000|  0%| F|  |TAMS 0x000000008f100000, 0x000000008f100000| Untracked 
| 242|0x000000008f200000, 0x000000008f200000, 0x000000008f300000|  0%| F|  |TAMS 0x000000008f200000, 0x000000008f200000| Untracked 
| 243|0x000000008f300000, 0x000000008f300000, 0x000000008f400000|  0%| F|  |TAMS 0x000000008f300000, 0x000000008f300000| Untracked 
| 244|0x000000008f400000, 0x000000008f400000, 0x000000008f500000|  0%| F|  |TAMS 0x000000008f400000, 0x000000008f400000| Untracked 
| 245|0x000000008f500000, 0x000000008f500000, 0x000000008f600000|  0%| F|  |TAMS 0x000000008f500000, 0x000000008f500000| Untracked 
| 246|0x000000008f600000, 0x000000008f600000, 0x000000008f700000|  0%| F|  |TAMS 0x000000008f600000, 0x000000008f600000| Untracked 
| 247|0x000000008f700000, 0x000000008f700000, 0x000000008f800000|  0%| F|  |TAMS 0x000000008f700000, 0x000000008f700000| Untracked 
| 248|0x000000008f800000, 0x000000008f800000, 0x000000008f900000|  0%| F|  |TAMS 0x000000008f800000, 0x000000008f800000| Untracked 
| 249|0x000000008f900000, 0x000000008f900000, 0x000000008fa00000|  0%| F|  |TAMS 0x000000008f900000, 0x000000008f900000| Untracked 
| 250|0x000000008fa00000, 0x000000008fa00000, 0x000000008fb00000|  0%| F|  |TAMS 0x000000008fa00000, 0x000000008fa00000| Untracked 
| 251|0x000000008fb00000, 0x000000008fb00000, 0x000000008fc00000|  0%| F|  |TAMS 0x000000008fb00000, 0x000000008fb00000| Untracked 
| 252|0x000000008fc00000, 0x000000008fc00000, 0x000000008fd00000|  0%| F|  |TAMS 0x000000008fc00000, 0x000000008fc00000| Untracked 
| 253|0x000000008fd00000, 0x000000008fd00000, 0x000000008fe00000|  0%| F|  |TAMS 0x000000008fd00000, 0x000000008fd00000| Untracked 
| 254|0x000000008fe00000, 0x000000008fe00000, 0x000000008ff00000|  0%| F|  |TAMS 0x000000008fe00000, 0x000000008fe00000| Untracked 
| 255|0x000000008ff00000, 0x000000008ff00000, 0x0000000090000000|  0%| F|  |TAMS 0x000000008ff00000, 0x000000008ff00000| Untracked 
| 256|0x0000000090000000, 0x0000000090000000, 0x0000000090100000|  0%| F|  |TAMS 0x0000000090000000, 0x0000000090000000| Untracked 
| 257|0x0000000090100000, 0x0000000090100000, 0x0000000090200000|  0%| F|  |TAMS 0x0000000090100000, 0x0000000090100000| Untracked 
| 258|0x0000000090200000, 0x0000000090200000, 0x0000000090300000|  0%| F|  |TAMS 0x0000000090200000, 0x0000000090200000| Untracked 
| 259|0x0000000090300000, 0x0000000090300000, 0x0000000090400000|  0%| F|  |TAMS 0x0000000090300000, 0x0000000090300000| Untracked 
| 260|0x0000000090400000, 0x0000000090400000, 0x0000000090500000|  0%| F|  |TAMS 0x0000000090400000, 0x0000000090400000| Untracked 
| 261|0x0000000090500000, 0x0000000090500000, 0x0000000090600000|  0%| F|  |TAMS 0x0000000090500000, 0x0000000090500000| Untracked 
| 262|0x0000000090600000, 0x0000000090600000, 0x0000000090700000|  0%| F|  |TAMS 0x0000000090600000, 0x0000000090600000| Untracked 
| 263|0x0000000090700000, 0x0000000090700000, 0x0000000090800000|  0%| F|  |TAMS 0x0000000090700000, 0x0000000090700000| Untracked 
| 264|0x0000000090800000, 0x0000000090800000, 0x0000000090900000|  0%| F|  |TAMS 0x0000000090800000, 0x0000000090800000| Untracked 
| 265|0x0000000090900000, 0x0000000090900000, 0x0000000090a00000|  0%| F|  |TAMS 0x0000000090900000, 0x0000000090900000| Untracked 
| 266|0x0000000090a00000, 0x0000000090a00000, 0x0000000090b00000|  0%| F|  |TAMS 0x0000000090a00000, 0x0000000090a00000| Untracked 
| 267|0x0000000090b00000, 0x0000000090b00000, 0x0000000090c00000|  0%| F|  |TAMS 0x0000000090b00000, 0x0000000090b00000| Untracked 
| 268|0x0000000090c00000, 0x0000000090c00000, 0x0000000090d00000|  0%| F|  |TAMS 0x0000000090c00000, 0x0000000090c00000| Untracked 
| 269|0x0000000090d00000, 0x0000000090d00000, 0x0000000090e00000|  0%| F|  |TAMS 0x0000000090d00000, 0x0000000090d00000| Untracked 
| 270|0x0000000090e00000, 0x0000000090e00000, 0x0000000090f00000|  0%| F|  |TAMS 0x0000000090e00000, 0x0000000090e00000| Untracked 
| 271|0x0000000090f00000, 0x0000000090f00000, 0x0000000091000000|  0%| F|  |TAMS 0x0000000090f00000, 0x0000000090f00000| Untracked 
| 272|0x0000000091000000, 0x0000000091000000, 0x0000000091100000|  0%| F|  |TAMS 0x0000000091000000, 0x0000000091000000| Untracked 
| 273|0x0000000091100000, 0x0000000091100000, 0x0000000091200000|  0%| F|  |TAMS 0x0000000091100000, 0x0000000091100000| Untracked 
| 274|0x0000000091200000, 0x0000000091200000, 0x0000000091300000|  0%| F|  |TAMS 0x0000000091200000, 0x0000000091200000| Untracked 
| 275|0x0000000091300000, 0x0000000091300000, 0x0000000091400000|  0%| F|  |TAMS 0x0000000091300000, 0x0000000091300000| Untracked 
| 276|0x0000000091400000, 0x0000000091400000, 0x0000000091500000|  0%| F|  |TAMS 0x0000000091400000, 0x0000000091400000| Untracked 
| 277|0x0000000091500000, 0x0000000091500000, 0x0000000091600000|  0%| F|  |TAMS 0x0000000091500000, 0x0000000091500000| Untracked 
| 278|0x0000000091600000, 0x0000000091600000, 0x0000000091700000|  0%| F|  |TAMS 0x0000000091600000, 0x0000000091600000| Untracked 
| 279|0x0000000091700000, 0x0000000091700000, 0x0000000091800000|  0%| F|  |TAMS 0x0000000091700000, 0x0000000091700000| Untracked 
| 280|0x0000000091800000, 0x0000000091800000, 0x0000000091900000|  0%| F|  |TAMS 0x0000000091800000, 0x0000000091800000| Untracked 
| 281|0x0000000091900000, 0x0000000091900000, 0x0000000091a00000|  0%| F|  |TAMS 0x0000000091900000, 0x0000000091900000| Untracked 
| 282|0x0000000091a00000, 0x0000000091a00000, 0x0000000091b00000|  0%| F|  |TAMS 0x0000000091a00000, 0x0000000091a00000| Untracked 
| 283|0x0000000091b00000, 0x0000000091b00000, 0x0000000091c00000|  0%| F|  |TAMS 0x0000000091b00000, 0x0000000091b00000| Untracked 
| 284|0x0000000091c00000, 0x0000000091c00000, 0x0000000091d00000|  0%| F|  |TAMS 0x0000000091c00000, 0x0000000091c00000| Untracked 
| 285|0x0000000091d00000, 0x0000000091d00000, 0x0000000091e00000|  0%| F|  |TAMS 0x0000000091d00000, 0x0000000091d00000| Untracked 
| 286|0x0000000091e00000, 0x0000000091e00000, 0x0000000091f00000|  0%| F|  |TAMS 0x0000000091e00000, 0x0000000091e00000| Untracked 
| 287|0x0000000091f00000, 0x0000000091f00000, 0x0000000092000000|  0%| F|  |TAMS 0x0000000091f00000, 0x0000000091f00000| Untracked 
| 288|0x0000000092000000, 0x0000000092000000, 0x0000000092100000|  0%| F|  |TAMS 0x0000000092000000, 0x0000000092000000| Untracked 
| 289|0x0000000092100000, 0x0000000092100000, 0x0000000092200000|  0%| F|  |TAMS 0x0000000092100000, 0x0000000092100000| Untracked 
| 290|0x0000000092200000, 0x0000000092200000, 0x0000000092300000|  0%| F|  |TAMS 0x0000000092200000, 0x0000000092200000| Untracked 
| 291|0x0000000092300000, 0x0000000092300000, 0x0000000092400000|  0%| F|  |TAMS 0x0000000092300000, 0x0000000092300000| Untracked 
| 292|0x0000000092400000, 0x0000000092400000, 0x0000000092500000|  0%| F|  |TAMS 0x0000000092400000, 0x0000000092400000| Untracked 
| 293|0x0000000092500000, 0x0000000092500000, 0x0000000092600000|  0%| F|  |TAMS 0x0000000092500000, 0x0000000092500000| Untracked 
| 294|0x0000000092600000, 0x0000000092600000, 0x0000000092700000|  0%| F|  |TAMS 0x0000000092600000, 0x0000000092600000| Untracked 
| 295|0x0000000092700000, 0x0000000092700000, 0x0000000092800000|  0%| F|  |TAMS 0x0000000092700000, 0x0000000092700000| Untracked 
| 296|0x0000000092800000, 0x0000000092800000, 0x0000000092900000|  0%| F|  |TAMS 0x0000000092800000, 0x0000000092800000| Untracked 
| 297|0x0000000092900000, 0x0000000092900000, 0x0000000092a00000|  0%| F|  |TAMS 0x0000000092900000, 0x0000000092900000| Untracked 
| 298|0x0000000092a00000, 0x0000000092a00000, 0x0000000092b00000|  0%| F|  |TAMS 0x0000000092a00000, 0x0000000092a00000| Untracked 
| 299|0x0000000092b00000, 0x0000000092b00000, 0x0000000092c00000|  0%| F|  |TAMS 0x0000000092b00000, 0x0000000092b00000| Untracked 
| 300|0x0000000092c00000, 0x0000000092c00000, 0x0000000092d00000|  0%| F|  |TAMS 0x0000000092c00000, 0x0000000092c00000| Untracked 
| 301|0x0000000092d00000, 0x0000000092d00000, 0x0000000092e00000|  0%| F|  |TAMS 0x0000000092d00000, 0x0000000092d00000| Untracked 
| 302|0x0000000092e00000, 0x0000000092e00000, 0x0000000092f00000|  0%| F|  |TAMS 0x0000000092e00000, 0x0000000092e00000| Untracked 
| 303|0x0000000092f00000, 0x0000000092f00000, 0x0000000093000000|  0%| F|  |TAMS 0x0000000092f00000, 0x0000000092f00000| Untracked 
| 304|0x0000000093000000, 0x0000000093000000, 0x0000000093100000|  0%| F|  |TAMS 0x0000000093000000, 0x0000000093000000| Untracked 
| 305|0x0000000093100000, 0x0000000093100000, 0x0000000093200000|  0%| F|  |TAMS 0x0000000093100000, 0x0000000093100000| Untracked 
| 306|0x0000000093200000, 0x0000000093200000, 0x0000000093300000|  0%| F|  |TAMS 0x0000000093200000, 0x0000000093200000| Untracked 
| 307|0x0000000093300000, 0x0000000093300000, 0x0000000093400000|  0%| F|  |TAMS 0x0000000093300000, 0x0000000093300000| Untracked 
| 308|0x0000000093400000, 0x0000000093400000, 0x0000000093500000|  0%| F|  |TAMS 0x0000000093400000, 0x0000000093400000| Untracked 
| 309|0x0000000093500000, 0x0000000093500000, 0x0000000093600000|  0%| F|  |TAMS 0x0000000093500000, 0x0000000093500000| Untracked 
| 310|0x0000000093600000, 0x0000000093600000, 0x0000000093700000|  0%| F|  |TAMS 0x0000000093600000, 0x0000000093600000| Untracked 
| 311|0x0000000093700000, 0x0000000093700000, 0x0000000093800000|  0%| F|  |TAMS 0x0000000093700000, 0x0000000093700000| Untracked 
| 312|0x0000000093800000, 0x0000000093800000, 0x0000000093900000|  0%| F|  |TAMS 0x0000000093800000, 0x0000000093800000| Untracked 
| 313|0x0000000093900000, 0x0000000093900000, 0x0000000093a00000|  0%| F|  |TAMS 0x0000000093900000, 0x0000000093900000| Untracked 
| 314|0x0000000093a00000, 0x0000000093a00000, 0x0000000093b00000|  0%| F|  |TAMS 0x0000000093a00000, 0x0000000093a00000| Untracked 
| 315|0x0000000093b00000, 0x0000000093b00000, 0x0000000093c00000|  0%| F|  |TAMS 0x0000000093b00000, 0x0000000093b00000| Untracked 
| 316|0x0000000093c00000, 0x0000000093c00000, 0x0000000093d00000|  0%| F|  |TAMS 0x0000000093c00000, 0x0000000093c00000| Untracked 
| 317|0x0000000093d00000, 0x0000000093d00000, 0x0000000093e00000|  0%| F|  |TAMS 0x0000000093d00000, 0x0000000093d00000| Untracked 
| 318|0x0000000093e00000, 0x0000000093e00000, 0x0000000093f00000|  0%| F|  |TAMS 0x0000000093e00000, 0x0000000093e00000| Untracked 
| 319|0x0000000093f00000, 0x0000000093f00000, 0x0000000094000000|  0%| F|  |TAMS 0x0000000093f00000, 0x0000000093f00000| Untracked 
| 320|0x0000000094000000, 0x0000000094000000, 0x0000000094100000|  0%| F|  |TAMS 0x0000000094000000, 0x0000000094000000| Untracked 
| 321|0x0000000094100000, 0x0000000094100000, 0x0000000094200000|  0%| F|  |TAMS 0x0000000094100000, 0x0000000094100000| Untracked 
| 322|0x0000000094200000, 0x0000000094200000, 0x0000000094300000|  0%| F|  |TAMS 0x0000000094200000, 0x0000000094200000| Untracked 
| 323|0x0000000094300000, 0x0000000094300000, 0x0000000094400000|  0%| F|  |TAMS 0x0000000094300000, 0x0000000094300000| Untracked 
| 324|0x0000000094400000, 0x0000000094400000, 0x0000000094500000|  0%| F|  |TAMS 0x0000000094400000, 0x0000000094400000| Untracked 
| 325|0x0000000094500000, 0x0000000094500000, 0x0000000094600000|  0%| F|  |TAMS 0x0000000094500000, 0x0000000094500000| Untracked 
| 326|0x0000000094600000, 0x0000000094600000, 0x0000000094700000|  0%| F|  |TAMS 0x0000000094600000, 0x0000000094600000| Untracked 
| 327|0x0000000094700000, 0x0000000094700000, 0x0000000094800000|  0%| F|  |TAMS 0x0000000094700000, 0x0000000094700000| Untracked 
| 328|0x0000000094800000, 0x0000000094800000, 0x0000000094900000|  0%| F|  |TAMS 0x0000000094800000, 0x0000000094800000| Untracked 
| 329|0x0000000094900000, 0x0000000094900000, 0x0000000094a00000|  0%| F|  |TAMS 0x0000000094900000, 0x0000000094900000| Untracked 
| 330|0x0000000094a00000, 0x0000000094a00000, 0x0000000094b00000|  0%| F|  |TAMS 0x0000000094a00000, 0x0000000094a00000| Untracked 
| 331|0x0000000094b00000, 0x0000000094b00000, 0x0000000094c00000|  0%| F|  |TAMS 0x0000000094b00000, 0x0000000094b00000| Untracked 
| 332|0x0000000094c00000, 0x0000000094c00000, 0x0000000094d00000|  0%| F|  |TAMS 0x0000000094c00000, 0x0000000094c00000| Untracked 
| 333|0x0000000094d00000, 0x0000000094d00000, 0x0000000094e00000|  0%| F|  |TAMS 0x0000000094d00000, 0x0000000094d00000| Untracked 
| 334|0x0000000094e00000, 0x0000000094e00000, 0x0000000094f00000|  0%| F|  |TAMS 0x0000000094e00000, 0x0000000094e00000| Untracked 
| 335|0x0000000094f00000, 0x0000000094f80800, 0x0000000095000000| 50%| E|  |TAMS 0x0000000094f00000, 0x0000000094f00000| Complete 
| 336|0x0000000095000000, 0x0000000095100000, 0x0000000095100000|100%| E|CS|TAMS 0x0000000095000000, 0x0000000095000000| Complete 
| 337|0x0000000095100000, 0x0000000095200000, 0x0000000095200000|100%| E|CS|TAMS 0x0000000095100000, 0x0000000095100000| Complete 
| 338|0x0000000095200000, 0x0000000095300000, 0x0000000095300000|100%| E|CS|TAMS 0x0000000095200000, 0x0000000095200000| Complete 
| 339|0x0000000095300000, 0x0000000095400000, 0x0000000095400000|100%| E|CS|TAMS 0x0000000095300000, 0x0000000095300000| Complete 
| 340|0x0000000095400000, 0x0000000095500000, 0x0000000095500000|100%| E|CS|TAMS 0x0000000095400000, 0x0000000095400000| Complete 
| 341|0x0000000095500000, 0x0000000095600000, 0x0000000095600000|100%| E|CS|TAMS 0x0000000095500000, 0x0000000095500000| Complete 
| 342|0x0000000095600000, 0x0000000095700000, 0x0000000095700000|100%| E|CS|TAMS 0x0000000095600000, 0x0000000095600000| Complete 
| 343|0x0000000095700000, 0x0000000095800000, 0x0000000095800000|100%| E|CS|TAMS 0x0000000095700000, 0x0000000095700000| Complete 
| 344|0x0000000095800000, 0x0000000095900000, 0x0000000095900000|100%| E|CS|TAMS 0x0000000095800000, 0x0000000095800000| Complete 
| 345|0x0000000095900000, 0x0000000095a00000, 0x0000000095a00000|100%| E|CS|TAMS 0x0000000095900000, 0x0000000095900000| Complete 
| 346|0x0000000095a00000, 0x0000000095b00000, 0x0000000095b00000|100%| E|CS|TAMS 0x0000000095a00000, 0x0000000095a00000| Complete 
| 347|0x0000000095b00000, 0x0000000095c00000, 0x0000000095c00000|100%| E|CS|TAMS 0x0000000095b00000, 0x0000000095b00000| Complete 
| 348|0x0000000095c00000, 0x0000000095d00000, 0x0000000095d00000|100%| E|CS|TAMS 0x0000000095c00000, 0x0000000095c00000| Complete 
| 349|0x0000000095d00000, 0x0000000095e00000, 0x0000000095e00000|100%| E|CS|TAMS 0x0000000095d00000, 0x0000000095d00000| Complete 
| 350|0x0000000095e00000, 0x0000000095f00000, 0x0000000095f00000|100%| E|CS|TAMS 0x0000000095e00000, 0x0000000095e00000| Complete 

Card table byte_map: [0x000001f277aa0000,0x000001f277ea0000] _byte_map_base: 0x000001f2776a0000

Marking Bits (Prev, Next): (CMBitMap*) 0x000001f273bbf750, (CMBitMap*) 0x000001f273bbf718
 Prev Bits: [0x000001f27a2a0000, 0x000001f27c2a0000)
 Next Bits: [0x000001f2782a0000, 0x000001f27a2a0000)

Polling page: 0x000001f273360000

Metaspace:

Usage:
  Non-class:    125.34 MB capacity,   122.92 MB ( 98%) used,     2.01 MB (  2%) free+waste,   430.69 KB ( <1%) overhead. 
      Class:     18.14 MB capacity,    16.75 MB ( 92%) used,     1.21 MB (  7%) free+waste,   186.19 KB (  1%) overhead. 
       Both:    143.48 MB capacity,   139.66 MB ( 97%) used,     3.22 MB (  2%) free+waste,   616.88 KB ( <1%) overhead. 

Virtual space:
  Non-class space:      126.00 MB reserved,     125.58 MB (>99%) committed 
      Class space:        1.00 GB reserved,      18.38 MB (  2%) committed 
             Both:        1.12 GB reserved,     143.95 MB ( 13%) committed 

Chunk freelists:
   Non-Class:  176.00 KB
       Class:  144.00 KB
        Both:  320.00 KB

MaxMetaspaceSize: 17179869184.00 GB
CompressedClassSpaceSize: 1.00 GB
Initial GC threshold: 20.80 MB
Current GC threshold: 239.71 MB
CDS: off

CodeHeap 'non-profiled nmethods': size=120064Kb used=17610Kb max_used=17800Kb free=102453Kb
 bounds [0x000001f207ac0000, 0x000001f208c40000, 0x000001f20f000000]
CodeHeap 'profiled nmethods': size=120000Kb used=56493Kb max_used=57070Kb free=63506Kb
 bounds [0x000001f200590000, 0x000001f203d90000, 0x000001f207ac0000]
CodeHeap 'non-nmethods': size=5696Kb used=2529Kb max_used=2578Kb free=3167Kb
 bounds [0x000001f200000000, 0x000001f200290000, 0x000001f200590000]
 total_blobs=25302 nmethods=24225 adapters=988
 compilation: enabled
              stopped_count=0, restarted_count=0
 full_count=0

Compilation events (20 events):
Event: 481.772 Thread 0x000001f27e7a9000 28593       2       com.android.tools.r8.s.b.M::<init> (10 bytes)
Event: 481.772 Thread 0x000001f27e7a9000 nmethod 28593 0x000001f202db3290 code [0x000001f202db3440, 0x000001f202db3548]
Event: 481.778 Thread 0x000001f27e7a4000 nmethod 28193% 0x000001f208c22210 code [0x000001f208c23680, 0x000001f208c2e840]
Event: 481.780 Thread 0x000001f27e7a4000 28437       4       java.util.regex.Pattern$SliceU::match (99 bytes)
Event: 481.802 Thread 0x000001f27e7a9000 28595       2       com.android.tools.r8.ir.conversion.N::a (57 bytes)
Event: 481.803 Thread 0x000001f27e7a9000 nmethod 28595 0x000001f202db2b90 code [0x000001f202db2d80, 0x000001f202db3048]
Event: 481.809 Thread 0x000001f27e7a4000 nmethod 28437 0x000001f207b03610 code [0x000001f207b03840, 0x000001f207b04898]
Event: 481.809 Thread 0x000001f27e7a4000 28452       4       java.lang.String::indexOf (113 bytes)
Event: 481.813 Thread 0x000001f27e7a4000 nmethod 28452 0x000001f207c5e010 code [0x000001f207c5e1c0, 0x000001f207c5e898]
Event: 481.813 Thread 0x000001f27e7a4000 28432       4       java.util.PriorityQueue::indexOf (43 bytes)
Event: 481.816 Thread 0x000001f27e7a4000 nmethod 28432 0x000001f207b03090 code [0x000001f207b03220, 0x000001f207b033b8]
Event: 481.816 Thread 0x000001f27e7a4000 28594 %     4       com.android.tools.r8.ir.regalloc.a::a @ 2154 (3992 bytes)
Event: 481.829 Thread 0x000001f27e7a9000 28596       2       com.sun.jmx.mbeanserver.MBeanAnalyzer::eliminateCovariantMethods (135 bytes)
Event: 481.831 Thread 0x000001f27e7a9000 nmethod 28596 0x000001f20237d810 code [0x000001f20237da80, 0x000001f20237e1c8]
Event: 481.868 Thread 0x000001f27e7a9000 28597       2       com.android.tools.r8.s.b.t0::b (27 bytes)
Event: 481.868 Thread 0x000001f27e7a9000 nmethod 28597 0x000001f202db2590 code [0x000001f202db2760, 0x000001f202db28f8]
Event: 481.938 Thread 0x000001f27e7a9000 28599       2       com.android.tools.r8.ir.conversion.N::e (123 bytes)
Event: 481.939 Thread 0x000001f27e7a9000 nmethod 28599 0x000001f200b2a510 code [0x000001f200b2a720, 0x000001f200b2aa78]
Event: 481.948 Thread 0x000001f27e7a9000 28600   !   2       com.android.tools.build.apkzlib.zip.ZFile::notify (128 bytes)
Event: 481.948 Thread 0x000001f27e7a9000 nmethod 28600 0x000001f200ce7890 code [0x000001f200ce7ac0, 0x000001f200ce7fb8]

GC Heap History (20 events):
Event: 474.962 GC heap before
{Heap before GC invocations=128 (full 0):
 garbage-first heap   total 359424K, used 272025K [0x0000000080000000, 0x0000000100000000)
  region size 1024K, 120 young (122880K), 14 survivors (14336K)
 Metaspace       used 142489K, capacity 146527K, committed 146768K, reserved 1177600K
  class space    used 17148K, capacity 18634K, committed 18688K, reserved 1048576K
}
Event: 474.998 GC heap after
{Heap after GC invocations=129 (full 0):
 garbage-first heap   total 359424K, used 169163K [0x0000000080000000, 0x0000000100000000)
  region size 1024K, 7 young (7168K), 7 survivors (7168K)
 Metaspace       used 142489K, capacity 146527K, committed 146768K, reserved 1177600K
  class space    used 17148K, capacity 18634K, committed 18688K, reserved 1048576K
}
Event: 475.489 GC heap before
{Heap before GC invocations=129 (full 0):
 garbage-first heap   total 359424K, used 278731K [0x0000000080000000, 0x0000000100000000)
  region size 1024K, 114 young (116736K), 7 survivors (7168K)
 Metaspace       used 142586K, capacity 146600K, committed 146768K, reserved 1177600K
  class space    used 17161K, capacity 18636K, committed 18688K, reserved 1048576K
}
Event: 475.505 GC heap after
{Heap after GC invocations=130 (full 0):
 garbage-first heap   total 359424K, used 170364K [0x0000000080000000, 0x0000000100000000)
  region size 1024K, 8 young (8192K), 8 survivors (8192K)
 Metaspace       used 142586K, capacity 146600K, committed 146768K, reserved 1177600K
  class space    used 17161K, capacity 18636K, committed 18688K, reserved 1048576K
}
Event: 477.662 GC heap before
{Heap before GC invocations=131 (full 0):
 garbage-first heap   total 359424K, used 284028K [0x0000000080000000, 0x0000000100000000)
  region size 1024K, 121 young (123904K), 8 survivors (8192K)
 Metaspace       used 142414K, capacity 146246K, committed 146768K, reserved 1177600K
  class space    used 17083K, capacity 18483K, committed 18688K, reserved 1048576K
}
Event: 477.681 GC heap after
{Heap after GC invocations=132 (full 0):
 garbage-first heap   total 359424K, used 173109K [0x0000000080000000, 0x0000000100000000)
  region size 1024K, 12 young (12288K), 12 survivors (12288K)
 Metaspace       used 142414K, capacity 146246K, committed 146768K, reserved 1177600K
  class space    used 17083K, capacity 18483K, committed 18688K, reserved 1048576K
}
Event: 477.705 GC heap before
{Heap before GC invocations=132 (full 0):
 garbage-first heap   total 359424K, used 178229K [0x0000000080000000, 0x0000000100000000)
  region size 1024K, 17 young (17408K), 12 survivors (12288K)
 Metaspace       used 142436K, capacity 146247K, committed 146768K, reserved 1177600K
  class space    used 17083K, capacity 18483K, committed 18688K, reserved 1048576K
}
Event: 477.741 GC heap after
{Heap after GC invocations=133 (full 0):
 garbage-first heap   total 359424K, used 167222K [0x0000000080000000, 0x0000000100000000)
  region size 1024K, 2 young (2048K), 2 survivors (2048K)
 Metaspace       used 142436K, capacity 146247K, committed 146768K, reserved 1177600K
  class space    used 17083K, capacity 18483K, committed 18688K, reserved 1048576K
}
Event: 478.390 GC heap before
{Heap before GC invocations=133 (full 0):
 garbage-first heap   total 359424K, used 287030K [0x0000000080000000, 0x0000000100000000)
  region size 1024K, 119 young (121856K), 2 survivors (2048K)
 Metaspace       used 142757K, capacity 146613K, committed 147024K, reserved 1177600K
  class space    used 17135K, capacity 18539K, committed 18688K, reserved 1048576K
}
Event: 478.404 GC heap after
{Heap after GC invocations=134 (full 0):
 garbage-first heap   total 359424K, used 170825K [0x0000000080000000, 0x0000000100000000)
  region size 1024K, 5 young (5120K), 5 survivors (5120K)
 Metaspace       used 142757K, capacity 146613K, committed 147024K, reserved 1177600K
  class space    used 17135K, capacity 18539K, committed 18688K, reserved 1048576K
}
Event: 479.038 GC heap before
{Heap before GC invocations=134 (full 0):
 garbage-first heap   total 359424K, used 292681K [0x0000000080000000, 0x0000000100000000)
  region size 1024K, 124 young (126976K), 5 survivors (5120K)
 Metaspace       used 142840K, capacity 146744K, committed 147280K, reserved 1177600K
  class space    used 17140K, capacity 18539K, committed 18688K, reserved 1048576K
}
Event: 479.047 GC heap after
{Heap after GC invocations=135 (full 0):
 garbage-first heap   total 359424K, used 171849K [0x0000000080000000, 0x0000000100000000)
  region size 1024K, 6 young (6144K), 6 survivors (6144K)
 Metaspace       used 142840K, capacity 146744K, committed 147280K, reserved 1177600K
  class space    used 17140K, capacity 18539K, committed 18688K, reserved 1048576K
}
Event: 479.692 GC heap before
{Heap before GC invocations=135 (full 0):
 garbage-first heap   total 359424K, used 294729K [0x0000000080000000, 0x0000000100000000)
  region size 1024K, 126 young (129024K), 6 survivors (6144K)
 Metaspace       used 142903K, capacity 146821K, committed 147280K, reserved 1177600K
  class space    used 17141K, capacity 18541K, committed 18688K, reserved 1048576K
}
Event: 479.704 GC heap after
{Heap after GC invocations=136 (full 0):
 garbage-first heap   total 359424K, used 172124K [0x0000000080000000, 0x0000000100000000)
  region size 1024K, 7 young (7168K), 7 survivors (7168K)
 Metaspace       used 142903K, capacity 146821K, committed 147280K, reserved 1177600K
  class space    used 17141K, capacity 18541K, committed 18688K, reserved 1048576K
}
Event: 481.047 GC heap before
{Heap before GC invocations=137 (full 0):
 garbage-first heap   total 359424K, used 295004K [0x0000000080000000, 0x0000000100000000)
  region size 1024K, 128 young (131072K), 7 survivors (7168K)
 Metaspace       used 142968K, capacity 146861K, committed 147408K, reserved 1177600K
  class space    used 17144K, capacity 18575K, committed 18816K, reserved 1048576K
}
Event: 481.065 GC heap after
{Heap after GC invocations=138 (full 0):
 garbage-first heap   total 359424K, used 171849K [0x0000000080000000, 0x0000000100000000)
  region size 1024K, 6 young (6144K), 6 survivors (6144K)
 Metaspace       used 142968K, capacity 146861K, committed 147408K, reserved 1177600K
  class space    used 17144K, capacity 18575K, committed 18816K, reserved 1048576K
}
Event: 481.114 GC heap before
{Heap before GC invocations=138 (full 0):
 garbage-first heap   total 359424K, used 183113K [0x0000000080000000, 0x0000000100000000)
  region size 1024K, 17 young (17408K), 6 survivors (6144K)
 Metaspace       used 142969K, capacity 146861K, committed 147408K, reserved 1177600K
  class space    used 17144K, capacity 18575K, committed 18816K, reserved 1048576K
}
Event: 481.160 GC heap after
{Heap after GC invocations=139 (full 0):
 garbage-first heap   total 359424K, used 171694K [0x0000000080000000, 0x0000000100000000)
  region size 1024K, 3 young (3072K), 3 survivors (3072K)
 Metaspace       used 142969K, capacity 146861K, committed 147408K, reserved 1177600K
  class space    used 17144K, capacity 18575K, committed 18816K, reserved 1048576K
}
Event: 481.997 GC heap before
{Heap before GC invocations=139 (full 0):
 garbage-first heap   total 359424K, used 298670K [0x0000000080000000, 0x0000000100000000)
  region size 1024K, 128 young (131072K), 3 survivors (3072K)
 Metaspace       used 142991K, capacity 146928K, committed 147408K, reserved 1177600K
  class space    used 17146K, capacity 18576K, committed 18816K, reserved 1048576K
}
Event: 482.011 GC heap after
{Heap after GC invocations=140 (full 0):
 garbage-first heap   total 359424K, used 174622K [0x0000000080000000, 0x0000000100000000)
  region size 1024K, 6 young (6144K), 6 survivors (6144K)
 Metaspace       used 142991K, capacity 146928K, committed 147408K, reserved 1177600K
  class space    used 17146K, capacity 18576K, committed 18816K, reserved 1048576K
}

Deoptimization events (20 events):
Event: 480.912 Thread 0x000001f211de9000 DEOPT PACKING pc=0x000001f203a96b5a sp=0x000000cb525f9840
Event: 480.913 Thread 0x000001f211de9000 DEOPT UNPACKING pc=0x000001f200049d0e sp=0x000000cb525f8d18 mode 0
Event: 481.070 Thread 0x000001f211de9000 Uncommon trap: trap_request=0xffffff4d fr.pc=0x000001f208c0114c relative=0x0000000000005c6c
Event: 481.070 Thread 0x000001f211de9000 Uncommon trap: reason=unstable_if action=reinterpret pc=0x000001f208c0114c method=com.android.tools.r8.ir.conversion.o.a(Lcom/android/tools/r8/ir/conversion/N;IZ)V @ 603 c2
Event: 481.070 Thread 0x000001f211de9000 DEOPT PACKING pc=0x000001f208c0114c sp=0x000000cb525f9880
Event: 481.070 Thread 0x000001f211de9000 DEOPT UNPACKING pc=0x000001f2000085af sp=0x000000cb525f9890 mode 2
Event: 481.076 Thread 0x000001f211de9000 Uncommon trap: trap_request=0xffffffde fr.pc=0x000001f208bcbd5c relative=0x0000000000001d7c
Event: 481.076 Thread 0x000001f211de9000 Uncommon trap: reason=class_check action=maybe_recompile pc=0x000001f208bcbd5c method=com.android.tools.r8.s.a.h.e.b(Lcom/android/tools/r8/s/b/k0;)V @ 379 c2
Event: 481.076 Thread 0x000001f211de9000 DEOPT PACKING pc=0x000001f208bcbd5c sp=0x000000cb525f9bc0
Event: 481.076 Thread 0x000001f211de9000 DEOPT UNPACKING pc=0x000001f2000085af sp=0x000000cb525f9bc0 mode 2
Event: 481.752 Thread 0x000001f211def000 Uncommon trap: trap_request=0xffffffde fr.pc=0x000001f207d3fdd4 relative=0x0000000000000514
Event: 481.752 Thread 0x000001f211def000 Uncommon trap: reason=class_check action=maybe_recompile pc=0x000001f207d3fdd4 method=java.lang.Throwable.<init>(Ljava/lang/String;Ljava/lang/Throwable;)V @ 24 c2
Event: 481.752 Thread 0x000001f211def000 DEOPT PACKING pc=0x000001f207d3fdd4 sp=0x000000cb52ef8880
Event: 481.752 Thread 0x000001f211def000 DEOPT UNPACKING pc=0x000001f2000085af sp=0x000000cb52ef8848 mode 2
Event: 481.756 Thread 0x000001f211de4800 Uncommon trap: trap_request=0xffffff4d fr.pc=0x000001f20817597c relative=0x000000000000005c
Event: 481.756 Thread 0x000001f211de4800 Uncommon trap: reason=unstable_if action=reinterpret pc=0x000001f20817597c method=org.gradle.cache.internal.btree.FileBackedBlockStore$BlockImpl.getPos()Lorg/gradle/cache/internal/btree/BlockPointer; @ 4 c2
Event: 481.757 Thread 0x000001f211de4800 DEOPT PACKING pc=0x000001f20817597c sp=0x000000cb524fe850
Event: 481.757 Thread 0x000001f211de4800 DEOPT UNPACKING pc=0x000001f2000085af sp=0x000000cb524fe7e8 mode 2
Event: 481.805 Thread 0x000001f211de9000 DEOPT PACKING pc=0x000001f2038a8613 sp=0x000000cb525f9120
Event: 481.805 Thread 0x000001f211de9000 DEOPT UNPACKING pc=0x000001f200049d0e sp=0x000000cb525f88e0 mode 0

Classes redefined (0 events):
No events

Internal exceptions (20 events):
Event: 474.534 Thread 0x000001f211de9000 Exception <a 'sun/nio/fs/WindowsException'{0x0000000094551548}> (0x0000000094551548) thrown at [./src/hotspot/share/prims/jni.cpp, line 616]
Event: 474.589 Thread 0x000001f211de9000 Exception <a 'sun/nio/fs/WindowsException'{0x0000000093a4b078}> (0x0000000093a4b078) thrown at [./src/hotspot/share/prims/jni.cpp, line 616]
Event: 474.629 Thread 0x000001f211def000 Exception <a 'sun/nio/fs/WindowsException'{0x00000000939f2848}> (0x00000000939f2848) thrown at [./src/hotspot/share/prims/jni.cpp, line 616]
Event: 474.672 Thread 0x000001f211def000 Exception <a 'sun/nio/fs/WindowsException'{0x0000000092bb4a30}> (0x0000000092bb4a30) thrown at [./src/hotspot/share/prims/jni.cpp, line 616]
Event: 474.727 Thread 0x000001f211de9000 Exception <a 'sun/nio/fs/WindowsException'{0x0000000092240f10}> (0x0000000092240f10) thrown at [./src/hotspot/share/prims/jni.cpp, line 616]
Event: 474.801 Thread 0x000001f211def000 Exception <a 'sun/nio/fs/WindowsException'{0x000000009255b208}> (0x000000009255b208) thrown at [./src/hotspot/share/prims/jni.cpp, line 616]
Event: 474.813 Thread 0x000001f211def000 Exception <a 'sun/nio/fs/WindowsException'{0x000000009123c7e0}> (0x000000009123c7e0) thrown at [./src/hotspot/share/prims/jni.cpp, line 616]
Event: 474.828 Thread 0x000001f211de9000 Exception <a 'sun/nio/fs/WindowsException'{0x0000000091044a50}> (0x0000000091044a50) thrown at [./src/hotspot/share/prims/jni.cpp, line 616]
Event: 474.898 Thread 0x000001f211def000 Exception <a 'sun/nio/fs/WindowsException'{0x00000000904b7e30}> (0x00000000904b7e30) thrown at [./src/hotspot/share/prims/jni.cpp, line 616]
Event: 477.070 Thread 0x000001f211def000 Implicit null exception at 0x000001f208b7db4c to 0x000001f208b7dc9c
Event: 477.151 Thread 0x000001f211def000 Exception <a 'sun/nio/fs/WindowsException'{0x0000000092723fa8}> (0x0000000092723fa8) thrown at [./src/hotspot/share/prims/jni.cpp, line 616]
Event: 477.471 Thread 0x000001f211de9000 Exception <a 'sun/nio/fs/WindowsException'{0x0000000091a4f010}> (0x0000000091a4f010) thrown at [./src/hotspot/share/prims/jni.cpp, line 616]
Event: 477.491 Thread 0x000001f211def000 Exception <a 'sun/nio/fs/WindowsException'{0x000000009277e540}> (0x000000009277e540) thrown at [./src/hotspot/share/prims/jni.cpp, line 616]
Event: 477.508 Thread 0x000001f211def000 Exception <a 'sun/nio/fs/WindowsException'{0x00000000913edd78}> (0x00000000913edd78) thrown at [./src/hotspot/share/prims/jni.cpp, line 616]
Event: 477.961 Thread 0x000001f211deb800 Exception <a 'java/lang/NoSuchMethodError'{0x000000009341b628}: 'java.lang.Object java.lang.invoke.DirectMethodHandle$Holder.invokeVirtual(java.lang.Object, java.lang.Object, int)'> (0x000000009341b628) thrown at [./src/hotspot/share/interpreter/linkResolver.cpp, line 773]
Event: 478.048 Thread 0x000001f211def000 Exception <a 'sun/nio/fs/WindowsException'{0x00000000921d8f78}> (0x00000000921d8f78) thrown at [./src/hotspot/share/prims/jni.cpp, line 616]
Event: 479.189 Thread 0x000001f211def000 Exception <a 'sun/nio/fs/WindowsException'{0x000000009480f0d8}> (0x000000009480f0d8) thrown at [./src/hotspot/share/prims/jni.cpp, line 616]
Event: 480.312 Thread 0x000001f211def000 Exception <a 'sun/nio/fs/WindowsException'{0x0000000092b0aa98}> (0x0000000092b0aa98) thrown at [./src/hotspot/share/prims/jni.cpp, line 616]
Event: 480.968 Thread 0x000001f211def000 Exception <a 'sun/nio/fs/WindowsException'{0x000000008edd9c18}> (0x000000008edd9c18) thrown at [./src/hotspot/share/prims/jni.cpp, line 616]
Event: 481.749 Thread 0x000001f211def000 Exception <a 'java/lang/OutOfMemoryError'{0x00000000901d9550}> (0x00000000901d9550) thrown at [./src/hotspot/share/prims/jni.cpp, line 637]

Events (20 events):
Event: 480.643 Executing VM operation: CGC_Operation
Event: 480.705 Executing VM operation: CGC_Operation done
Event: 480.906 loading class com/android/tools/r8/code/H2
Event: 480.906 loading class com/android/tools/r8/code/H2 done
Event: 480.931 Executing VM operation: ICBufferFull
Event: 480.931 Executing VM operation: ICBufferFull done
Event: 480.960 loading class com/android/tools/r8/code/G2
Event: 480.960 loading class com/android/tools/r8/code/G2 done
Event: 481.046 Executing VM operation: G1CollectForAllocation
Event: 481.065 Executing VM operation: G1CollectForAllocation done
Event: 481.114 Executing VM operation: G1CollectForAllocation
Event: 481.160 Executing VM operation: G1CollectForAllocation done
Event: 481.749 loading class java/util/zip/DataFormatException
Event: 481.751 loading class java/util/zip/DataFormatException done
Event: 481.754 loading class org/gradle/internal/Try
Event: 481.754 loading class org/gradle/internal/Try done
Event: 481.754 loading class org/gradle/internal/execution/Result
Event: 481.754 loading class org/gradle/internal/execution/Result done
Event: 481.995 Executing VM operation: G1CollectForAllocation
Event: 482.011 Executing VM operation: G1CollectForAllocation done


Dynamic libraries:
0x00007ff745f00000 - 0x00007ff745f0a000 	C:\Program Files\Android\Android Studio\jre\bin\java.exe
0x00007fffd4da0000 - 0x00007fffd4fa9000 	C:\Windows\SYSTEM32\ntdll.dll
0x00007fffd48d0000 - 0x00007fffd498e000 	C:\Windows\System32\KERNEL32.DLL
0x00007fffd24d0000 - 0x00007fffd284b000 	C:\Windows\System32\KERNELBASE.dll
0x00007fffd28f0000 - 0x00007fffd2a01000 	C:\Windows\System32\ucrtbase.dll
0x00007fffc7100000 - 0x00007fffc7117000 	C:\Program Files\Android\Android Studio\jre\bin\VCRUNTIME140.dll
0x00007fffc7af0000 - 0x00007fffc7b09000 	C:\Program Files\Android\Android Studio\jre\bin\jli.dll
0x00007fffd2f50000 - 0x00007fffd30fd000 	C:\Windows\System32\USER32.dll
0x00007fffd2270000 - 0x00007fffd2296000 	C:\Windows\System32\win32u.dll
0x00007fffd2f20000 - 0x00007fffd2f49000 	C:\Windows\System32\GDI32.dll
0x00007fffd2b00000 - 0x00007fffd2c18000 	C:\Windows\System32\gdi32full.dll
0x00007fffd2850000 - 0x00007fffd28ed000 	C:\Windows\System32\msvcp_win.dll
0x00007fffb7900000 - 0x00007fffb7ba5000 	C:\Windows\WinSxS\amd64_microsoft.windows.common-controls_6595b64144ccf1df_6.0.22000.120_none_9d947278b86cc467\COMCTL32.dll
0x00007fffd4b90000 - 0x00007fffd4c33000 	C:\Windows\System32\msvcrt.dll
0x00007fffd3440000 - 0x00007fffd3472000 	C:\Windows\System32\IMM32.DLL
0x00007fffa6c10000 - 0x00007fffa6cad000 	C:\Program Files\Android\Android Studio\jre\bin\msvcp140.dll
0x00007fff8f7c0000 - 0x00007fff902c2000 	C:\Program Files\Android\Android Studio\jre\bin\server\jvm.dll
0x00007fffd4ae0000 - 0x00007fffd4b8e000 	C:\Windows\System32\ADVAPI32.dll
0x00007fffd2c20000 - 0x00007fffd2cbe000 	C:\Windows\System32\sechost.dll
0x00007fffd3310000 - 0x00007fffd3430000 	C:\Windows\System32\RPCRT4.dll
0x00007fffd3b40000 - 0x00007fffd3b48000 	C:\Windows\System32\PSAPI.DLL
0x00007fffcc900000 - 0x00007fffcc933000 	C:\Windows\SYSTEM32\WINMM.dll
0x00007fffccde0000 - 0x00007fffccde9000 	C:\Windows\SYSTEM32\WSOCK32.dll
0x00007fffc7550000 - 0x00007fffc755a000 	C:\Windows\SYSTEM32\VERSION.dll
0x00007fffd4860000 - 0x00007fffd48cf000 	C:\Windows\System32\WS2_32.dll
0x00007fffd12b0000 - 0x00007fffd12c8000 	C:\Windows\SYSTEM32\kernel.appcore.dll
0x00007fffc4470000 - 0x00007fffc4481000 	C:\Program Files\Android\Android Studio\jre\bin\verify.dll
0x00007fffcfe90000 - 0x00007fffd00b1000 	C:\Windows\SYSTEM32\DBGHELP.DLL
0x00007fffc76e0000 - 0x00007fffc7711000 	C:\Windows\SYSTEM32\dbgcore.DLL
0x00007fffd2a80000 - 0x00007fffd2aff000 	C:\Windows\System32\bcryptPrimitives.dll
0x00007fffc3c50000 - 0x00007fffc3c79000 	C:\Program Files\Android\Android Studio\jre\bin\java.dll
0x00007fffc7720000 - 0x00007fffc772b000 	C:\Program Files\Android\Android Studio\jre\bin\jimage.dll
0x00007fffc3cb0000 - 0x00007fffc3cc8000 	C:\Program Files\Android\Android Studio\jre\bin\zip.dll
0x00007fffd40a0000 - 0x00007fffd4857000 	C:\Windows\System32\SHELL32.dll
0x00007fffd0320000 - 0x00007fffd0b85000 	C:\Windows\SYSTEM32\windows.storage.dll
0x00007fffd3650000 - 0x00007fffd39c8000 	C:\Windows\System32\combase.dll
0x00007fffd01b0000 - 0x00007fffd0316000 	C:\Windows\SYSTEM32\wintypes.dll
0x00007fffd49f0000 - 0x00007fffd4ada000 	C:\Windows\System32\SHCORE.dll
0x00007fffd4990000 - 0x00007fffd49ed000 	C:\Windows\System32\shlwapi.dll
0x00007fffd21a0000 - 0x00007fffd21c1000 	C:\Windows\SYSTEM32\profapi.dll
0x00007fffc3650000 - 0x00007fffc366a000 	C:\Program Files\Android\Android Studio\jre\bin\net.dll
0x00007fffcd180000 - 0x00007fffcd294000 	C:\Windows\SYSTEM32\WINHTTP.dll
0x00007fffd1740000 - 0x00007fffd17a7000 	C:\Windows\system32\mswsock.dll
0x00007fffc32f0000 - 0x00007fffc3304000 	C:\Program Files\Android\Android Studio\jre\bin\nio.dll
0x00007fffcc850000 - 0x00007fffcc876000 	C:\Users\pc\.gradle\native\fdc75f09e3144964f2cf3f50f0aa648679c211496f362492102eb8c894070792\windows-amd64\native-platform.dll
0x00007fffb7d00000 - 0x00007fffb7e91000 	C:\Users\pc\.gradle\native\12488b8bf47d2d4c9fbf2f6322a914ad602e24e48041cd04a747c6da556b65c4\windows-amd64\native-platform-file-events.dll
0x00007fffc7570000 - 0x00007fffc757a000 	C:\Program Files\Android\Android Studio\jre\bin\management.dll
0x00007fffc4460000 - 0x00007fffc446d000 	C:\Program Files\Android\Android Studio\jre\bin\management_ext.dll
0x00007fffd1a20000 - 0x00007fffd1a38000 	C:\Windows\SYSTEM32\CRYPTSP.dll
0x00007fffd1210000 - 0x00007fffd1245000 	C:\Windows\system32\rsaenh.dll
0x00007fffd17e0000 - 0x00007fffd1809000 	C:\Windows\SYSTEM32\USERENV.dll
0x00007fffd1c50000 - 0x00007fffd1c77000 	C:\Windows\SYSTEM32\bcrypt.dll
0x00007fffd1930000 - 0x00007fffd193c000 	C:\Windows\SYSTEM32\CRYPTBASE.dll
0x00007fffd0de0000 - 0x00007fffd0e0d000 	C:\Windows\SYSTEM32\IPHLPAPI.DLL
0x00007fffd3430000 - 0x00007fffd3439000 	C:\Windows\System32\NSI.dll
0x00007fffcd160000 - 0x00007fffcd179000 	C:\Windows\SYSTEM32\dhcpcsvc6.DLL
0x00007fffcd3b0000 - 0x00007fffcd3ce000 	C:\Windows\SYSTEM32\dhcpcsvc.DLL
0x00007fffd0e10000 - 0x00007fffd0ef8000 	C:\Windows\SYSTEM32\DNSAPI.dll
0x00007fffcd660000 - 0x00007fffcd66c000 	C:\Windows\SYSTEM32\WINNSI.DLL
0x00007fffd12d0000 - 0x00007fffd1304000 	C:\Windows\SYSTEM32\ntmarta.dll
0x00007fff945c0000 - 0x00007fff94766000 	C:\Program Files\Android\Android Studio\jre\bin\awt.dll
0x00007fffd3570000 - 0x00007fffd3646000 	C:\Windows\System32\OLEAUT32.dll
0x00007fffcf8b0000 - 0x00007fffcf8df000 	C:\Windows\SYSTEM32\dwmapi.dll
0x00007fffcf390000 - 0x00007fffcf422000 	C:\Windows\SYSTEM32\apphelp.dll
0x00007fffcf510000 - 0x00007fffcf5bc000 	C:\Windows\system32\uxtheme.dll
0x00007fffccee0000 - 0x00007fffccee8000 	C:\Program Files\Android\Android Studio\jre\bin\rmi.dll

dbghelp: loaded successfully - version: 4.0.5 - missing functions: none
symbol engine: initialized successfully - sym options: 0x614 - pdb path: .;C:\Program Files\Android\Android Studio\jre\bin;C:\Windows\SYSTEM32;C:\Windows\WinSxS\amd64_microsoft.windows.common-controls_6595b64144ccf1df_6.0.22000.120_none_9d947278b86cc467;C:\Program Files\Android\Android Studio\jre\bin\server;C:\Users\pc\.gradle\native\fdc75f09e3144964f2cf3f50f0aa648679c211496f362492102eb8c894070792\windows-amd64;C:\Users\pc\.gradle\native\12488b8bf47d2d4c9fbf2f6322a914ad602e24e48041cd04a747c6da556b65c4\windows-amd64

VM Arguments:
jvm_args: --add-opens=java.base/java.util=ALL-UNNAMED --add-opens=java.base/java.lang=ALL-UNNAMED --add-opens=java.base/java.lang.invoke=ALL-UNNAMED --add-opens=java.prefs/java.util.prefs=ALL-UNNAMED -Xmx2048m -Dfile.encoding=UTF-8 -Duser.country=IN -Duser.language=en -Duser.variant 
java_command: org.gradle.launcher.daemon.bootstrap.GradleDaemon 6.7
java_class_path (initial): C:\Users\pc\.gradle\wrapper\dists\gradle-6.7-bin\efvqh8uyq79v2n7rcncuhu9sv\gradle-6.7\lib\gradle-launcher-6.7.jar
Launcher Type: SUN_STANDARD

[Global flags]
     intx CICompilerCount                          = 3                                         {product} {ergonomic}
     uint ConcGCThreads                            = 1                                         {product} {ergonomic}
     uint G1ConcRefinementThreads                  = 4                                         {product} {ergonomic}
   size_t G1HeapRegionSize                         = 1048576                                   {product} {ergonomic}
    uintx GCDrainStackTargetSize                   = 64                                        {product} {ergonomic}
   size_t InitialHeapSize                          = 132120576                                 {product} {ergonomic}
   size_t MarkStackSize                            = 4194304                                   {product} {ergonomic}
   size_t MaxHeapSize                              = 2147483648                                {product} {command line}
   size_t MaxNewSize                               = 1287651328                                {product} {ergonomic}
   size_t MinHeapDeltaBytes                        = 1048576                                   {product} {ergonomic}
    uintx NonNMethodCodeHeapSize                   = 5830732                                {pd product} {ergonomic}
    uintx NonProfiledCodeHeapSize                  = 122913754                              {pd product} {ergonomic}
    uintx ProfiledCodeHeapSize                     = 122913754                              {pd product} {ergonomic}
    uintx ReservedCodeCacheSize                    = 251658240                              {pd product} {ergonomic}
     bool SegmentedCodeCache                       = true                                      {product} {ergonomic}
     bool UseCompressedClassPointers               = true                                 {lp64_product} {ergonomic}
     bool UseCompressedOops                        = true                                 {lp64_product} {ergonomic}
     bool UseG1GC                                  = true                                      {product} {ergonomic}
     bool UseLargePagesIndividualAllocation        = false                                  {pd product} {ergonomic}

Logging:
Log output configuration:
 #0: stdout all=warning uptime,level,tags
 #1: stderr all=off uptime,level,tags

Environment Variables:
PATH=C:\Program Files\Common Files\Oracle\Java\javapath;C:\Program Files (x86)\Common Files\Oracle\Java\javapath;C:\Windows\system32;C:\Windows;C:\Windows\System32\Wbem;C:\Windows\System32\WindowsPowerShell\v1.0\;C:\Windows\System32\OpenSSH\;C:\Program Files\Git\cmd;C:\Users\pc\AppData\Local\Microsoft\WindowsApps;
USERNAME=pc
OS=Windows_NT
PROCESSOR_IDENTIFIER=Intel64 Family 6 Model 140 Stepping 1, GenuineIntel



---------------  S Y S T E M  ---------------

OS: Windows 11 , 64 bit Build 22000 (10.0.22000.1335)
OS uptime: 30 days 8:21 hours
Hyper-V role detected

CPU:total 4 (initial active 4) (2 cores per cpu, 2 threads per core) family 6 model 140 stepping 1 microcode 0x86, cmov, cx8, fxsr, mmx, sse, sse2, sse3, ssse3, sse4.1, sse4.2, popcnt, avx, avx2, aes, clmul, erms, 3dnowpref, lzcnt, ht, tsc, tscinvbit, bmi1, bmi2, adx, evex, sha, fma

Memory: 4k page, system-wide physical 7975M (220M free)
TotalPageFile size 32551M (AvailPageFile size 3M)
current process WorkingSet (physical memory assigned to process): 627M, peak: 645M
current process commit charge ("private bytes"): 809M, peak: 809M

vm_info: OpenJDK 64-Bit Server VM (11.0.13+0-b1751.21-8125866) for windows-amd64 JRE (11.0.13+0-b1751.21-8125866), built on Feb  2 2022 03:00:22 by "builder" with MS VC++ 14.0 (VS2015)

END.
