#
# There is insufficient memory for the Java Runtime Environment to continue.
# Native memory allocation (mmap) failed to map 340787200 bytes for Failed to commit area from 0x0000000096200000 to 0x00000000aa700000 of length 340787200.
# Possible reasons:
#   The system is out of physical RAM or swap space
#   The process is running with CompressedOops enabled, and the Java Heap may be blocking the growth of the native heap
# Possible solutions:
#   Reduce memory load on the system
#   Increase physical memory or swap space
#   Check if swap backing store is full
#   Decrease Java heap size (-Xmx/-Xms)
#   Decrease number of Java threads
#   Decrease Java thread stack sizes (-Xss)
#   Set larger code cache with -XX:ReservedCodeCacheSize=
#   JVM is running with Unscaled Compressed Oops mode in which the Java heap is
#     placed in the first 4GB address space. The Java Heap base address is the
#     maximum limit for the native heap growth. Please use -XX:HeapBaseMinAddress
#     to set the Java Heap base and to place the Java Heap above 4GB virtual address.
# This output file may be truncated or incomplete.
#
#  Out of Memory Error (./src/hotspot/os/windows/os_windows.cpp:3619), pid=221772, tid=220716
#
# JRE version: OpenJDK Runtime Environment (11.0.13) (build 11.0.13+0-b1751.21-8125866)
# Java VM: OpenJDK 64-Bit Server VM (11.0.13+0-b1751.21-8125866, mixed mode, tiered, compressed oops, g1 gc, windows-amd64)
# No core dump will be written. Minidumps are not enabled by default on client versions of Windows
#

---------------  S U M M A R Y ------------

Command Line: --add-opens=java.base/java.util=ALL-UNNAMED --add-opens=java.base/java.lang=ALL-UNNAMED --add-opens=java.base/java.lang.invoke=ALL-UNNAMED --add-opens=java.prefs/java.util.prefs=ALL-UNNAMED -Xmx2048m -Dfile.encoding=UTF-8 -Duser.country=IN -Duser.language=en -Duser.variant org.gradle.launcher.daemon.bootstrap.GradleDaemon 6.7

Host: 11th Gen Intel(R) Core(TM) i3-1115G4 @ 3.00GHz, 4 cores, 7G,  Windows 11 , 64 bit Build 22000 (10.0.22000.1335)
Time: Wed Jan 25 17:39:38 2023 India Standard Time elapsed time: 438.998114 seconds (0d 0h 7m 18s)

---------------  T H R E A D  ---------------

Current thread (0x000002d3fd1d8000):  VMThread "VM Thread" [stack: 0x000000f430600000,0x000000f430700000] [id=220716]

Stack: [0x000000f430600000,0x000000f430700000]
[error occurred during error reporting (printing stack bounds), id 0xc0000005, EXCEPTION_ACCESS_VIOLATION (0xc0000005) at pc=0x000002d3e71012e7]

Native frames: (J=compiled Java code, j=interpreted, Vv=VM code, C=native code)
V  [jvm.dll+0x6100fa]
V  [jvm.dll+0x747090]
V  [jvm.dll+0x7486ad]
V  [jvm.dll+0x748ce5]
V  [jvm.dll+0x748c9b]
V  [jvm.dll+0x60f224]
V  [jvm.dll+0x60f9b8]
C  [ntdll.dll+0xa8b1f]
C  [ntdll.dll+0x35b9a]
C  [ntdll.dll+0xa7b2e]
C  0x000002d3e71012e7

VM_Operation (0x000000f43caf9840): G1CollectForAllocation, mode: safepoint, requested by thread 0x000002d3826b4800


---------------  P R O C E S S  ---------------

Threads class SMR info:
_java_thread_list=0x000002d388e91ee0, length=51, elements={
0x000002d3e35dc000, 0x000002d3fd1dc000, 0x000002d3fd1df000, 0x000002d3fdb72800,
0x000002d3fd1fe000, 0x000002d3fd1ff000, 0x000002d3fd203000, 0x000002d3fd206000,
0x000002d3fd208000, 0x000002d3fdca8000, 0x000002d3ff5b2800, 0x000002d3ff376000,
0x000002d38079b800, 0x000002d3fe6ed000, 0x000002d3fdd04800, 0x000002d3ff563000,
0x000002d3ff566800, 0x000002d3ff565000, 0x000002d3ff561800, 0x000002d38197b000,
0x000002d380327000, 0x000002d380322000, 0x000002d380320800, 0x000002d380324000,
0x000002d380321800, 0x000002d380323000, 0x000002d380325800, 0x000002d380320000,
0x000002d380329800, 0x000002d38032b000, 0x000002d380328800, 0x000002d38032a800,
0x000002d38032c000, 0x000002d380326800, 0x000002d3826b2800, 0x000002d3826b4800,
0x000002d3826ae800, 0x000002d3826b5000, 0x000002d3826af800, 0x000002d3826ba000,
0x000002d3826bb000, 0x000002d3826b6000, 0x000002d3826b7800, 0x000002d3826c2000,
0x000002d3826c5800, 0x000002d3826c6800, 0x000002d3826c3000, 0x000002d3826c4800,
0x000002d388e50000, 0x000002d388e50800, 0x000002d388e51800
}

Java Threads: ( => current thread )
  0x000002d3e35dc000 JavaThread "main" [_thread_blocked, id=221044, stack(0x000000f430000000,0x000000f430100000)]
  0x000002d3fd1dc000 JavaThread "Reference Handler" daemon [_thread_blocked, id=186744, stack(0x000000f430700000,0x000000f430800000)]
  0x000002d3fd1df000 JavaThread "Finalizer" daemon [_thread_blocked, id=221428, stack(0x000000f430800000,0x000000f430900000)]
  0x000002d3fdb72800 JavaThread "Signal Dispatcher" daemon [_thread_blocked, id=221072, stack(0x000000f430900000,0x000000f430a00000)]
  0x000002d3fd1fe000 JavaThread "Attach Listener" daemon [_thread_blocked, id=221568, stack(0x000000f430a00000,0x000000f430b00000)]
  0x000002d3fd1ff000 JavaThread "Service Thread" daemon [_thread_blocked, id=221068, stack(0x000000f430b00000,0x000000f430c00000)]
  0x000002d3fd203000 JavaThread "C2 CompilerThread0" daemon [_thread_blocked, id=213316, stack(0x000000f430c00000,0x000000f430d00000)]
  0x000002d3fd206000 JavaThread "C1 CompilerThread0" daemon [_thread_blocked, id=221580, stack(0x000000f430d00000,0x000000f430e00000)]
  0x000002d3fd208000 JavaThread "Sweeper thread" daemon [_thread_blocked, id=218020, stack(0x000000f430e00000,0x000000f430f00000)]
  0x000002d3fdca8000 JavaThread "Common-Cleaner" daemon [_thread_blocked, id=161488, stack(0x000000f430f00000,0x000000f431000000)]
  0x000002d3ff5b2800 JavaThread "Daemon health stats" [_thread_blocked, id=218876, stack(0x000000f431300000,0x000000f431400000)]
  0x000002d3ff376000 JavaThread "Incoming local TCP Connector on port 50003" [_thread_in_native, id=220732, stack(0x000000f431600000,0x000000f431700000)]
  0x000002d38079b800 JavaThread "Daemon periodic checks" [_thread_blocked, id=222000, stack(0x000000f431700000,0x000000f431800000)]
  0x000002d3fe6ed000 JavaThread "Daemon" [_thread_blocked, id=218636, stack(0x000000f431800000,0x000000f431900000)]
  0x000002d3fdd04800 JavaThread "Daemon worker" [_thread_blocked, id=221684, stack(0x000000f431b00000,0x000000f431c00000)]
  0x000002d3ff563000 JavaThread "Cache worker for file hash cache (C:\Users\pc\.gradle\caches\6.7\fileHashes)" [_thread_blocked, id=221364, stack(0x000000f432000000,0x000000f432100000)]
  0x000002d3ff566800 JavaThread "File lock request listener" [_thread_in_native, id=215272, stack(0x000000f432100000,0x000000f432200000)]
  0x000002d3ff565000 JavaThread "Cache worker for journal cache (C:\Users\pc\.gradle\caches\journal-1)" [_thread_blocked, id=219616, stack(0x000000f432200000,0x000000f432300000)]
  0x000002d3ff561800 JavaThread "Cache worker for execution history cache (C:\Users\pc\.gradle\caches\6.7\executionHistory)" [_thread_blocked, id=219880, stack(0x000000f432700000,0x000000f432800000)]
  0x000002d38197b000 JavaThread "Cache worker for file content cache (C:\Users\pc\.gradle\caches\6.7\fileContent)" [_thread_blocked, id=219392, stack(0x000000f432900000,0x000000f432a00000)]
  0x000002d380327000 JavaThread "Memory manager" [_thread_blocked, id=206852, stack(0x000000f43c800000,0x000000f43c900000)]
  0x000002d380322000 JavaThread "Handler for socket connection from /127.0.0.1:50003 to /127.0.0.1:50019" [_thread_in_native, id=221916, stack(0x000000f431900000,0x000000f431a00000)]
  0x000002d380320800 JavaThread "Cancel handler" [_thread_blocked, id=208440, stack(0x000000f431a00000,0x000000f431b00000)]
  0x000002d380324000 JavaThread "Asynchronous log dispatcher for DefaultDaemonConnection: socket connection from /127.0.0.1:50003 to /127.0.0.1:50019" [_thread_blocked, id=212764, stack(0x000000f431c00000,0x000000f431d00000)]
  0x000002d380321800 JavaThread "Thread-185" [_thread_blocked, id=222048, stack(0x000000f431e00000,0x000000f431f00000)]
  0x000002d380323000 JavaThread "Cache worker for file hash cache (D:\workspace\ApolloPharmacyVishwam\.gradle\6.7\fileHashes)" [_thread_blocked, id=210088, stack(0x000000f432300000,0x000000f432400000)]
  0x000002d380325800 JavaThread "Cache worker for checksums cache (D:\workspace\ApolloPharmacyVishwam\.gradle\checksums)" [_thread_blocked, id=205904, stack(0x000000f432400000,0x000000f432500000)]
  0x000002d380320000 JavaThread "Cache worker for cache directory md-supplier (C:\Users\pc\.gradle\caches\6.7\md-supplier)" [_thread_blocked, id=219352, stack(0x000000f432500000,0x000000f432600000)]
  0x000002d380329800 JavaThread "Cache worker for cache directory md-rule (C:\Users\pc\.gradle\caches\6.7\md-rule)" [_thread_blocked, id=202528, stack(0x000000f432600000,0x000000f432700000)]
  0x000002d38032b000 JavaThread "Cache worker for Build Output Cleanup Cache (D:\workspace\ApolloPharmacyVishwam\.gradle\buildOutputCleanup)" [_thread_blocked, id=200508, stack(0x000000f432800000,0x000000f432900000)]
  0x000002d380328800 JavaThread "Build operations" [_thread_blocked, id=207284, stack(0x000000f432a00000,0x000000f432b00000)]
  0x000002d38032a800 JavaThread "Build operations Thread 2" [_thread_blocked, id=221040, stack(0x000000f432b00000,0x000000f432c00000)]
  0x000002d38032c000 JavaThread "Build operations Thread 3" [_thread_blocked, id=213052, stack(0x000000f432c00000,0x000000f432d00000)]
  0x000002d380326800 JavaThread "Build operations Thread 4" [_thread_blocked, id=179536, stack(0x000000f432d00000,0x000000f432e00000)]
  0x000002d3826b2800 JavaThread "Execution worker for ':'" [_thread_blocked, id=222148, stack(0x000000f43c900000,0x000000f43ca00000)]
  0x000002d3826b4800 JavaThread "Execution worker for ':' Thread 2" [_thread_blocked, id=220780, stack(0x000000f43ca00000,0x000000f43cb00000)]
  0x000002d3826ae800 JavaThread "Execution worker for ':' Thread 3" [_thread_blocked, id=220244, stack(0x000000f43cb00000,0x000000f43cc00000)]
  0x000002d3826b5000 JavaThread "Cache worker for execution history cache (D:\workspace\ApolloPharmacyVishwam\.gradle\6.7\executionHistory)" [_thread_blocked, id=195908, stack(0x000000f43cc00000,0x000000f43cd00000)]
  0x000002d3826af800 JavaThread "WorkerExecutor Queue" [_thread_blocked, id=214832, stack(0x000000f43cd00000,0x000000f43ce00000)]
  0x000002d3826ba000 JavaThread "WorkerExecutor Queue Thread 3" [_thread_blocked, id=222032, stack(0x000000f43d000000,0x000000f43d100000)]
  0x000002d3826bb000 JavaThread "WorkerExecutor Queue Thread 4" [_thread_blocked, id=222060, stack(0x000000f43d100000,0x000000f43d200000)]
  0x000002d3826b6000 JavaThread "WorkerExecutor Queue Thread 5" [_thread_blocked, id=218572, stack(0x000000f43d400000,0x000000f43d500000)]
  0x000002d3826b7800 JavaThread "Java2D Disposer" daemon [_thread_blocked, id=220968, stack(0x000000f43d500000,0x000000f43d600000)]
  0x000002d3826c2000 JavaThread "ForkJoinPool-1-worker-7" daemon [_thread_blocked, id=220048, stack(0x000000f43e000000,0x000000f43e100000)]
  0x000002d3826c5800 JavaThread "Cache worker for Java compile cache (C:\Users\pc\.gradle\caches\6.7\javaCompile)" [_thread_blocked, id=216720, stack(0x000000f43e100000,0x000000f43e200000)]
  0x000002d3826c6800 JavaThread "Cache worker for Java compile cache (D:\workspace\ApolloPharmacyVishwam\.gradle\6.7\javaCompile)" [_thread_blocked, id=220352, stack(0x000000f43e200000,0x000000f43e300000)]
  0x000002d3826c3000 JavaThread "RMI Scheduler(0)" daemon [_thread_blocked, id=221088, stack(0x000000f43e300000,0x000000f43e400000)]
  0x000002d3826c4800 JavaThread "RMI GC Daemon" daemon [_thread_blocked, id=220036, stack(0x000000f43e500000,0x000000f43e600000)]
  0x000002d388e50000 JavaThread "RMI TCP Accept-0" daemon [_thread_in_native, id=220396, stack(0x000000f43e600000,0x000000f43e700000)]
  0x000002d388e50800 JavaThread "RMI Reaper" [_thread_blocked, id=216496, stack(0x000000f43e700000,0x000000f43e800000)]
  0x000002d388e51800 JavaThread "RMI TCP Connection(2)-127.0.0.1" daemon [_thread_in_native, id=221808, stack(0x000000f431400000,0x000000f431500000)]

Other Threads:
=>0x000002d3fd1d8000 VMThread "VM Thread" [stack: 0x000000f430600000,0x000000f430700000] [id=220716]
  0x000002d3fdd16000 WatcherThread [stack: 0x000000f431000000,0x000000f431100000] [id=221748]
  0x000002d3e35f4800 GCTaskThread "GC Thread#0" [stack: 0x000000f430100000,0x000000f430200000] [id=221556]
  0x000002d3fe089800 GCTaskThread "GC Thread#1" [stack: 0x000000f431100000,0x000000f431200000] [id=214196]
  0x000002d3fe4d4000 GCTaskThread "GC Thread#2" [stack: 0x000000f431200000,0x000000f431300000] [id=212656]
  0x000002d3ff707800 GCTaskThread "GC Thread#3" [stack: 0x000000f431f00000,0x000000f432000000] [id=221128]
  0x000002d3e3626000 ConcurrentGCThread "G1 Main Marker" [stack: 0x000000f430200000,0x000000f430300000] [id=219600]
  0x000002d3e3628000 ConcurrentGCThread "G1 Conc#0" [stack: 0x000000f430300000,0x000000f430400000] [id=210800]
  0x000002d3e36b6800 ConcurrentGCThread "G1 Refine#0" [stack: 0x000000f430400000,0x000000f430500000] [id=217816]
  0x000002d380516000 ConcurrentGCThread "G1 Refine#1" [stack: 0x000000f42fe00000,0x000000f42ff00000] [id=221784]
  0x000002d3fdd01800 ConcurrentGCThread "G1 Refine#2" [stack: 0x000000f42ff00000,0x000000f430000000] [id=219788]
  0x000002d3e36b7800 ConcurrentGCThread "G1 Young RemSet Sampling" [stack: 0x000000f430500000,0x000000f430600000] [id=210792]

Threads with active compile tasks:
C2 CompilerThread0 439026 22953       4       com.sun.tools.javac.jvm.Pool::makePoolValue (111 bytes)

VM state:at safepoint (normal execution)

VM Mutex/Monitor currently owned by a thread:  ([mutex/lock_event])
[0x000002d3e35d7b10] Threads_lock - owner thread: 0x000002d3fd1d8000
[0x000002d3e35d7de0] Heap_lock - owner thread: 0x000002d3826b4800

Heap address: 0x0000000080000000, size: 2048 MB, Compressed Oops mode: 32-bit
Narrow klass base: 0x0000000000000000, Narrow klass shift: 3
Compressed class space size: 1073741824 Address: 0x0000000100000000

Heap:
 garbage-first heap   total 695296K, used 244640K [0x0000000080000000, 0x0000000100000000)
  region size 1024K, 7 young (7168K), 7 survivors (7168K)
 Metaspace       used 129754K, capacity 133190K, committed 133320K, reserved 1165312K
  class space    used 15563K, capacity 16796K, committed 16920K, reserved 1048576K
Heap Regions: E=young(eden), S=young(survivor), O=old, HS=humongous(starts), HC=humongous(continues), CS=collection set, F=free, A=archive, TAMS=top-at-mark-start (previous, next)
|   0|0x0000000080000000, 0x0000000080100000, 0x0000000080100000|100%| O|  |TAMS 0x0000000080100000, 0x0000000080000000| Untracked 
|   1|0x0000000080100000, 0x0000000080200000, 0x0000000080200000|100%| O|  |TAMS 0x0000000080200000, 0x0000000080100000| Untracked 
|   2|0x0000000080200000, 0x0000000080300000, 0x0000000080300000|100%| O|  |TAMS 0x0000000080300000, 0x0000000080200000| Untracked 
|   3|0x0000000080300000, 0x0000000080400000, 0x0000000080400000|100%|HS|  |TAMS 0x0000000080400000, 0x0000000080300000| Complete 
|   4|0x0000000080400000, 0x0000000080500000, 0x0000000080500000|100%|HC|  |TAMS 0x0000000080500000, 0x0000000080400000| Complete 
|   5|0x0000000080500000, 0x0000000080600000, 0x0000000080600000|100%|HC|  |TAMS 0x0000000080600000, 0x0000000080500000| Complete 
|   6|0x0000000080600000, 0x0000000080700000, 0x0000000080700000|100%| O|  |TAMS 0x0000000080700000, 0x0000000080600000| Untracked 
|   7|0x0000000080700000, 0x0000000080800000, 0x0000000080800000|100%| O|  |TAMS 0x0000000080800000, 0x0000000080700000| Untracked 
|   8|0x0000000080800000, 0x0000000080900000, 0x0000000080900000|100%| O|  |TAMS 0x0000000080900000, 0x0000000080800000| Untracked 
|   9|0x0000000080900000, 0x0000000080a00000, 0x0000000080a00000|100%| O|  |TAMS 0x0000000080a00000, 0x0000000080900000| Untracked 
|  10|0x0000000080a00000, 0x0000000080b00000, 0x0000000080b00000|100%| O|  |TAMS 0x0000000080b00000, 0x0000000080a00000| Untracked 
|  11|0x0000000080b00000, 0x0000000080c00000, 0x0000000080c00000|100%| O|  |TAMS 0x0000000080c00000, 0x0000000080b00000| Untracked 
|  12|0x0000000080c00000, 0x0000000080d00000, 0x0000000080d00000|100%| O|  |TAMS 0x0000000080d00000, 0x0000000080c00000| Untracked 
|  13|0x0000000080d00000, 0x0000000080e00000, 0x0000000080e00000|100%| O|  |TAMS 0x0000000080e00000, 0x0000000080d00000| Untracked 
|  14|0x0000000080e00000, 0x0000000080f00000, 0x0000000080f00000|100%| O|  |TAMS 0x0000000080f00000, 0x0000000080e00000| Untracked 
|  15|0x0000000080f00000, 0x0000000081000000, 0x0000000081000000|100%| O|  |TAMS 0x0000000081000000, 0x0000000080f00000| Untracked 
|  16|0x0000000081000000, 0x0000000081100000, 0x0000000081100000|100%| O|  |TAMS 0x0000000081100000, 0x0000000081000000| Untracked 
|  17|0x0000000081100000, 0x0000000081200000, 0x0000000081200000|100%| O|  |TAMS 0x0000000081200000, 0x0000000081100000| Untracked 
|  18|0x0000000081200000, 0x0000000081300000, 0x0000000081300000|100%| O|  |TAMS 0x0000000081300000, 0x0000000081200000| Untracked 
|  19|0x0000000081300000, 0x0000000081400000, 0x0000000081400000|100%|HS|  |TAMS 0x0000000081400000, 0x0000000081300000| Complete 
|  20|0x0000000081400000, 0x0000000081500000, 0x0000000081500000|100%| O|  |TAMS 0x0000000081500000, 0x0000000081400000| Untracked 
|  21|0x0000000081500000, 0x0000000081600000, 0x0000000081600000|100%| O|  |TAMS 0x0000000081600000, 0x0000000081500000| Untracked 
|  22|0x0000000081600000, 0x0000000081700000, 0x0000000081700000|100%|HS|  |TAMS 0x0000000081700000, 0x0000000081600000| Complete 
|  23|0x0000000081700000, 0x0000000081800000, 0x0000000081800000|100%|HC|  |TAMS 0x0000000081800000, 0x0000000081700000| Complete 
|  24|0x0000000081800000, 0x0000000081900000, 0x0000000081900000|100%|HC|  |TAMS 0x0000000081900000, 0x0000000081800000| Complete 
|  25|0x0000000081900000, 0x0000000081a00000, 0x0000000081a00000|100%|HS|  |TAMS 0x0000000081a00000, 0x0000000081900000| Complete 
|  26|0x0000000081a00000, 0x0000000081b00000, 0x0000000081b00000|100%|HC|  |TAMS 0x0000000081b00000, 0x0000000081a00000| Complete 
|  27|0x0000000081b00000, 0x0000000081c00000, 0x0000000081c00000|100%| O|  |TAMS 0x0000000081c00000, 0x0000000081b00000| Untracked 
|  28|0x0000000081c00000, 0x0000000081d00000, 0x0000000081d00000|100%| O|  |TAMS 0x0000000081d00000, 0x0000000081c00000| Untracked 
|  29|0x0000000081d00000, 0x0000000081e00000, 0x0000000081e00000|100%| O|  |TAMS 0x0000000081e00000, 0x0000000081d00000| Untracked 
|  30|0x0000000081e00000, 0x0000000081f00000, 0x0000000081f00000|100%| O|  |TAMS 0x0000000081f00000, 0x0000000081e00000| Untracked 
|  31|0x0000000081f00000, 0x0000000082000000, 0x0000000082000000|100%| O|  |TAMS 0x0000000082000000, 0x0000000081f00000| Untracked 
|  32|0x0000000082000000, 0x0000000082100000, 0x0000000082100000|100%| O|  |TAMS 0x0000000082100000, 0x0000000082000000| Untracked 
|  33|0x0000000082100000, 0x0000000082200000, 0x0000000082200000|100%| O|  |TAMS 0x0000000082200000, 0x0000000082100000| Untracked 
|  34|0x0000000082200000, 0x0000000082300000, 0x0000000082300000|100%| O|  |TAMS 0x0000000082300000, 0x0000000082200000| Untracked 
|  35|0x0000000082300000, 0x0000000082400000, 0x0000000082400000|100%| O|  |TAMS 0x00000000823cfe00, 0x0000000082300000| Untracked 
|  36|0x0000000082400000, 0x0000000082500000, 0x0000000082500000|100%| O|  |TAMS 0x0000000082500000, 0x0000000082400000| Untracked 
|  37|0x0000000082500000, 0x0000000082600000, 0x0000000082600000|100%| O|  |TAMS 0x0000000082600000, 0x0000000082500000| Untracked 
|  38|0x0000000082600000, 0x0000000082700000, 0x0000000082700000|100%| O|  |TAMS 0x0000000082700000, 0x0000000082600000| Untracked 
|  39|0x0000000082700000, 0x0000000082800000, 0x0000000082800000|100%| O|  |TAMS 0x0000000082800000, 0x0000000082700000| Untracked 
|  40|0x0000000082800000, 0x0000000082900000, 0x0000000082900000|100%| O|  |TAMS 0x0000000082900000, 0x0000000082800000| Untracked 
|  41|0x0000000082900000, 0x0000000082a00000, 0x0000000082a00000|100%| O|  |TAMS 0x0000000082a00000, 0x0000000082900000| Untracked 
|  42|0x0000000082a00000, 0x0000000082b00000, 0x0000000082b00000|100%| O|  |TAMS 0x0000000082b00000, 0x0000000082a00000| Untracked 
|  43|0x0000000082b00000, 0x0000000082c00000, 0x0000000082c00000|100%| O|  |TAMS 0x0000000082c00000, 0x0000000082b00000| Untracked 
|  44|0x0000000082c00000, 0x0000000082d00000, 0x0000000082d00000|100%| O|  |TAMS 0x0000000082d00000, 0x0000000082c00000| Untracked 
|  45|0x0000000082d00000, 0x0000000082e00000, 0x0000000082e00000|100%| O|  |TAMS 0x0000000082e00000, 0x0000000082d00000| Untracked 
|  46|0x0000000082e00000, 0x0000000082f00000, 0x0000000082f00000|100%| O|  |TAMS 0x0000000082f00000, 0x0000000082e00000| Untracked 
|  47|0x0000000082f00000, 0x0000000083000000, 0x0000000083000000|100%| O|  |TAMS 0x0000000083000000, 0x0000000082f00000| Untracked 
|  48|0x0000000083000000, 0x0000000083100000, 0x0000000083100000|100%| O|  |TAMS 0x0000000083100000, 0x0000000083000000| Untracked 
|  49|0x0000000083100000, 0x0000000083200000, 0x0000000083200000|100%| O|  |TAMS 0x0000000083200000, 0x0000000083100000| Untracked 
|  50|0x0000000083200000, 0x0000000083300000, 0x0000000083300000|100%| O|  |TAMS 0x0000000083300000, 0x0000000083200000| Untracked 
|  51|0x0000000083300000, 0x0000000083400000, 0x0000000083400000|100%| O|  |TAMS 0x0000000083400000, 0x0000000083300000| Untracked 
|  52|0x0000000083400000, 0x0000000083500000, 0x0000000083500000|100%| O|  |TAMS 0x0000000083500000, 0x0000000083400000| Untracked 
|  53|0x0000000083500000, 0x0000000083600000, 0x0000000083600000|100%| O|  |TAMS 0x0000000083600000, 0x0000000083500000| Untracked 
|  54|0x0000000083600000, 0x0000000083700000, 0x0000000083700000|100%| O|  |TAMS 0x0000000083700000, 0x0000000083600000| Untracked 
|  55|0x0000000083700000, 0x0000000083800000, 0x0000000083800000|100%| O|  |TAMS 0x0000000083800000, 0x0000000083700000| Untracked 
|  56|0x0000000083800000, 0x0000000083900000, 0x0000000083900000|100%| O|  |TAMS 0x0000000083900000, 0x0000000083800000| Untracked 
|  57|0x0000000083900000, 0x0000000083a00000, 0x0000000083a00000|100%| O|  |TAMS 0x0000000083a00000, 0x0000000083900000| Untracked 
|  58|0x0000000083a00000, 0x0000000083b00000, 0x0000000083b00000|100%| O|  |TAMS 0x0000000083b00000, 0x0000000083a00000| Untracked 
|  59|0x0000000083b00000, 0x0000000083c00000, 0x0000000083c00000|100%| O|  |TAMS 0x0000000083c00000, 0x0000000083b00000| Untracked 
|  60|0x0000000083c00000, 0x0000000083d00000, 0x0000000083d00000|100%| O|  |TAMS 0x0000000083d00000, 0x0000000083c00000| Untracked 
|  61|0x0000000083d00000, 0x0000000083e00000, 0x0000000083e00000|100%| O|  |TAMS 0x0000000083e00000, 0x0000000083d00000| Untracked 
|  62|0x0000000083e00000, 0x0000000083f00000, 0x0000000083f00000|100%| O|  |TAMS 0x0000000083f00000, 0x0000000083e00000| Untracked 
|  63|0x0000000083f00000, 0x0000000084000000, 0x0000000084000000|100%| O|  |TAMS 0x0000000084000000, 0x0000000083f00000| Untracked 
|  64|0x0000000084000000, 0x0000000084100000, 0x0000000084100000|100%| O|  |TAMS 0x0000000084100000, 0x0000000084000000| Untracked 
|  65|0x0000000084100000, 0x0000000084200000, 0x0000000084200000|100%| O|  |TAMS 0x0000000084200000, 0x0000000084100000| Untracked 
|  66|0x0000000084200000, 0x0000000084300000, 0x0000000084300000|100%| O|  |TAMS 0x0000000084300000, 0x0000000084200000| Untracked 
|  67|0x0000000084300000, 0x0000000084400000, 0x0000000084400000|100%| O|  |TAMS 0x0000000084300000, 0x0000000084300000| Untracked 
|  68|0x0000000084400000, 0x0000000084500000, 0x0000000084500000|100%| O|  |TAMS 0x0000000084500000, 0x0000000084400000| Untracked 
|  69|0x0000000084500000, 0x0000000084600000, 0x0000000084600000|100%| O|  |TAMS 0x0000000084600000, 0x0000000084500000| Untracked 
|  70|0x0000000084600000, 0x0000000084700000, 0x0000000084700000|100%| O|  |TAMS 0x0000000084700000, 0x0000000084600000| Untracked 
|  71|0x0000000084700000, 0x0000000084800000, 0x0000000084800000|100%| O|  |TAMS 0x0000000084800000, 0x0000000084700000| Untracked 
|  72|0x0000000084800000, 0x0000000084900000, 0x0000000084900000|100%| O|  |TAMS 0x0000000084900000, 0x0000000084800000| Untracked 
|  73|0x0000000084900000, 0x0000000084a00000, 0x0000000084a00000|100%| O|  |TAMS 0x0000000084a00000, 0x0000000084900000| Untracked 
|  74|0x0000000084a00000, 0x0000000084b00000, 0x0000000084b00000|100%| O|  |TAMS 0x0000000084b00000, 0x0000000084a00000| Untracked 
|  75|0x0000000084b00000, 0x0000000084c00000, 0x0000000084c00000|100%| O|  |TAMS 0x0000000084c00000, 0x0000000084b00000| Untracked 
|  76|0x0000000084c00000, 0x0000000084d00000, 0x0000000084d00000|100%| O|  |TAMS 0x0000000084d00000, 0x0000000084c00000| Untracked 
|  77|0x0000000084d00000, 0x0000000084e00000, 0x0000000084e00000|100%| O|  |TAMS 0x0000000084e00000, 0x0000000084d00000| Untracked 
|  78|0x0000000084e00000, 0x0000000084f00000, 0x0000000084f00000|100%| O|  |TAMS 0x0000000084f00000, 0x0000000084e00000| Untracked 
|  79|0x0000000084f00000, 0x0000000085000000, 0x0000000085000000|100%| O|  |TAMS 0x0000000085000000, 0x0000000084f00000| Untracked 
|  80|0x0000000085000000, 0x0000000085100000, 0x0000000085100000|100%| O|  |TAMS 0x0000000085100000, 0x0000000085000000| Untracked 
|  81|0x0000000085100000, 0x0000000085200000, 0x0000000085200000|100%| O|  |TAMS 0x0000000085200000, 0x0000000085100000| Untracked 
|  82|0x0000000085200000, 0x0000000085300000, 0x0000000085300000|100%| O|  |TAMS 0x0000000085300000, 0x0000000085200000| Untracked 
|  83|0x0000000085300000, 0x0000000085400000, 0x0000000085400000|100%| O|  |TAMS 0x0000000085400000, 0x0000000085300000| Untracked 
|  84|0x0000000085400000, 0x0000000085500000, 0x0000000085500000|100%| O|  |TAMS 0x0000000085500000, 0x0000000085400000| Untracked 
|  85|0x0000000085500000, 0x0000000085600000, 0x0000000085600000|100%| O|  |TAMS 0x0000000085600000, 0x0000000085500000| Untracked 
|  86|0x0000000085600000, 0x0000000085700000, 0x0000000085700000|100%| O|  |TAMS 0x0000000085700000, 0x0000000085600000| Untracked 
|  87|0x0000000085700000, 0x0000000085800000, 0x0000000085800000|100%| O|  |TAMS 0x0000000085800000, 0x0000000085700000| Untracked 
|  88|0x0000000085800000, 0x0000000085900000, 0x0000000085900000|100%| O|  |TAMS 0x0000000085900000, 0x0000000085800000| Untracked 
|  89|0x0000000085900000, 0x0000000085a00000, 0x0000000085a00000|100%| O|  |TAMS 0x0000000085a00000, 0x0000000085900000| Untracked 
|  90|0x0000000085a00000, 0x0000000085b00000, 0x0000000085b00000|100%| O|  |TAMS 0x0000000085a00000, 0x0000000085a00000| Untracked 
|  91|0x0000000085b00000, 0x0000000085c00000, 0x0000000085c00000|100%| O|  |TAMS 0x0000000085c00000, 0x0000000085b00000| Untracked 
|  92|0x0000000085c00000, 0x0000000085d00000, 0x0000000085d00000|100%| O|  |TAMS 0x0000000085d00000, 0x0000000085c00000| Untracked 
|  93|0x0000000085d00000, 0x0000000085e00000, 0x0000000085e00000|100%| O|  |TAMS 0x0000000085e00000, 0x0000000085d00000| Untracked 
|  94|0x0000000085e00000, 0x0000000085f00000, 0x0000000085f00000|100%| O|  |TAMS 0x0000000085f00000, 0x0000000085e00000| Untracked 
|  95|0x0000000085f00000, 0x0000000086000000, 0x0000000086000000|100%| O|  |TAMS 0x0000000085f00000, 0x0000000085f00000| Untracked 
|  96|0x0000000086000000, 0x0000000086100000, 0x0000000086100000|100%| O|  |TAMS 0x0000000086100000, 0x0000000086000000| Untracked 
|  97|0x0000000086100000, 0x0000000086200000, 0x0000000086200000|100%| O|  |TAMS 0x0000000086200000, 0x0000000086100000| Untracked 
|  98|0x0000000086200000, 0x0000000086300000, 0x0000000086300000|100%| O|  |TAMS 0x0000000086300000, 0x0000000086200000| Untracked 
|  99|0x0000000086300000, 0x0000000086400000, 0x0000000086400000|100%| O|  |TAMS 0x0000000086400000, 0x0000000086300000| Untracked 
| 100|0x0000000086400000, 0x0000000086500000, 0x0000000086500000|100%| O|  |TAMS 0x0000000086500000, 0x0000000086400000| Untracked 
| 101|0x0000000086500000, 0x0000000086600000, 0x0000000086600000|100%| O|  |TAMS 0x0000000086600000, 0x0000000086500000| Untracked 
| 102|0x0000000086600000, 0x0000000086700000, 0x0000000086700000|100%| O|  |TAMS 0x0000000086700000, 0x0000000086600000| Untracked 
| 103|0x0000000086700000, 0x0000000086800000, 0x0000000086800000|100%| O|  |TAMS 0x0000000086800000, 0x0000000086700000| Untracked 
| 104|0x0000000086800000, 0x0000000086900000, 0x0000000086900000|100%| O|  |TAMS 0x0000000086900000, 0x0000000086800000| Untracked 
| 105|0x0000000086900000, 0x0000000086a00000, 0x0000000086a00000|100%| O|  |TAMS 0x0000000086a00000, 0x0000000086900000| Untracked 
| 106|0x0000000086a00000, 0x0000000086b00000, 0x0000000086b00000|100%| O|  |TAMS 0x0000000086b00000, 0x0000000086a00000| Untracked 
| 107|0x0000000086b00000, 0x0000000086c00000, 0x0000000086c00000|100%| O|  |TAMS 0x0000000086b00000, 0x0000000086b00000| Untracked 
| 108|0x0000000086c00000, 0x0000000086d00000, 0x0000000086d00000|100%| O|  |TAMS 0x0000000086d00000, 0x0000000086c00000| Untracked 
| 109|0x0000000086d00000, 0x0000000086e00000, 0x0000000086e00000|100%| O|  |TAMS 0x0000000086e00000, 0x0000000086d00000| Untracked 
| 110|0x0000000086e00000, 0x0000000086f00000, 0x0000000086f00000|100%| O|  |TAMS 0x0000000086f00000, 0x0000000086e00000| Untracked 
| 111|0x0000000086f00000, 0x0000000087000000, 0x0000000087000000|100%| O|  |TAMS 0x0000000087000000, 0x0000000086f00000| Untracked 
| 112|0x0000000087000000, 0x0000000087100000, 0x0000000087100000|100%| O|  |TAMS 0x0000000087100000, 0x0000000087000000| Untracked 
| 113|0x0000000087100000, 0x0000000087200000, 0x0000000087200000|100%|HS|  |TAMS 0x0000000087200000, 0x0000000087100000| Complete 
| 114|0x0000000087200000, 0x0000000087300000, 0x0000000087300000|100%|HC|  |TAMS 0x0000000087300000, 0x0000000087200000| Complete 
| 115|0x0000000087300000, 0x0000000087400000, 0x0000000087400000|100%| O|  |TAMS 0x0000000087400000, 0x0000000087300000| Untracked 
| 116|0x0000000087400000, 0x0000000087500000, 0x0000000087500000|100%| O|  |TAMS 0x0000000087400000, 0x0000000087400000| Untracked 
| 117|0x0000000087500000, 0x0000000087600000, 0x0000000087600000|100%| O|  |TAMS 0x0000000087500000, 0x0000000087500000| Untracked 
| 118|0x0000000087600000, 0x0000000087700000, 0x0000000087700000|100%| O|  |TAMS 0x0000000087700000, 0x0000000087600000| Untracked 
| 119|0x0000000087700000, 0x0000000087800000, 0x0000000087800000|100%| O|  |TAMS 0x0000000087800000, 0x0000000087700000| Untracked 
| 120|0x0000000087800000, 0x0000000087900000, 0x0000000087900000|100%| O|  |TAMS 0x0000000087900000, 0x0000000087800000| Untracked 
| 121|0x0000000087900000, 0x0000000087a00000, 0x0000000087a00000|100%| O|  |TAMS 0x0000000087a00000, 0x0000000087900000| Untracked 
| 122|0x0000000087a00000, 0x0000000087b00000, 0x0000000087b00000|100%| O|  |TAMS 0x0000000087b00000, 0x0000000087a00000| Untracked 
| 123|0x0000000087b00000, 0x0000000087c00000, 0x0000000087c00000|100%| O|  |TAMS 0x0000000087b00000, 0x0000000087b00000| Untracked 
| 124|0x0000000087c00000, 0x0000000087d00000, 0x0000000087d00000|100%| O|  |TAMS 0x0000000087d00000, 0x0000000087c00000| Untracked 
| 125|0x0000000087d00000, 0x0000000087e00000, 0x0000000087e00000|100%| O|  |TAMS 0x0000000087e00000, 0x0000000087d00000| Untracked 
| 126|0x0000000087e00000, 0x0000000087f00000, 0x0000000087f00000|100%| O|  |TAMS 0x0000000087f00000, 0x0000000087e00000| Untracked 
| 127|0x0000000087f00000, 0x0000000088000000, 0x0000000088000000|100%| O|  |TAMS 0x0000000088000000, 0x0000000087f00000| Untracked 
| 128|0x0000000088000000, 0x0000000088100000, 0x0000000088100000|100%| O|  |TAMS 0x0000000088100000, 0x0000000088000000| Untracked 
| 129|0x0000000088100000, 0x0000000088200000, 0x0000000088200000|100%| O|  |TAMS 0x0000000088200000, 0x0000000088100000| Untracked 
| 130|0x0000000088200000, 0x0000000088300000, 0x0000000088300000|100%| O|  |TAMS 0x0000000088300000, 0x0000000088200000| Untracked 
| 131|0x0000000088300000, 0x0000000088400000, 0x0000000088400000|100%| O|  |TAMS 0x0000000088400000, 0x0000000088300000| Untracked 
| 132|0x0000000088400000, 0x0000000088500000, 0x0000000088500000|100%| O|  |TAMS 0x0000000088500000, 0x0000000088400000| Untracked 
| 133|0x0000000088500000, 0x0000000088600000, 0x0000000088600000|100%| O|  |TAMS 0x0000000088600000, 0x0000000088500000| Untracked 
| 134|0x0000000088600000, 0x0000000088700000, 0x0000000088700000|100%| O|  |TAMS 0x0000000088700000, 0x0000000088600000| Untracked 
| 135|0x0000000088700000, 0x0000000088800000, 0x0000000088800000|100%| O|  |TAMS 0x0000000088800000, 0x0000000088700000| Untracked 
| 136|0x0000000088800000, 0x0000000088900000, 0x0000000088900000|100%| O|  |TAMS 0x0000000088900000, 0x0000000088800000| Untracked 
| 137|0x0000000088900000, 0x0000000088a00000, 0x0000000088a00000|100%| O|  |TAMS 0x0000000088a00000, 0x0000000088900000| Untracked 
| 138|0x0000000088a00000, 0x0000000088b00000, 0x0000000088b00000|100%| O|  |TAMS 0x0000000088b00000, 0x0000000088a00000| Untracked 
| 139|0x0000000088b00000, 0x0000000088c00000, 0x0000000088c00000|100%| O|  |TAMS 0x0000000088c00000, 0x0000000088b00000| Untracked 
| 140|0x0000000088c00000, 0x0000000088d00000, 0x0000000088d00000|100%| O|  |TAMS 0x0000000088d00000, 0x0000000088c00000| Untracked 
| 141|0x0000000088d00000, 0x0000000088e00000, 0x0000000088e00000|100%| O|  |TAMS 0x0000000088e00000, 0x0000000088d00000| Untracked 
| 142|0x0000000088e00000, 0x0000000088f00000, 0x0000000088f00000|100%| O|  |TAMS 0x0000000088f00000, 0x0000000088e00000| Untracked 
| 143|0x0000000088f00000, 0x0000000089000000, 0x0000000089000000|100%| O|  |TAMS 0x0000000089000000, 0x0000000088f00000| Untracked 
| 144|0x0000000089000000, 0x0000000089100000, 0x0000000089100000|100%| O|  |TAMS 0x0000000089100000, 0x0000000089000000| Untracked 
| 145|0x0000000089100000, 0x0000000089200000, 0x0000000089200000|100%| O|  |TAMS 0x0000000089200000, 0x0000000089100000| Untracked 
| 146|0x0000000089200000, 0x0000000089300000, 0x0000000089300000|100%| O|  |TAMS 0x0000000089300000, 0x0000000089200000| Untracked 
| 147|0x0000000089300000, 0x0000000089400000, 0x0000000089400000|100%| O|  |TAMS 0x0000000089400000, 0x0000000089300000| Untracked 
| 148|0x0000000089400000, 0x0000000089500000, 0x0000000089500000|100%| O|  |TAMS 0x0000000089500000, 0x0000000089400000| Untracked 
| 149|0x0000000089500000, 0x0000000089600000, 0x0000000089600000|100%| O|  |TAMS 0x0000000089600000, 0x0000000089500000| Untracked 
| 150|0x0000000089600000, 0x0000000089700000, 0x0000000089700000|100%| O|  |TAMS 0x0000000089700000, 0x0000000089600000| Untracked 
| 151|0x0000000089700000, 0x0000000089800000, 0x0000000089800000|100%| O|  |TAMS 0x0000000089700000, 0x0000000089700000| Untracked 
| 152|0x0000000089800000, 0x0000000089900000, 0x0000000089900000|100%| O|  |TAMS 0x0000000089900000, 0x0000000089800000| Untracked 
| 153|0x0000000089900000, 0x0000000089a00000, 0x0000000089a00000|100%| O|  |TAMS 0x0000000089a00000, 0x0000000089900000| Untracked 
| 154|0x0000000089a00000, 0x0000000089b00000, 0x0000000089b00000|100%| O|  |TAMS 0x0000000089b00000, 0x0000000089a00000| Untracked 
| 155|0x0000000089b00000, 0x0000000089c00000, 0x0000000089c00000|100%| O|  |TAMS 0x0000000089c00000, 0x0000000089b00000| Untracked 
| 156|0x0000000089c00000, 0x0000000089d00000, 0x0000000089d00000|100%| O|  |TAMS 0x0000000089d00000, 0x0000000089c00000| Untracked 
| 157|0x0000000089d00000, 0x0000000089e00000, 0x0000000089e00000|100%| O|  |TAMS 0x0000000089e00000, 0x0000000089d00000| Untracked 
| 158|0x0000000089e00000, 0x0000000089f00000, 0x0000000089f00000|100%| O|  |TAMS 0x0000000089f00000, 0x0000000089e00000| Untracked 
| 159|0x0000000089f00000, 0x000000008a000000, 0x000000008a000000|100%| O|  |TAMS 0x000000008a000000, 0x0000000089f00000| Untracked 
| 160|0x000000008a000000, 0x000000008a100000, 0x000000008a100000|100%| O|  |TAMS 0x000000008a100000, 0x000000008a000000| Untracked 
| 161|0x000000008a100000, 0x000000008a200000, 0x000000008a200000|100%| O|  |TAMS 0x000000008a200000, 0x000000008a100000| Untracked 
| 162|0x000000008a200000, 0x000000008a300000, 0x000000008a300000|100%| O|  |TAMS 0x000000008a300000, 0x000000008a200000| Untracked 
| 163|0x000000008a300000, 0x000000008a400000, 0x000000008a400000|100%| O|  |TAMS 0x000000008a400000, 0x000000008a300000| Untracked 
| 164|0x000000008a400000, 0x000000008a500000, 0x000000008a500000|100%| O|  |TAMS 0x000000008a500000, 0x000000008a400000| Untracked 
| 165|0x000000008a500000, 0x000000008a600000, 0x000000008a600000|100%| O|  |TAMS 0x000000008a600000, 0x000000008a500000| Untracked 
| 166|0x000000008a600000, 0x000000008a700000, 0x000000008a700000|100%| O|  |TAMS 0x000000008a700000, 0x000000008a600000| Untracked 
| 167|0x000000008a700000, 0x000000008a800000, 0x000000008a800000|100%| O|  |TAMS 0x000000008a800000, 0x000000008a700000| Untracked 
| 168|0x000000008a800000, 0x000000008a900000, 0x000000008a900000|100%| O|  |TAMS 0x000000008a900000, 0x000000008a800000| Untracked 
| 169|0x000000008a900000, 0x000000008aa00000, 0x000000008aa00000|100%| O|  |TAMS 0x000000008aa00000, 0x000000008a900000| Untracked 
| 170|0x000000008aa00000, 0x000000008ab00000, 0x000000008ab00000|100%| O|  |TAMS 0x000000008ab00000, 0x000000008aa00000| Untracked 
| 171|0x000000008ab00000, 0x000000008ac00000, 0x000000008ac00000|100%| O|  |TAMS 0x000000008ac00000, 0x000000008ab00000| Untracked 
| 172|0x000000008ac00000, 0x000000008ad00000, 0x000000008ad00000|100%| O|  |TAMS 0x000000008ad00000, 0x000000008ac00000| Untracked 
| 173|0x000000008ad00000, 0x000000008ae00000, 0x000000008ae00000|100%| O|  |TAMS 0x000000008ae00000, 0x000000008ad00000| Untracked 
| 174|0x000000008ae00000, 0x000000008af00000, 0x000000008af00000|100%| O|  |TAMS 0x000000008af00000, 0x000000008ae00000| Untracked 
| 175|0x000000008af00000, 0x000000008b000000, 0x000000008b000000|100%| O|  |TAMS 0x000000008b000000, 0x000000008af00000| Untracked 
| 176|0x000000008b000000, 0x000000008b100000, 0x000000008b100000|100%| O|  |TAMS 0x000000008b100000, 0x000000008b000000| Untracked 
| 177|0x000000008b100000, 0x000000008b200000, 0x000000008b200000|100%| O|  |TAMS 0x000000008b200000, 0x000000008b100000| Untracked 
| 178|0x000000008b200000, 0x000000008b300000, 0x000000008b300000|100%| O|  |TAMS 0x000000008b300000, 0x000000008b200000| Untracked 
| 179|0x000000008b300000, 0x000000008b400000, 0x000000008b400000|100%| O|  |TAMS 0x000000008b400000, 0x000000008b300000| Untracked 
| 180|0x000000008b400000, 0x000000008b500000, 0x000000008b500000|100%| O|  |TAMS 0x000000008b500000, 0x000000008b400000| Untracked 
| 181|0x000000008b500000, 0x000000008b600000, 0x000000008b600000|100%| O|  |TAMS 0x000000008b500000, 0x000000008b500000| Untracked 
| 182|0x000000008b600000, 0x000000008b700000, 0x000000008b700000|100%| O|  |TAMS 0x000000008b600000, 0x000000008b600000| Untracked 
| 183|0x000000008b700000, 0x000000008b800000, 0x000000008b800000|100%| O|  |TAMS 0x000000008b800000, 0x000000008b700000| Untracked 
| 184|0x000000008b800000, 0x000000008b900000, 0x000000008b900000|100%| O|  |TAMS 0x000000008b900000, 0x000000008b800000| Untracked 
| 185|0x000000008b900000, 0x000000008ba00000, 0x000000008ba00000|100%| O|  |TAMS 0x000000008ba00000, 0x000000008b900000| Untracked 
| 186|0x000000008ba00000, 0x000000008bb00000, 0x000000008bb00000|100%| O|  |TAMS 0x000000008ba00000, 0x000000008ba00000| Untracked 
| 187|0x000000008bb00000, 0x000000008bc00000, 0x000000008bc00000|100%| O|  |TAMS 0x000000008bc00000, 0x000000008bb00000| Untracked 
| 188|0x000000008bc00000, 0x000000008bd00000, 0x000000008bd00000|100%| O|  |TAMS 0x000000008bd00000, 0x000000008bc00000| Untracked 
| 189|0x000000008bd00000, 0x000000008be00000, 0x000000008be00000|100%| O|  |TAMS 0x000000008be00000, 0x000000008bd00000| Untracked 
| 190|0x000000008be00000, 0x000000008bf00000, 0x000000008bf00000|100%| O|  |TAMS 0x000000008bf00000, 0x000000008be00000| Untracked 
| 191|0x000000008bf00000, 0x000000008c000000, 0x000000008c000000|100%| O|  |TAMS 0x000000008c000000, 0x000000008bf00000| Untracked 
| 192|0x000000008c000000, 0x000000008c100000, 0x000000008c100000|100%| O|  |TAMS 0x000000008c100000, 0x000000008c000000| Untracked 
| 193|0x000000008c100000, 0x000000008c200000, 0x000000008c200000|100%| O|  |TAMS 0x000000008c200000, 0x000000008c100000| Untracked 
| 194|0x000000008c200000, 0x000000008c300000, 0x000000008c300000|100%| O|  |TAMS 0x000000008c300000, 0x000000008c200000| Untracked 
| 195|0x000000008c300000, 0x000000008c400000, 0x000000008c400000|100%| O|  |TAMS 0x000000008c400000, 0x000000008c300000| Untracked 
| 196|0x000000008c400000, 0x000000008c500000, 0x000000008c500000|100%| O|  |TAMS 0x000000008c500000, 0x000000008c400000| Untracked 
| 197|0x000000008c500000, 0x000000008c600000, 0x000000008c600000|100%| O|  |TAMS 0x000000008c500000, 0x000000008c500000| Untracked 
| 198|0x000000008c600000, 0x000000008c700000, 0x000000008c700000|100%| O|  |TAMS 0x000000008c600000, 0x000000008c600000| Untracked 
| 199|0x000000008c700000, 0x000000008c800000, 0x000000008c800000|100%| O|  |TAMS 0x000000008c700000, 0x000000008c700000| Untracked 
| 200|0x000000008c800000, 0x000000008c900000, 0x000000008c900000|100%| O|  |TAMS 0x000000008c800000, 0x000000008c800000| Untracked 
| 201|0x000000008c900000, 0x000000008ca00000, 0x000000008ca00000|100%| O|  |TAMS 0x000000008c900000, 0x000000008c900000| Untracked 
| 202|0x000000008ca00000, 0x000000008cb00000, 0x000000008cb00000|100%| O|  |TAMS 0x000000008ca00000, 0x000000008ca00000| Untracked 
| 203|0x000000008cb00000, 0x000000008cc00000, 0x000000008cc00000|100%| O|  |TAMS 0x000000008cb00000, 0x000000008cb00000| Untracked 
| 204|0x000000008cc00000, 0x000000008cd00000, 0x000000008cd00000|100%| O|  |TAMS 0x000000008cc00000, 0x000000008cc00000| Untracked 
| 205|0x000000008cd00000, 0x000000008ce00000, 0x000000008ce00000|100%| O|  |TAMS 0x000000008cd00000, 0x000000008cd00000| Untracked 
| 206|0x000000008ce00000, 0x000000008cf00000, 0x000000008cf00000|100%| O|  |TAMS 0x000000008ce00000, 0x000000008ce00000| Untracked 
| 207|0x000000008cf00000, 0x000000008d000000, 0x000000008d000000|100%| O|  |TAMS 0x000000008cf00000, 0x000000008cf00000| Untracked 
| 208|0x000000008d000000, 0x000000008d100000, 0x000000008d100000|100%| O|  |TAMS 0x000000008d000000, 0x000000008d000000| Untracked 
| 209|0x000000008d100000, 0x000000008d200000, 0x000000008d200000|100%| O|  |TAMS 0x000000008d100000, 0x000000008d100000| Untracked 
| 210|0x000000008d200000, 0x000000008d300000, 0x000000008d300000|100%| O|  |TAMS 0x000000008d200000, 0x000000008d200000| Untracked 
| 211|0x000000008d300000, 0x000000008d400000, 0x000000008d400000|100%| O|  |TAMS 0x000000008d300000, 0x000000008d300000| Untracked 
| 212|0x000000008d400000, 0x000000008d500000, 0x000000008d500000|100%| O|  |TAMS 0x000000008d400000, 0x000000008d400000| Untracked 
| 213|0x000000008d500000, 0x000000008d600000, 0x000000008d600000|100%| O|  |TAMS 0x000000008d500000, 0x000000008d500000| Untracked 
| 214|0x000000008d600000, 0x000000008d700000, 0x000000008d700000|100%| O|  |TAMS 0x000000008d600000, 0x000000008d600000| Untracked 
| 215|0x000000008d700000, 0x000000008d800000, 0x000000008d800000|100%| O|  |TAMS 0x000000008d700000, 0x000000008d700000| Untracked 
| 216|0x000000008d800000, 0x000000008d900000, 0x000000008d900000|100%| O|  |TAMS 0x000000008d800000, 0x000000008d800000| Untracked 
| 217|0x000000008d900000, 0x000000008da00000, 0x000000008da00000|100%| O|  |TAMS 0x000000008d900000, 0x000000008d900000| Untracked 
| 218|0x000000008da00000, 0x000000008db00000, 0x000000008db00000|100%| O|  |TAMS 0x000000008da00000, 0x000000008da00000| Untracked 
| 219|0x000000008db00000, 0x000000008dc00000, 0x000000008dc00000|100%| O|  |TAMS 0x000000008db00000, 0x000000008db00000| Untracked 
| 220|0x000000008dc00000, 0x000000008dd00000, 0x000000008dd00000|100%| O|  |TAMS 0x000000008dc00000, 0x000000008dc00000| Untracked 
| 221|0x000000008dd00000, 0x000000008de00000, 0x000000008de00000|100%| O|  |TAMS 0x000000008dd00000, 0x000000008dd00000| Untracked 
| 222|0x000000008de00000, 0x000000008df00000, 0x000000008df00000|100%| O|  |TAMS 0x000000008de00000, 0x000000008de00000| Untracked 
| 223|0x000000008df00000, 0x000000008e000000, 0x000000008e000000|100%| O|  |TAMS 0x000000008df00000, 0x000000008df00000| Untracked 
| 224|0x000000008e000000, 0x000000008e100000, 0x000000008e100000|100%| O|  |TAMS 0x000000008e000000, 0x000000008e000000| Untracked 
| 225|0x000000008e100000, 0x000000008e200000, 0x000000008e200000|100%| O|  |TAMS 0x000000008e100000, 0x000000008e100000| Untracked 
| 226|0x000000008e200000, 0x000000008e300000, 0x000000008e300000|100%| O|  |TAMS 0x000000008e200000, 0x000000008e200000| Untracked 
| 227|0x000000008e300000, 0x000000008e400000, 0x000000008e400000|100%| O|  |TAMS 0x000000008e300000, 0x000000008e300000| Untracked 
| 228|0x000000008e400000, 0x000000008e500000, 0x000000008e500000|100%| O|  |TAMS 0x000000008e400000, 0x000000008e400000| Untracked 
| 229|0x000000008e500000, 0x000000008e600000, 0x000000008e600000|100%| O|  |TAMS 0x000000008e500000, 0x000000008e500000| Untracked 
| 230|0x000000008e600000, 0x000000008e700000, 0x000000008e700000|100%| O|  |TAMS 0x000000008e600000, 0x000000008e600000| Untracked 
| 231|0x000000008e700000, 0x000000008e800000, 0x000000008e800000|100%| O|  |TAMS 0x000000008e700000, 0x000000008e700000| Untracked 
| 232|0x000000008e800000, 0x000000008e854200, 0x000000008e900000| 32%| O|  |TAMS 0x000000008e800000, 0x000000008e800000| Untracked 
| 233|0x000000008e900000, 0x000000008e900000, 0x000000008ea00000|  0%| F|  |TAMS 0x000000008e900000, 0x000000008e900000| Untracked 
| 234|0x000000008ea00000, 0x000000008ea00000, 0x000000008eb00000|  0%| F|  |TAMS 0x000000008ea00000, 0x000000008ea00000| Untracked 
| 235|0x000000008eb00000, 0x000000008eb00000, 0x000000008ec00000|  0%| F|  |TAMS 0x000000008eb00000, 0x000000008eb00000| Untracked 
| 236|0x000000008ec00000, 0x000000008ec00000, 0x000000008ed00000|  0%| F|  |TAMS 0x000000008ec00000, 0x000000008ec00000| Untracked 
| 237|0x000000008ed00000, 0x000000008ed00000, 0x000000008ee00000|  0%| F|  |TAMS 0x000000008ed00000, 0x000000008ed00000| Untracked 
| 238|0x000000008ee00000, 0x000000008ee00000, 0x000000008ef00000|  0%| F|  |TAMS 0x000000008ee00000, 0x000000008ee00000| Untracked 
| 239|0x000000008ef00000, 0x000000008ef00000, 0x000000008f000000|  0%| F|  |TAMS 0x000000008ef00000, 0x000000008ef00000| Untracked 
| 240|0x000000008f000000, 0x000000008f000000, 0x000000008f100000|  0%| F|  |TAMS 0x000000008f000000, 0x000000008f000000| Untracked 
| 241|0x000000008f100000, 0x000000008f100000, 0x000000008f200000|  0%| F|  |TAMS 0x000000008f100000, 0x000000008f100000| Untracked 
| 242|0x000000008f200000, 0x000000008f200000, 0x000000008f300000|  0%| F|  |TAMS 0x000000008f200000, 0x000000008f200000| Untracked 
| 243|0x000000008f300000, 0x000000008f300000, 0x000000008f400000|  0%| F|  |TAMS 0x000000008f300000, 0x000000008f300000| Untracked 
| 244|0x000000008f400000, 0x000000008f400000, 0x000000008f500000|  0%| F|  |TAMS 0x000000008f400000, 0x000000008f400000| Untracked 
| 245|0x000000008f500000, 0x000000008f500000, 0x000000008f600000|  0%| F|  |TAMS 0x000000008f500000, 0x000000008f500000| Untracked 
| 246|0x000000008f600000, 0x000000008f600000, 0x000000008f700000|  0%| F|  |TAMS 0x000000008f600000, 0x000000008f600000| Untracked 
| 247|0x000000008f700000, 0x000000008f700000, 0x000000008f800000|  0%| F|  |TAMS 0x000000008f700000, 0x000000008f700000| Untracked 
| 248|0x000000008f800000, 0x000000008f800000, 0x000000008f900000|  0%| F|  |TAMS 0x000000008f800000, 0x000000008f800000| Untracked 
| 249|0x000000008f900000, 0x000000008f900000, 0x000000008fa00000|  0%| F|  |TAMS 0x000000008f900000, 0x000000008f900000| Untracked 
| 250|0x000000008fa00000, 0x000000008fa00000, 0x000000008fb00000|  0%| F|  |TAMS 0x000000008fa00000, 0x000000008fa00000| Untracked 
| 251|0x000000008fb00000, 0x000000008fb00000, 0x000000008fc00000|  0%| F|  |TAMS 0x000000008fb00000, 0x000000008fb00000| Untracked 
| 252|0x000000008fc00000, 0x000000008fc00000, 0x000000008fd00000|  0%| F|  |TAMS 0x000000008fc00000, 0x000000008fc00000| Untracked 
| 253|0x000000008fd00000, 0x000000008fd00000, 0x000000008fe00000|  0%| F|  |TAMS 0x000000008fd00000, 0x000000008fd00000| Untracked 
| 254|0x000000008fe00000, 0x000000008fe00000, 0x000000008ff00000|  0%| F|  |TAMS 0x000000008fe00000, 0x000000008fe00000| Untracked 
| 255|0x000000008ff00000, 0x000000008ff00000, 0x0000000090000000|  0%| F|  |TAMS 0x000000008ff00000, 0x000000008ff00000| Untracked 
| 256|0x0000000090000000, 0x0000000090000000, 0x0000000090100000|  0%| F|  |TAMS 0x0000000090000000, 0x0000000090000000| Untracked 
| 257|0x0000000090100000, 0x0000000090100000, 0x0000000090200000|  0%| F|  |TAMS 0x0000000090100000, 0x0000000090100000| Untracked 
| 258|0x0000000090200000, 0x0000000090200000, 0x0000000090300000|  0%| F|  |TAMS 0x0000000090200000, 0x0000000090200000| Untracked 
| 259|0x0000000090300000, 0x0000000090300000, 0x0000000090400000|  0%| F|  |TAMS 0x0000000090300000, 0x0000000090300000| Untracked 
| 260|0x0000000090400000, 0x0000000090400000, 0x0000000090500000|  0%| F|  |TAMS 0x0000000090400000, 0x0000000090400000| Untracked 
| 261|0x0000000090500000, 0x0000000090500000, 0x0000000090600000|  0%| F|  |TAMS 0x0000000090500000, 0x0000000090500000| Untracked 
| 262|0x0000000090600000, 0x0000000090600000, 0x0000000090700000|  0%| F|  |TAMS 0x0000000090600000, 0x0000000090600000| Untracked 
| 263|0x0000000090700000, 0x0000000090700000, 0x0000000090800000|  0%| F|  |TAMS 0x0000000090700000, 0x0000000090700000| Untracked 
| 264|0x0000000090800000, 0x0000000090800000, 0x0000000090900000|  0%| F|  |TAMS 0x0000000090800000, 0x0000000090800000| Untracked 
| 265|0x0000000090900000, 0x0000000090900000, 0x0000000090a00000|  0%| F|  |TAMS 0x0000000090900000, 0x0000000090900000| Untracked 
| 266|0x0000000090a00000, 0x0000000090a00000, 0x0000000090b00000|  0%| F|  |TAMS 0x0000000090a00000, 0x0000000090a00000| Untracked 
| 267|0x0000000090b00000, 0x0000000090b00000, 0x0000000090c00000|  0%| F|  |TAMS 0x0000000090b00000, 0x0000000090b00000| Untracked 
| 268|0x0000000090c00000, 0x0000000090c00000, 0x0000000090d00000|  0%| F|  |TAMS 0x0000000090c00000, 0x0000000090c00000| Untracked 
| 269|0x0000000090d00000, 0x0000000090d00000, 0x0000000090e00000|  0%| F|  |TAMS 0x0000000090d00000, 0x0000000090d00000| Untracked 
| 270|0x0000000090e00000, 0x0000000090e00000, 0x0000000090f00000|  0%| F|  |TAMS 0x0000000090e00000, 0x0000000090e00000| Untracked 
| 271|0x0000000090f00000, 0x0000000090f00000, 0x0000000091000000|  0%| F|  |TAMS 0x0000000090f00000, 0x0000000090f00000| Untracked 
| 272|0x0000000091000000, 0x0000000091000000, 0x0000000091100000|  0%| F|  |TAMS 0x0000000091000000, 0x0000000091000000| Untracked 
| 273|0x0000000091100000, 0x0000000091100000, 0x0000000091200000|  0%| F|  |TAMS 0x0000000091100000, 0x0000000091100000| Untracked 
| 274|0x0000000091200000, 0x0000000091200000, 0x0000000091300000|  0%| F|  |TAMS 0x0000000091200000, 0x0000000091200000| Untracked 
| 275|0x0000000091300000, 0x0000000091300000, 0x0000000091400000|  0%| F|  |TAMS 0x0000000091300000, 0x0000000091300000| Untracked 
| 276|0x0000000091400000, 0x0000000091400000, 0x0000000091500000|  0%| F|  |TAMS 0x0000000091400000, 0x0000000091400000| Untracked 
| 277|0x0000000091500000, 0x0000000091500000, 0x0000000091600000|  0%| F|  |TAMS 0x0000000091500000, 0x0000000091500000| Untracked 
| 278|0x0000000091600000, 0x0000000091600000, 0x0000000091700000|  0%| F|  |TAMS 0x0000000091600000, 0x0000000091600000| Untracked 
| 279|0x0000000091700000, 0x0000000091700000, 0x0000000091800000|  0%| F|  |TAMS 0x0000000091700000, 0x0000000091700000| Untracked 
| 280|0x0000000091800000, 0x0000000091800000, 0x0000000091900000|  0%| F|  |TAMS 0x0000000091800000, 0x0000000091800000| Untracked 
| 281|0x0000000091900000, 0x0000000091900000, 0x0000000091a00000|  0%| F|  |TAMS 0x0000000091900000, 0x0000000091900000| Untracked 
| 282|0x0000000091a00000, 0x0000000091a00000, 0x0000000091b00000|  0%| F|  |TAMS 0x0000000091a00000, 0x0000000091a00000| Untracked 
| 283|0x0000000091b00000, 0x0000000091b00000, 0x0000000091c00000|  0%| F|  |TAMS 0x0000000091b00000, 0x0000000091b00000| Untracked 
| 284|0x0000000091c00000, 0x0000000091c00000, 0x0000000091d00000|  0%| F|  |TAMS 0x0000000091c00000, 0x0000000091c00000| Untracked 
| 285|0x0000000091d00000, 0x0000000091d00000, 0x0000000091e00000|  0%| F|  |TAMS 0x0000000091d00000, 0x0000000091d00000| Untracked 
| 286|0x0000000091e00000, 0x0000000091e00000, 0x0000000091f00000|  0%| F|  |TAMS 0x0000000091e00000, 0x0000000091e00000| Untracked 
| 287|0x0000000091f00000, 0x0000000091f00000, 0x0000000092000000|  0%| F|  |TAMS 0x0000000091f00000, 0x0000000091f00000| Untracked 
| 288|0x0000000092000000, 0x0000000092000000, 0x0000000092100000|  0%| F|  |TAMS 0x0000000092000000, 0x0000000092000000| Untracked 
| 289|0x0000000092100000, 0x0000000092100000, 0x0000000092200000|  0%| F|  |TAMS 0x0000000092100000, 0x0000000092100000| Untracked 
| 290|0x0000000092200000, 0x0000000092293f50, 0x0000000092300000| 57%| S|CS|TAMS 0x0000000092200000, 0x0000000092200000| Complete 
| 291|0x0000000092300000, 0x0000000092400000, 0x0000000092400000|100%| S|CS|TAMS 0x0000000092300000, 0x0000000092300000| Complete 
| 292|0x0000000092400000, 0x0000000092500000, 0x0000000092500000|100%| S|CS|TAMS 0x0000000092400000, 0x0000000092400000| Complete 
| 293|0x0000000092500000, 0x0000000092600000, 0x0000000092600000|100%| S|CS|TAMS 0x0000000092500000, 0x0000000092500000| Complete 
| 294|0x0000000092600000, 0x0000000092600000, 0x0000000092700000|  0%| F|  |TAMS 0x0000000092600000, 0x0000000092600000| Untracked 
| 295|0x0000000092700000, 0x0000000092700000, 0x0000000092800000|  0%| F|  |TAMS 0x0000000092700000, 0x0000000092700000| Untracked 
| 296|0x0000000092800000, 0x0000000092800000, 0x0000000092900000|  0%| F|  |TAMS 0x0000000092800000, 0x0000000092800000| Untracked 
| 297|0x0000000092900000, 0x0000000092900000, 0x0000000092a00000|  0%| F|  |TAMS 0x0000000092900000, 0x0000000092900000| Untracked 
| 298|0x0000000092a00000, 0x0000000092a00000, 0x0000000092b00000|  0%| F|  |TAMS 0x0000000092a00000, 0x0000000092a00000| Untracked 
| 299|0x0000000092b00000, 0x0000000092b00000, 0x0000000092c00000|  0%| F|  |TAMS 0x0000000092b00000, 0x0000000092b00000| Untracked 
| 300|0x0000000092c00000, 0x0000000092c00000, 0x0000000092d00000|  0%| F|  |TAMS 0x0000000092c00000, 0x0000000092c00000| Untracked 
| 301|0x0000000092d00000, 0x0000000092e00000, 0x0000000092e00000|100%| S|CS|TAMS 0x0000000092d00000, 0x0000000092d00000| Complete 
| 302|0x0000000092e00000, 0x0000000092f00000, 0x0000000092f00000|100%| S|CS|TAMS 0x0000000092e00000, 0x0000000092e00000| Complete 
| 303|0x0000000092f00000, 0x0000000093000000, 0x0000000093000000|100%| S|CS|TAMS 0x0000000092f00000, 0x0000000092f00000| Complete 
| 304|0x0000000093000000, 0x0000000093000000, 0x0000000093100000|  0%| F|  |TAMS 0x0000000093000000, 0x0000000093000000| Untracked 
| 305|0x0000000093100000, 0x0000000093100000, 0x0000000093200000|  0%| F|  |TAMS 0x0000000093100000, 0x0000000093100000| Untracked 
| 306|0x0000000093200000, 0x0000000093200000, 0x0000000093300000|  0%| F|  |TAMS 0x0000000093200000, 0x0000000093200000| Untracked 
| 307|0x0000000093300000, 0x0000000093300000, 0x0000000093400000|  0%| F|  |TAMS 0x0000000093300000, 0x0000000093300000| Untracked 
| 308|0x0000000093400000, 0x0000000093400000, 0x0000000093500000|  0%| F|  |TAMS 0x0000000093400000, 0x0000000093400000| Untracked 
| 309|0x0000000093500000, 0x0000000093500000, 0x0000000093600000|  0%| F|  |TAMS 0x0000000093500000, 0x0000000093500000| Untracked 
| 310|0x0000000093600000, 0x0000000093600000, 0x0000000093700000|  0%| F|  |TAMS 0x0000000093600000, 0x0000000093600000| Untracked 
| 311|0x0000000093700000, 0x0000000093700000, 0x0000000093800000|  0%| F|  |TAMS 0x0000000093700000, 0x0000000093700000| Untracked 
| 312|0x0000000093800000, 0x0000000093800000, 0x0000000093900000|  0%| F|  |TAMS 0x0000000093800000, 0x0000000093800000| Untracked 
| 313|0x0000000093900000, 0x0000000093900000, 0x0000000093a00000|  0%| F|  |TAMS 0x0000000093900000, 0x0000000093900000| Untracked 
| 314|0x0000000093a00000, 0x0000000093a00000, 0x0000000093b00000|  0%| F|  |TAMS 0x0000000093a00000, 0x0000000093a00000| Untracked 
| 315|0x0000000093b00000, 0x0000000093b00000, 0x0000000093c00000|  0%| F|  |TAMS 0x0000000093b00000, 0x0000000093b00000| Untracked 
| 316|0x0000000093c00000, 0x0000000093c00000, 0x0000000093d00000|  0%| F|  |TAMS 0x0000000093c00000, 0x0000000093c00000| Untracked 
| 317|0x0000000093d00000, 0x0000000093d00000, 0x0000000093e00000|  0%| F|  |TAMS 0x0000000093d00000, 0x0000000093d00000| Untracked 
| 318|0x0000000093e00000, 0x0000000093e00000, 0x0000000093f00000|  0%| F|  |TAMS 0x0000000093e00000, 0x0000000093e00000| Untracked 
| 319|0x0000000093f00000, 0x0000000093f00000, 0x0000000094000000|  0%| F|  |TAMS 0x0000000093f00000, 0x0000000093f00000| Untracked 
| 320|0x0000000094000000, 0x0000000094000000, 0x0000000094100000|  0%| F|  |TAMS 0x0000000094000000, 0x0000000094000000| Untracked 
| 321|0x0000000094100000, 0x0000000094100000, 0x0000000094200000|  0%| F|  |TAMS 0x0000000094100000, 0x0000000094100000| Untracked 
| 322|0x0000000094200000, 0x0000000094200000, 0x0000000094300000|  0%| F|  |TAMS 0x0000000094200000, 0x0000000094200000| Untracked 
| 323|0x0000000094300000, 0x0000000094300000, 0x0000000094400000|  0%| F|  |TAMS 0x0000000094300000, 0x0000000094300000| Untracked 
| 324|0x0000000094400000, 0x0000000094400000, 0x0000000094500000|  0%| F|  |TAMS 0x0000000094400000, 0x0000000094400000| Untracked 
| 325|0x0000000094500000, 0x0000000094500000, 0x0000000094600000|  0%| F|  |TAMS 0x0000000094500000, 0x0000000094500000| Untracked 
| 326|0x0000000094600000, 0x0000000094600000, 0x0000000094700000|  0%| F|  |TAMS 0x0000000094600000, 0x0000000094600000| Untracked 
| 327|0x0000000094700000, 0x0000000094700000, 0x0000000094800000|  0%| F|  |TAMS 0x0000000094700000, 0x0000000094700000| Untracked 
| 328|0x0000000094800000, 0x0000000094800000, 0x0000000094900000|  0%| F|  |TAMS 0x0000000094800000, 0x0000000094800000| Untracked 
| 329|0x0000000094900000, 0x0000000094900000, 0x0000000094a00000|  0%| F|  |TAMS 0x0000000094900000, 0x0000000094900000| Untracked 
| 330|0x0000000094a00000, 0x0000000094a00000, 0x0000000094b00000|  0%| F|  |TAMS 0x0000000094a00000, 0x0000000094a00000| Untracked 
| 331|0x0000000094b00000, 0x0000000094b00000, 0x0000000094c00000|  0%| F|  |TAMS 0x0000000094b00000, 0x0000000094b00000| Untracked 
| 332|0x0000000094c00000, 0x0000000094c00000, 0x0000000094d00000|  0%| F|  |TAMS 0x0000000094c00000, 0x0000000094c00000| Untracked 
| 333|0x0000000094d00000, 0x0000000094d00000, 0x0000000094e00000|  0%| F|  |TAMS 0x0000000094d00000, 0x0000000094d00000| Untracked 
| 334|0x0000000094e00000, 0x0000000094e00000, 0x0000000094f00000|  0%| F|  |TAMS 0x0000000094e00000, 0x0000000094e00000| Untracked 
| 335|0x0000000094f00000, 0x0000000094f00000, 0x0000000095000000|  0%| F|  |TAMS 0x0000000094f00000, 0x0000000094f00000| Untracked 
| 336|0x0000000095000000, 0x0000000095000000, 0x0000000095100000|  0%| F|  |TAMS 0x0000000095000000, 0x0000000095000000| Untracked 
| 337|0x0000000095100000, 0x0000000095100000, 0x0000000095200000|  0%| F|  |TAMS 0x0000000095100000, 0x0000000095100000| Untracked 
| 338|0x0000000095200000, 0x0000000095200000, 0x0000000095300000|  0%| F|  |TAMS 0x0000000095200000, 0x0000000095200000| Untracked 
| 339|0x0000000095300000, 0x0000000095300000, 0x0000000095400000|  0%| F|  |TAMS 0x0000000095300000, 0x0000000095300000| Untracked 
| 340|0x0000000095400000, 0x0000000095400000, 0x0000000095500000|  0%| F|  |TAMS 0x0000000095400000, 0x0000000095400000| Untracked 
| 341|0x0000000095500000, 0x0000000095500000, 0x0000000095600000|  0%| F|  |TAMS 0x0000000095500000, 0x0000000095500000| Untracked 
| 342|0x0000000095600000, 0x0000000095600000, 0x0000000095700000|  0%| F|  |TAMS 0x0000000095600000, 0x0000000095600000| Untracked 
| 343|0x0000000095700000, 0x0000000095700000, 0x0000000095800000|  0%| F|  |TAMS 0x0000000095700000, 0x0000000095700000| Untracked 
| 344|0x0000000095800000, 0x0000000095800000, 0x0000000095900000|  0%| F|  |TAMS 0x0000000095800000, 0x0000000095800000| Untracked 
| 345|0x0000000095900000, 0x0000000095900000, 0x0000000095a00000|  0%| F|  |TAMS 0x0000000095900000, 0x0000000095900000| Untracked 
| 346|0x0000000095a00000, 0x0000000095a00000, 0x0000000095b00000|  0%| F|  |TAMS 0x0000000095a00000, 0x0000000095a00000| Untracked 
| 347|0x0000000095b00000, 0x0000000095b00000, 0x0000000095c00000|  0%| F|  |TAMS 0x0000000095b00000, 0x0000000095b00000| Untracked 
| 348|0x0000000095c00000, 0x0000000095c00000, 0x0000000095d00000|  0%| F|  |TAMS 0x0000000095c00000, 0x0000000095c00000| Untracked 
| 349|0x0000000095d00000, 0x0000000095d00000, 0x0000000095e00000|  0%| F|  |TAMS 0x0000000095d00000, 0x0000000095d00000| Untracked 
| 350|0x0000000095e00000, 0x0000000095e00000, 0x0000000095f00000|  0%| F|  |TAMS 0x0000000095e00000, 0x0000000095e00000| Untracked 
| 351|0x0000000095f00000, 0x0000000095f00000, 0x0000000096000000|  0%| F|  |TAMS 0x0000000095f00000, 0x0000000095f00000| Untracked 
| 352|0x0000000096000000, 0x0000000096000000, 0x0000000096100000|  0%| F|  |TAMS 0x0000000096000000, 0x0000000096000000| Untracked 
| 353|0x0000000096100000, 0x0000000096100000, 0x0000000096200000|  0%| F|  |TAMS 0x0000000096100000, 0x0000000096100000| Untracked 

Card table byte_map: [0x000002d3f6500000,0x000002d3f6900000] _byte_map_base: 0x000002d3f6100000

Marking Bits (Prev, Next): (CMBitMap*) 0x000002d3e361cfc8, (CMBitMap*) 0x000002d3e361d000
 Prev Bits: [0x000002d3f6d00000, 0x000002d3f8d00000)
 Next Bits: [0x000002d3f8d00000, 0x000002d3fad00000)

Polling page: 0x000002d3e1570000

Metaspace:

Usage:
  Non-class:    113.67 MB capacity,   111.51 MB ( 98%) used,     1.80 MB (  2%) free+waste,   358.31 KB ( <1%) overhead. 
      Class:     16.40 MB capacity,    15.20 MB ( 93%) used,     1.05 MB (  6%) free+waste,   156.25 KB ( <1%) overhead. 
       Both:    130.07 MB capacity,   126.71 MB ( 97%) used,     2.85 MB (  2%) free+waste,   514.56 KB ( <1%) overhead. 

Virtual space:
  Non-class space:      114.00 MB reserved,     113.67 MB (>99%) committed 
      Class space:        1.00 GB reserved,      16.52 MB (  2%) committed 
             Both:        1.11 GB reserved,     130.20 MB ( 11%) committed 

Chunk freelists:
   Non-Class:  6.00 KB
       Class:  4.00 KB
        Both:  10.00 KB

MaxMetaspaceSize: 17179869184.00 GB
CompressedClassSpaceSize: 1.00 GB
Initial GC threshold: 20.80 MB
Current GC threshold: 215.54 MB
CDS: off

CodeHeap 'non-profiled nmethods': size=120064Kb used=13040Kb max_used=13040Kb free=107023Kb
 bounds [0x000002d3eebc0000, 0x000002d3ef880000, 0x000002d3f6100000]
CodeHeap 'profiled nmethods': size=120000Kb used=46931Kb max_used=46931Kb free=73068Kb
 bounds [0x000002d3e7690000, 0x000002d3ea470000, 0x000002d3eebc0000]
CodeHeap 'non-nmethods': size=5696Kb used=2525Kb max_used=2578Kb free=3170Kb
 bounds [0x000002d3e7100000, 0x000002d3e73a0000, 0x000002d3e7690000]
 total_blobs=21944 nmethods=20864 adapters=990
 compilation: enabled
              stopped_count=0, restarted_count=0
 full_count=0

Compilation events (20 events):
Event: 438.917 Thread 0x000002d3fd206000 22955 %     3       com.sun.tools.javac.comp.Attr::enclosingInitEnv @ 0 (110 bytes)
Event: 438.918 Thread 0x000002d3fd206000 nmethod 22955% 0x000002d3ea462510 code [0x000002d3ea462760, 0x000002d3ea463068]
Event: 438.918 Thread 0x000002d3fd206000 22957   !   2       com.sun.tools.javac.comp.Flow$AssignAnalyzer::visitClassDef (575 bytes)
Event: 438.920 Thread 0x000002d3fd206000 nmethod 22957 0x000002d3ea463410 code [0x000002d3ea463760, 0x000002d3ea464c28]
Event: 438.922 Thread 0x000002d3fd206000 22959       2       com.sun.tools.javac.comp.ArgumentAttr::setResult (30 bytes)
Event: 438.922 Thread 0x000002d3fd206000 nmethod 22959 0x000002d3ea465b10 code [0x000002d3ea465cc0, 0x000002d3ea465ed8]
Event: 438.926 Thread 0x000002d3fd206000 22962       2       com.sun.tools.javac.comp.TransTypes::cast (97 bytes)
Event: 438.927 Thread 0x000002d3fd206000 nmethod 22962 0x000002d3ea466010 code [0x000002d3ea466220, 0x000002d3ea466698]
Event: 438.929 Thread 0x000002d3fd206000 22964       2       com.sun.tools.javac.comp.ArgumentAttr$ResolvedMemberType::overloadCheck (85 bytes)
Event: 438.930 Thread 0x000002d3fd206000 nmethod 22964 0x000002d3ea466990 code [0x000002d3ea466ba0, 0x000002d3ea466e88]
Event: 438.930 Thread 0x000002d3fd206000 22965       2       com.sun.tools.javac.comp.ArgumentAttr$ResolvedMethodType::methodType (14 bytes)
Event: 438.930 Thread 0x000002d3fd206000 nmethod 22965 0x000002d3ea467110 code [0x000002d3ea4672c0, 0x000002d3ea4673f8]
Event: 438.931 Thread 0x000002d3fd206000 22967   !   2       com.sun.tools.javac.api.ClientCodeWrapper$WrappedJavaFileManager::getJavaFileForOutput (46 bytes)
Event: 438.931 Thread 0x000002d3fd206000 nmethod 22967 0x000002d3ea467510 code [0x000002d3ea467700, 0x000002d3ea467ab8]
Event: 438.931 Thread 0x000002d3fd206000 22968       2       javax.tools.ForwardingJavaFileManager::getJavaFileForOutput (15 bytes)
Event: 438.931 Thread 0x000002d3fd206000 nmethod 22968 0x000002d3ea467e10 code [0x000002d3ea467fc0, 0x000002d3ea4680e8]
Event: 438.932 Thread 0x000002d3fd206000 22969       2       com.sun.tools.javac.file.BaseFileManager::flushCache (12 bytes)
Event: 438.933 Thread 0x000002d3fd206000 nmethod 22969 0x000002d3ea468190 code [0x000002d3ea468340, 0x000002d3ea468468]
Event: 438.933 Thread 0x000002d3fd206000 22970   !   2       com.sun.tools.javac.file.PathFileObject::ensureParentDirectoriesExist (62 bytes)
Event: 438.933 Thread 0x000002d3fd206000 nmethod 22970 0x000002d3ea468510 code [0x000002d3ea468700, 0x000002d3ea468a98]

GC Heap History (20 events):
Event: 434.607 GC heap after
{Heap after GC invocations=77 (full 0):
 garbage-first heap   total 253952K, used 190393K [0x0000000080000000, 0x0000000100000000)
  region size 1024K, 3 young (3072K), 3 survivors (3072K)
 Metaspace       used 127572K, capacity 130890K, committed 131016K, reserved 1163264K
  class space    used 15389K, capacity 16594K, committed 16664K, reserved 1048576K
}
Event: 435.385 GC heap before
{Heap before GC invocations=77 (full 0):
 garbage-first heap   total 253952K, used 212921K [0x0000000080000000, 0x0000000100000000)
  region size 1024K, 25 young (25600K), 3 survivors (3072K)
 Metaspace       used 128255K, capacity 131568K, committed 131912K, reserved 1165312K
  class space    used 15457K, capacity 16692K, committed 16792K, reserved 1048576K
}
Event: 435.391 GC heap after
{Heap after GC invocations=78 (full 0):
 garbage-first heap   total 253952K, used 191722K [0x0000000080000000, 0x0000000100000000)
  region size 1024K, 3 young (3072K), 3 survivors (3072K)
 Metaspace       used 128255K, capacity 131568K, committed 131912K, reserved 1165312K
  class space    used 15457K, capacity 16692K, committed 16792K, reserved 1048576K
}
Event: 435.740 GC heap before
{Heap before GC invocations=78 (full 0):
 garbage-first heap   total 253952K, used 214250K [0x0000000080000000, 0x0000000100000000)
  region size 1024K, 26 young (26624K), 3 survivors (3072K)
 Metaspace       used 128788K, capacity 132138K, committed 132424K, reserved 1165312K
  class space    used 15489K, capacity 16731K, committed 16792K, reserved 1048576K
}
Event: 435.760 GC heap after
{Heap after GC invocations=79 (full 0):
 garbage-first heap   total 253952K, used 194367K [0x0000000080000000, 0x0000000100000000)
  region size 1024K, 4 young (4096K), 4 survivors (4096K)
 Metaspace       used 128788K, capacity 132138K, committed 132424K, reserved 1165312K
  class space    used 15489K, capacity 16731K, committed 16792K, reserved 1048576K
}
Event: 435.994 GC heap before
{Heap before GC invocations=79 (full 0):
 garbage-first heap   total 253952K, used 215871K [0x0000000080000000, 0x0000000100000000)
  region size 1024K, 26 young (26624K), 4 survivors (4096K)
 Metaspace       used 128845K, capacity 132141K, committed 132424K, reserved 1165312K
  class space    used 15489K, capacity 16731K, committed 16792K, reserved 1048576K
}
Event: 436.014 GC heap after
{Heap after GC invocations=80 (full 0):
 garbage-first heap   total 253952K, used 199562K [0x0000000080000000, 0x0000000100000000)
  region size 1024K, 4 young (4096K), 4 survivors (4096K)
 Metaspace       used 128845K, capacity 132141K, committed 132424K, reserved 1165312K
  class space    used 15489K, capacity 16731K, committed 16792K, reserved 1048576K
}
Event: 436.158 GC heap before
{Heap before GC invocations=80 (full 0):
 garbage-first heap   total 253952K, used 219018K [0x0000000080000000, 0x0000000100000000)
  region size 1024K, 23 young (23552K), 4 survivors (4096K)
 Metaspace       used 128857K, capacity 132207K, committed 132424K, reserved 1165312K
  class space    used 15489K, capacity 16731K, committed 16792K, reserved 1048576K
}
Event: 436.172 GC heap after
{Heap after GC invocations=81 (full 0):
 garbage-first heap   total 253952K, used 202867K [0x0000000080000000, 0x0000000100000000)
  region size 1024K, 3 young (3072K), 3 survivors (3072K)
 Metaspace       used 128857K, capacity 132207K, committed 132424K, reserved 1165312K
  class space    used 15489K, capacity 16731K, committed 16792K, reserved 1048576K
}
Event: 436.359 GC heap before
{Heap before GC invocations=81 (full 0):
 garbage-first heap   total 253952K, used 220275K [0x0000000080000000, 0x0000000100000000)
  region size 1024K, 20 young (20480K), 3 survivors (3072K)
 Metaspace       used 128873K, capacity 132208K, committed 132424K, reserved 1165312K
  class space    used 15489K, capacity 16731K, committed 16792K, reserved 1048576K
}
Event: 436.376 GC heap after
{Heap after GC invocations=82 (full 0):
 garbage-first heap   total 362496K, used 204732K [0x0000000080000000, 0x0000000100000000)
  region size 1024K, 2 young (2048K), 2 survivors (2048K)
 Metaspace       used 128873K, capacity 132208K, committed 132424K, reserved 1165312K
  class space    used 15489K, capacity 16731K, committed 16792K, reserved 1048576K
}
Event: 436.814 GC heap before
{Heap before GC invocations=83 (full 0):
 garbage-first heap   total 362496K, used 271292K [0x0000000080000000, 0x0000000100000000)
  region size 1024K, 67 young (68608K), 2 survivors (2048K)
 Metaspace       used 128939K, capacity 132278K, committed 132424K, reserved 1165312K
  class space    used 15489K, capacity 16731K, committed 16792K, reserved 1048576K
}
Event: 436.876 GC heap after
{Heap after GC invocations=84 (full 0):
 garbage-first heap   total 362496K, used 234496K [0x0000000080000000, 0x0000000100000000)
  region size 1024K, 9 young (9216K), 9 survivors (9216K)
 Metaspace       used 128939K, capacity 132278K, committed 132424K, reserved 1165312K
  class space    used 15489K, capacity 16731K, committed 16792K, reserved 1048576K
}
Event: 437.486 GC heap before
{Heap before GC invocations=84 (full 0):
 garbage-first heap   total 362496K, used 279552K [0x0000000080000000, 0x0000000100000000)
  region size 1024K, 53 young (54272K), 9 survivors (9216K)
 Metaspace       used 128945K, capacity 132278K, committed 132424K, reserved 1165312K
  class space    used 15489K, capacity 16731K, committed 16792K, reserved 1048576K
}
Event: 437.512 GC heap after
{Heap after GC invocations=85 (full 0):
 garbage-first heap   total 362496K, used 238431K [0x0000000080000000, 0x0000000100000000)
  region size 1024K, 4 young (4096K), 4 survivors (4096K)
 Metaspace       used 128945K, capacity 132278K, committed 132424K, reserved 1165312K
  class space    used 15489K, capacity 16731K, committed 16792K, reserved 1048576K
}
Event: 437.750 GC heap before
{Heap before GC invocations=85 (full 0):
 garbage-first heap   total 362496K, used 284511K [0x0000000080000000, 0x0000000100000000)
  region size 1024K, 49 young (50176K), 4 survivors (4096K)
 Metaspace       used 128966K, capacity 132342K, committed 132424K, reserved 1165312K
  class space    used 15491K, capacity 16731K, committed 16792K, reserved 1048576K
}
Event: 437.758 GC heap after
{Heap after GC invocations=86 (full 0):
 garbage-first heap   total 362496K, used 238666K [0x0000000080000000, 0x0000000100000000)
  region size 1024K, 4 young (4096K), 4 survivors (4096K)
 Metaspace       used 128966K, capacity 132342K, committed 132424K, reserved 1165312K
  class space    used 15491K, capacity 16731K, committed 16792K, reserved 1048576K
}
Event: 438.021 GC heap before
{Heap before GC invocations=86 (full 0):
 garbage-first heap   total 362496K, used 288842K [0x0000000080000000, 0x0000000100000000)
  region size 1024K, 53 young (54272K), 4 survivors (4096K)
 Metaspace       used 128967K, capacity 132343K, committed 132424K, reserved 1165312K
  class space    used 15491K, capacity 16731K, committed 16792K, reserved 1048576K
}
Event: 438.034 GC heap after
{Heap after GC invocations=87 (full 0):
 garbage-first heap   total 362496K, used 242176K [0x0000000080000000, 0x0000000100000000)
  region size 1024K, 7 young (7168K), 7 survivors (7168K)
 Metaspace       used 128967K, capacity 132343K, committed 132424K, reserved 1165312K
  class space    used 15491K, capacity 16731K, committed 16792K, reserved 1048576K
}
Event: 438.969 GC heap before
{Heap before GC invocations=87 (full 0):
 garbage-first heap   total 362496K, used 293376K [0x0000000080000000, 0x0000000100000000)
  region size 1024K, 57 young (58368K), 7 survivors (7168K)
 Metaspace       used 129754K, capacity 133190K, committed 133320K, reserved 1165312K
  class space    used 15563K, capacity 16796K, committed 16920K, reserved 1048576K
}

Deoptimization events (20 events):
Event: 438.555 Thread 0x000002d3826b4800 Uncommon trap: trap_request=0xffffff4d fr.pc=0x000002d3ef85c4b0 relative=0x0000000000001630
Event: 438.555 Thread 0x000002d3826b4800 Uncommon trap: reason=unstable_if action=reinterpret pc=0x000002d3ef85c4b0 method=com.sun.tools.javac.code.Types.capture(Lcom/sun/tools/javac/code/Type;)Lcom/sun/tools/javac/code/Type; @ 78 c2
Event: 438.555 Thread 0x000002d3826b4800 DEOPT PACKING pc=0x000002d3ef85c4b0 sp=0x000000f43caf8cb0
Event: 438.555 Thread 0x000002d3826b4800 DEOPT UNPACKING pc=0x000002d3e71085af sp=0x000000f43caf8c60 mode 2
Event: 438.619 Thread 0x000002d3826b4800 DEOPT PACKING pc=0x000002d3e9bb1250 sp=0x000000f43caf6f60
Event: 438.619 Thread 0x000002d3826b4800 DEOPT UNPACKING pc=0x000002d3e7149d0e sp=0x000000f43caf6480 mode 0
Event: 438.638 Thread 0x000002d3826b4800 Uncommon trap: trap_request=0xffffff4d fr.pc=0x000002d3ef80b388 relative=0x0000000000000c88
Event: 438.638 Thread 0x000002d3826b4800 Uncommon trap: reason=unstable_if action=reinterpret pc=0x000002d3ef80b388 method=com.sun.tools.javac.code.Types$15.visitClassType(Lcom/sun/tools/javac/code/Type$ClassType;Ljava/lang/Void;)Lcom/sun/tools/javac/code/Type; @ 43 c2
Event: 438.638 Thread 0x000002d3826b4800 DEOPT PACKING pc=0x000002d3ef80b388 sp=0x000000f43caf97a0
Event: 438.638 Thread 0x000002d3826b4800 DEOPT UNPACKING pc=0x000002d3e71085af sp=0x000000f43caf9760 mode 2
Event: 438.756 Thread 0x000002d3826b4800 DEOPT PACKING pc=0x000002d3e9cfe28c sp=0x000000f43caf9eb0
Event: 438.756 Thread 0x000002d3826b4800 DEOPT UNPACKING pc=0x000002d3e7149d0e sp=0x000000f43caf93c8 mode 0
Event: 438.874 Thread 0x000002d3826b4800 DEOPT PACKING pc=0x000002d3ea376365 sp=0x000000f43caf9b40
Event: 438.874 Thread 0x000002d3826b4800 DEOPT UNPACKING pc=0x000002d3e7149d0e sp=0x000000f43caf8fe0 mode 0
Event: 438.875 Thread 0x000002d3826b4800 DEOPT PACKING pc=0x000002d3e9d9b90d sp=0x000000f43caf9d50
Event: 438.875 Thread 0x000002d3826b4800 DEOPT UNPACKING pc=0x000002d3e7149d0e sp=0x000000f43caf91d0 mode 0
Event: 438.898 Thread 0x000002d3826b4800 DEOPT PACKING pc=0x000002d3e9d9d6a2 sp=0x000000f43caf9ac0
Event: 438.898 Thread 0x000002d3826b4800 DEOPT UNPACKING pc=0x000002d3e7149d0e sp=0x000000f43caf8fc0 mode 0
Event: 438.930 Thread 0x000002d3826b4800 DEOPT PACKING pc=0x000002d3e9fae86d sp=0x000000f43caf9950
Event: 438.930 Thread 0x000002d3826b4800 DEOPT UNPACKING pc=0x000002d3e7149d0e sp=0x000000f43caf8de0 mode 0

Classes redefined (0 events):
No events

Internal exceptions (20 events):
Event: 438.853 Thread 0x000002d3826b4800 Exception <a 'sun/nio/fs/WindowsException'{0x00000000935aece0}> (0x00000000935aece0) thrown at [./src/hotspot/share/prims/jni.cpp, line 616]
Event: 438.859 Thread 0x000002d3826b4800 Exception <a 'sun/nio/fs/WindowsException'{0x00000000935ec9a0}> (0x00000000935ec9a0) thrown at [./src/hotspot/share/prims/jni.cpp, line 616]
Event: 438.867 Thread 0x000002d3826b4800 Exception <a 'sun/nio/fs/WindowsException'{0x0000000093440620}> (0x0000000093440620) thrown at [./src/hotspot/share/prims/jni.cpp, line 616]
Event: 438.872 Thread 0x000002d3826b4800 Exception <a 'sun/nio/fs/WindowsException'{0x000000009348a288}> (0x000000009348a288) thrown at [./src/hotspot/share/prims/jni.cpp, line 616]
Event: 438.876 Thread 0x000002d3826b4800 Exception <a 'sun/nio/fs/WindowsException'{0x00000000934d0960}> (0x00000000934d0960) thrown at [./src/hotspot/share/prims/jni.cpp, line 616]
Event: 438.881 Thread 0x000002d3826b4800 Exception <a 'sun/nio/fs/WindowsException'{0x000000009331a790}> (0x000000009331a790) thrown at [./src/hotspot/share/prims/jni.cpp, line 616]
Event: 438.885 Thread 0x000002d3826b4800 Exception <a 'sun/nio/fs/WindowsException'{0x0000000093359c10}> (0x0000000093359c10) thrown at [./src/hotspot/share/prims/jni.cpp, line 616]
Event: 438.892 Thread 0x000002d3826b4800 Exception <a 'sun/nio/fs/WindowsException'{0x000000009339d498}> (0x000000009339d498) thrown at [./src/hotspot/share/prims/jni.cpp, line 616]
Event: 438.899 Thread 0x000002d3826b4800 Exception <a 'sun/nio/fs/WindowsException'{0x00000000933dd858}> (0x00000000933dd858) thrown at [./src/hotspot/share/prims/jni.cpp, line 616]
Event: 438.905 Thread 0x000002d3826b4800 Exception <a 'sun/nio/fs/WindowsException'{0x000000009321c8a0}> (0x000000009321c8a0) thrown at [./src/hotspot/share/prims/jni.cpp, line 616]
Event: 438.911 Thread 0x000002d3826b4800 Exception <a 'sun/nio/fs/WindowsException'{0x000000009325a0e8}> (0x000000009325a0e8) thrown at [./src/hotspot/share/prims/jni.cpp, line 616]
Event: 438.918 Thread 0x000002d3826b4800 Exception <a 'sun/nio/fs/WindowsException'{0x0000000093298060}> (0x0000000093298060) thrown at [./src/hotspot/share/prims/jni.cpp, line 616]
Event: 438.924 Thread 0x000002d3826b4800 Exception <a 'sun/nio/fs/WindowsException'{0x00000000932dfdb8}> (0x00000000932dfdb8) thrown at [./src/hotspot/share/prims/jni.cpp, line 616]
Event: 438.927 Thread 0x000002d3826b4800 Exception <a 'sun/nio/fs/WindowsException'{0x0000000093120b50}> (0x0000000093120b50) thrown at [./src/hotspot/share/prims/jni.cpp, line 616]
Event: 438.932 Thread 0x000002d3826b4800 Exception <a 'sun/nio/fs/WindowsException'{0x00000000931672a0}> (0x00000000931672a0) thrown at [./src/hotspot/share/prims/jni.cpp, line 616]
Event: 438.937 Thread 0x000002d3826b4800 Exception <a 'sun/nio/fs/WindowsException'{0x00000000931cbe18}> (0x00000000931cbe18) thrown at [./src/hotspot/share/prims/jni.cpp, line 616]
Event: 438.940 Thread 0x000002d3826b4800 Exception <a 'sun/nio/fs/WindowsException'{0x000000009300d578}> (0x000000009300d578) thrown at [./src/hotspot/share/prims/jni.cpp, line 616]
Event: 438.942 Thread 0x000002d3826b4800 Exception <a 'sun/nio/fs/WindowsException'{0x000000009304ced0}> (0x000000009304ced0) thrown at [./src/hotspot/share/prims/jni.cpp, line 616]
Event: 438.946 Thread 0x000002d3826b4800 Exception <a 'sun/nio/fs/WindowsException'{0x000000009308b190}> (0x000000009308b190) thrown at [./src/hotspot/share/prims/jni.cpp, line 616]
Event: 438.957 Thread 0x000002d3826b4800 Exception <a 'sun/nio/fs/WindowsException'{0x00000000930c8960}> (0x00000000930c8960) thrown at [./src/hotspot/share/prims/jni.cpp, line 616]

Events (20 events):
Event: 438.555 loading class com/sun/tools/javac/code/Symbol
Event: 438.555 loading class com/sun/tools/javac/code/Symbol done
Event: 438.556 loading class com/sun/tools/javac/util/List
Event: 438.556 loading class com/sun/tools/javac/util/List done
Event: 438.556 loading class com/sun/tools/javac/code/Symbol
Event: 438.556 loading class com/sun/tools/javac/code/Symbol done
Event: 438.556 loading class com/sun/tools/javac/util/List
Event: 438.556 loading class com/sun/tools/javac/util/List done
Event: 438.556 loading class com/sun/tools/javac/code/Symbol$MethodSymbol
Event: 438.556 loading class com/sun/tools/javac/code/Symbol$MethodSymbol done
Event: 438.609 Executing VM operation: ICBufferFull
Event: 438.609 Executing VM operation: ICBufferFull done
Event: 438.653 loading class com/sun/tools/javac/tree/JCTree
Event: 438.653 loading class com/sun/tools/javac/tree/JCTree done
Event: 438.653 loading class com/sun/tools/javac/comp/DeferredAttr
Event: 438.653 loading class com/sun/tools/javac/comp/DeferredAttr done
Event: 438.894 Loaded shared library C:\Program Files\Android\Android Studio\jre\bin\nio.dll
Event: 438.904 Executing VM operation: ICBufferFull
Event: 438.904 Executing VM operation: ICBufferFull done
Event: 438.969 Executing VM operation: G1CollectForAllocation


Dynamic libraries:
0x00007ff745f00000 - 0x00007ff745f0a000 	C:\Program Files\Android\Android Studio\jre\bin\java.exe
0x00007fffd4da0000 - 0x00007fffd4fa9000 	C:\Windows\SYSTEM32\ntdll.dll
0x00007fffd48d0000 - 0x00007fffd498e000 	C:\Windows\System32\KERNEL32.DLL
0x00007fffd24d0000 - 0x00007fffd284b000 	C:\Windows\System32\KERNELBASE.dll
0x00007fffd28f0000 - 0x00007fffd2a01000 	C:\Windows\System32\ucrtbase.dll
0x00007fffc7af0000 - 0x00007fffc7b09000 	C:\Program Files\Android\Android Studio\jre\bin\jli.dll
0x00007fffd2f50000 - 0x00007fffd30fd000 	C:\Windows\System32\USER32.dll
0x00007fffd2270000 - 0x00007fffd2296000 	C:\Windows\System32\win32u.dll
0x00007fffd2f20000 - 0x00007fffd2f49000 	C:\Windows\System32\GDI32.dll
0x00007fffd2b00000 - 0x00007fffd2c18000 	C:\Windows\System32\gdi32full.dll
0x00007fffd2850000 - 0x00007fffd28ed000 	C:\Windows\System32\msvcp_win.dll
0x00007fffc7100000 - 0x00007fffc7117000 	C:\Program Files\Android\Android Studio\jre\bin\VCRUNTIME140.dll
0x00007fffb7900000 - 0x00007fffb7ba5000 	C:\Windows\WinSxS\amd64_microsoft.windows.common-controls_6595b64144ccf1df_6.0.22000.120_none_9d947278b86cc467\COMCTL32.dll
0x00007fffd4b90000 - 0x00007fffd4c33000 	C:\Windows\System32\msvcrt.dll
0x00007fffd3440000 - 0x00007fffd3472000 	C:\Windows\System32\IMM32.DLL
0x00007fffa6c10000 - 0x00007fffa6cad000 	C:\Program Files\Android\Android Studio\jre\bin\msvcp140.dll
0x00007fff8f7c0000 - 0x00007fff902c2000 	C:\Program Files\Android\Android Studio\jre\bin\server\jvm.dll
0x00007fffd4ae0000 - 0x00007fffd4b8e000 	C:\Windows\System32\ADVAPI32.dll
0x00007fffd2c20000 - 0x00007fffd2cbe000 	C:\Windows\System32\sechost.dll
0x00007fffd3310000 - 0x00007fffd3430000 	C:\Windows\System32\RPCRT4.dll
0x00007fffd3b40000 - 0x00007fffd3b48000 	C:\Windows\System32\PSAPI.DLL
0x00007fffccde0000 - 0x00007fffccde9000 	C:\Windows\SYSTEM32\WSOCK32.dll
0x00007fffd4860000 - 0x00007fffd48cf000 	C:\Windows\System32\WS2_32.dll
0x00007fffcc900000 - 0x00007fffcc933000 	C:\Windows\SYSTEM32\WINMM.dll
0x00007fffc7550000 - 0x00007fffc755a000 	C:\Windows\SYSTEM32\VERSION.dll
0x00007fffd12b0000 - 0x00007fffd12c8000 	C:\Windows\SYSTEM32\kernel.appcore.dll
0x00007fffc4470000 - 0x00007fffc4481000 	C:\Program Files\Android\Android Studio\jre\bin\verify.dll
0x00007fffcfe90000 - 0x00007fffd00b1000 	C:\Windows\SYSTEM32\DBGHELP.DLL
0x00007fffc76e0000 - 0x00007fffc7711000 	C:\Windows\SYSTEM32\dbgcore.DLL
0x00007fffd2a80000 - 0x00007fffd2aff000 	C:\Windows\System32\bcryptPrimitives.dll
0x00007fffc3c50000 - 0x00007fffc3c79000 	C:\Program Files\Android\Android Studio\jre\bin\java.dll
0x00007fffc7720000 - 0x00007fffc772b000 	C:\Program Files\Android\Android Studio\jre\bin\jimage.dll
0x00007fffc3cb0000 - 0x00007fffc3cc8000 	C:\Program Files\Android\Android Studio\jre\bin\zip.dll
0x00007fffd40a0000 - 0x00007fffd4857000 	C:\Windows\System32\SHELL32.dll
0x00007fffd0320000 - 0x00007fffd0b85000 	C:\Windows\SYSTEM32\windows.storage.dll
0x00007fffd3650000 - 0x00007fffd39c8000 	C:\Windows\System32\combase.dll
0x00007fffd01b0000 - 0x00007fffd0316000 	C:\Windows\SYSTEM32\wintypes.dll
0x00007fffd49f0000 - 0x00007fffd4ada000 	C:\Windows\System32\SHCORE.dll
0x00007fffd4990000 - 0x00007fffd49ed000 	C:\Windows\System32\shlwapi.dll
0x00007fffd21a0000 - 0x00007fffd21c1000 	C:\Windows\SYSTEM32\profapi.dll
0x00007fffc3650000 - 0x00007fffc366a000 	C:\Program Files\Android\Android Studio\jre\bin\net.dll
0x00007fffcd180000 - 0x00007fffcd294000 	C:\Windows\SYSTEM32\WINHTTP.dll
0x00007fffd1740000 - 0x00007fffd17a7000 	C:\Windows\system32\mswsock.dll
0x00007fffc32f0000 - 0x00007fffc3304000 	C:\Program Files\Android\Android Studio\jre\bin\nio.dll
0x00007fffcc850000 - 0x00007fffcc876000 	C:\Users\pc\.gradle\native\fdc75f09e3144964f2cf3f50f0aa648679c211496f362492102eb8c894070792\windows-amd64\native-platform.dll
0x00007fffb7d00000 - 0x00007fffb7e91000 	C:\Users\pc\.gradle\native\12488b8bf47d2d4c9fbf2f6322a914ad602e24e48041cd04a747c6da556b65c4\windows-amd64\native-platform-file-events.dll
0x00007fffc7570000 - 0x00007fffc757a000 	C:\Program Files\Android\Android Studio\jre\bin\management.dll
0x00007fffc4460000 - 0x00007fffc446d000 	C:\Program Files\Android\Android Studio\jre\bin\management_ext.dll
0x00007fffd1a20000 - 0x00007fffd1a38000 	C:\Windows\SYSTEM32\CRYPTSP.dll
0x00007fffd1210000 - 0x00007fffd1245000 	C:\Windows\system32\rsaenh.dll
0x00007fffd17e0000 - 0x00007fffd1809000 	C:\Windows\SYSTEM32\USERENV.dll
0x00007fffd1c50000 - 0x00007fffd1c77000 	C:\Windows\SYSTEM32\bcrypt.dll
0x00007fffd1930000 - 0x00007fffd193c000 	C:\Windows\SYSTEM32\CRYPTBASE.dll
0x00007fffd0de0000 - 0x00007fffd0e0d000 	C:\Windows\SYSTEM32\IPHLPAPI.DLL
0x00007fffd3430000 - 0x00007fffd3439000 	C:\Windows\System32\NSI.dll
0x00007fffcd160000 - 0x00007fffcd179000 	C:\Windows\SYSTEM32\dhcpcsvc6.DLL
0x00007fffcd3b0000 - 0x00007fffcd3ce000 	C:\Windows\SYSTEM32\dhcpcsvc.DLL
0x00007fffd0e10000 - 0x00007fffd0ef8000 	C:\Windows\SYSTEM32\DNSAPI.dll
0x00007fffcd660000 - 0x00007fffcd66c000 	C:\Windows\SYSTEM32\WINNSI.DLL
0x00007fffd12d0000 - 0x00007fffd1304000 	C:\Windows\SYSTEM32\ntmarta.dll
0x00007fff945c0000 - 0x00007fff94766000 	C:\Program Files\Android\Android Studio\jre\bin\awt.dll
0x00007fffd3570000 - 0x00007fffd3646000 	C:\Windows\System32\OLEAUT32.dll
0x00007fffcf8b0000 - 0x00007fffcf8df000 	C:\Windows\SYSTEM32\dwmapi.dll
0x00007fffcf390000 - 0x00007fffcf422000 	C:\Windows\SYSTEM32\apphelp.dll
0x00007fffcf510000 - 0x00007fffcf5bc000 	C:\Windows\system32\uxtheme.dll
0x00007fffc3d80000 - 0x00007fffc3d9e000 	C:\Users\pc\AppData\Local\Temp\native-platform10723251807344547710dir\native-platform.dll
0x00007fffccee0000 - 0x00007fffccee8000 	C:\Program Files\Android\Android Studio\jre\bin\rmi.dll

dbghelp: loaded successfully - version: 4.0.5 - missing functions: none
symbol engine: initialized successfully - sym options: 0x614 - pdb path: .;C:\Program Files\Android\Android Studio\jre\bin;C:\Windows\SYSTEM32;C:\Windows\WinSxS\amd64_microsoft.windows.common-controls_6595b64144ccf1df_6.0.22000.120_none_9d947278b86cc467;C:\Program Files\Android\Android Studio\jre\bin\server;C:\Users\pc\.gradle\native\fdc75f09e3144964f2cf3f50f0aa648679c211496f362492102eb8c894070792\windows-amd64;C:\Users\pc\.gradle\native\12488b8bf47d2d4c9fbf2f6322a914ad602e24e48041cd04a747c6da556b65c4\windows-amd64;C:\Users\pc\AppData\Local\Temp\native-platform10723251807344547710dir

VM Arguments:
jvm_args: --add-opens=java.base/java.util=ALL-UNNAMED --add-opens=java.base/java.lang=ALL-UNNAMED --add-opens=java.base/java.lang.invoke=ALL-UNNAMED --add-opens=java.prefs/java.util.prefs=ALL-UNNAMED -Xmx2048m -Dfile.encoding=UTF-8 -Duser.country=IN -Duser.language=en -Duser.variant 
java_command: org.gradle.launcher.daemon.bootstrap.GradleDaemon 6.7
java_class_path (initial): C:\Users\pc\.gradle\wrapper\dists\gradle-6.7-bin\efvqh8uyq79v2n7rcncuhu9sv\gradle-6.7\lib\gradle-launcher-6.7.jar
Launcher Type: SUN_STANDARD

[Global flags]
     intx CICompilerCount                          = 3                                         {product} {ergonomic}
     uint ConcGCThreads                            = 1                                         {product} {ergonomic}
     uint G1ConcRefinementThreads                  = 4                                         {product} {ergonomic}
   size_t G1HeapRegionSize                         = 1048576                                   {product} {ergonomic}
    uintx GCDrainStackTargetSize                   = 64                                        {product} {ergonomic}
   size_t InitialHeapSize                          = 132120576                                 {product} {ergonomic}
   size_t MarkStackSize                            = 4194304                                   {product} {ergonomic}
   size_t MaxHeapSize                              = 2147483648                                {product} {command line}
   size_t MaxNewSize                               = 1287651328                                {product} {ergonomic}
   size_t MinHeapDeltaBytes                        = 1048576                                   {product} {ergonomic}
    uintx NonNMethodCodeHeapSize                   = 5830732                                {pd product} {ergonomic}
    uintx NonProfiledCodeHeapSize                  = 122913754                              {pd product} {ergonomic}
    uintx ProfiledCodeHeapSize                     = 122913754                              {pd product} {ergonomic}
    uintx ReservedCodeCacheSize                    = 251658240                              {pd product} {ergonomic}
     bool SegmentedCodeCache                       = true                                      {product} {ergonomic}
     bool UseCompressedClassPointers               = true                                 {lp64_product} {ergonomic}
     bool UseCompressedOops                        = true                                 {lp64_product} {ergonomic}
     bool UseG1GC                                  = true                                      {product} {ergonomic}
     bool UseLargePagesIndividualAllocation        = false                                  {pd product} {ergonomic}

Logging:
Log output configuration:
 #0: stdout all=warning uptime,level,tags
 #1: stderr all=off uptime,level,tags

Environment Variables:
PATH=C:\Program Files\Common Files\Oracle\Java\javapath;C:\Program Files (x86)\Common Files\Oracle\Java\javapath;C:\Windows\system32;C:\Windows;C:\Windows\System32\Wbem;C:\Windows\System32\WindowsPowerShell\v1.0\;C:\Windows\System32\OpenSSH\;C:\Program Files\Git\cmd;C:\Users\pc\AppData\Local\Microsoft\WindowsApps;
USERNAME=pc
OS=Windows_NT
PROCESSOR_IDENTIFIER=Intel64 Family 6 Model 140 Stepping 1, GenuineIntel



---------------  S Y S T E M  ---------------

OS: Windows 11 , 64 bit Build 22000 (10.0.22000.1335)
OS uptime: 30 days 8:08 hours
Hyper-V role detected

CPU:total 4 (initial active 4) (2 cores per cpu, 2 threads per core) family 6 model 140 stepping 1 microcode 0x86, cmov, cx8, fxsr, mmx, sse, sse2, sse3, ssse3, sse4.1, sse4.2, popcnt, avx, avx2, aes, clmul, erms, 3dnowpref, lzcnt, ht, tsc, tscinvbit, bmi1, bmi2, adx, evex, sha, fma

Memory: 4k page, system-wide physical 7975M (263M free)
TotalPageFile size 32533M (AvailPageFile size 197M)
current process WorkingSet (physical memory assigned to process): 572M, peak: 573M
current process commit charge ("private bytes"): 724M, peak: 1049M

vm_info: OpenJDK 64-Bit Server VM (11.0.13+0-b1751.21-8125866) for windows-amd64 JRE (11.0.13+0-b1751.21-8125866), built on Feb  2 2022 03:00:22 by "builder" with MS VC++ 14.0 (VS2015)

END.
